<?xml version="1.0" encoding="UTF-8"?>
<!-- Generated by org.testng.reporters.JUnitReportReporter -->
<testsuite skipped="0" hostname="AHMnpatel2PJG5J" name="test.propin.TestDateParsing" tests="166" failures="79" timestamp="2020-06-12T18:52:54 IST" time="484.713" errors="0">
  <testcase name="verifyDateParse" time="4.331" classname="test.propin.TestDateParsing">
    <failure type="java.lang.AssertionError" message=" 
 Verification failed getting parsing result as [ Invalid Date ] instead of [ Mon Mar 01 2010 00:00:00 GMT+0000 ] for Enter value is   02 29 2010 expected [true] but found [false]">
      <![CDATA[java.lang.AssertionError:  
 Verification failed getting parsing result as [ Invalid Date ] instead of [ Mon Mar 01 2010 00:00:00 GMT+0000 ] for Enter value is   02 29 2010 expected [true] but found [false]
at org.testng.Assert.fail(Assert.java:97)
at org.testng.Assert.failNotEquals(Assert.java:969)
at org.testng.Assert.assertTrue(Assert.java:43)
at test.propin.TestDateParsing.verifyDateParse(TestDateParsing.java:35)
at sun.reflect.GeneratedMethodAccessor3.invoke(Unknown Source)
at sun.reflect.DelegatingMethodAccessorImpl.invoke(DelegatingMethodAccessorImpl.java:43)
at java.lang.reflect.Method.invoke(Method.java:498)
at org.testng.internal.MethodInvocationHelper.invokeMethod(MethodInvocationHelper.java:134)
at org.testng.internal.TestInvoker.invokeMethod(TestInvoker.java:597)
at org.testng.internal.TestInvoker.invokeTestMethod(TestInvoker.java:173)
at org.testng.internal.MethodRunner.runInSequence(MethodRunner.java:46)
at org.testng.internal.TestInvoker$MethodInvocationAgent.invoke(TestInvoker.java:816)
at org.testng.internal.TestInvoker.invokeTestMethods(TestInvoker.java:146)
at org.testng.internal.TestMethodWorker.invokeTestMethods(TestMethodWorker.java:146)
at org.testng.internal.TestMethodWorker.run(TestMethodWorker.java:128)
at java.util.ArrayList.forEach(ArrayList.java:1257)
at org.testng.TestRunner.privateRun(TestRunner.java:766)
at org.testng.TestRunner.run(TestRunner.java:587)
at org.testng.SuiteRunner.runTest(SuiteRunner.java:384)
at org.testng.SuiteRunner.runSequentially(SuiteRunner.java:378)
at org.testng.SuiteRunner.privateRun(SuiteRunner.java:337)
at org.testng.SuiteRunner.run(SuiteRunner.java:286)
at org.testng.SuiteRunnerWorker.runSuite(SuiteRunnerWorker.java:53)
at org.testng.SuiteRunnerWorker.run(SuiteRunnerWorker.java:96)
at org.testng.TestNG.runSuitesSequentially(TestNG.java:1187)
at org.testng.TestNG.runSuitesLocally(TestNG.java:1109)
at org.testng.TestNG.runSuites(TestNG.java:1039)
at org.testng.TestNG.run(TestNG.java:1007)
at org.apache.maven.surefire.testng.TestNGExecutor.run(TestNGExecutor.java:283)
at org.apache.maven.surefire.testng.TestNGXmlTestSuite.execute(TestNGXmlTestSuite.java:75)
at org.apache.maven.surefire.testng.TestNGProvider.invoke(TestNGProvider.java:120)
at org.apache.maven.surefire.booter.ForkedBooter.invokeProviderInSameClassLoader(ForkedBooter.java:384)
at org.apache.maven.surefire.booter.ForkedBooter.runSuitesInProcess(ForkedBooter.java:345)
at org.apache.maven.surefire.booter.ForkedBooter.execute(ForkedBooter.java:126)
at org.apache.maven.surefire.booter.ForkedBooter.main(ForkedBooter.java:418)
]]>
    </failure>
  </testcase> <!-- verifyDateParse -->
  <system-out>
Enter data   02 29 2010
 Entered value as   02 29 2010
 Tap on Submit
 Submitted
 Verify that parsing result should shown as Invalid Date
  
 Verification failed getting parsing result as [ Invalid Date ] instead of [ Mon Mar 01 2010 00:00:00 GMT+0000 ] for Enter value is   02 29 2010
  </system-out>
  <testcase name="verifyDateParse" time="2.924" classname="test.propin.TestDateParsing">
    <failure type="java.lang.AssertionError" message=" 
 Verification failed getting parsing result as [ Tue Feb 17 2009 00:00:00 GMT+0000 ] instead of [ Invalid date ] for Enter value is -02 -17 -2009 expected [true] but found [false]">
      <![CDATA[java.lang.AssertionError:  
 Verification failed getting parsing result as [ Tue Feb 17 2009 00:00:00 GMT+0000 ] instead of [ Invalid date ] for Enter value is -02 -17 -2009 expected [true] but found [false]
at org.testng.Assert.fail(Assert.java:97)
at org.testng.Assert.failNotEquals(Assert.java:969)
at org.testng.Assert.assertTrue(Assert.java:43)
at test.propin.TestDateParsing.verifyDateParse(TestDateParsing.java:35)
at sun.reflect.GeneratedMethodAccessor3.invoke(Unknown Source)
at sun.reflect.DelegatingMethodAccessorImpl.invoke(DelegatingMethodAccessorImpl.java:43)
at java.lang.reflect.Method.invoke(Method.java:498)
at org.testng.internal.MethodInvocationHelper.invokeMethod(MethodInvocationHelper.java:134)
at org.testng.internal.TestInvoker.invokeMethod(TestInvoker.java:597)
at org.testng.internal.TestInvoker.invokeTestMethod(TestInvoker.java:173)
at org.testng.internal.MethodRunner.runInSequence(MethodRunner.java:46)
at org.testng.internal.TestInvoker$MethodInvocationAgent.invoke(TestInvoker.java:816)
at org.testng.internal.TestInvoker.invokeTestMethods(TestInvoker.java:146)
at org.testng.internal.TestMethodWorker.invokeTestMethods(TestMethodWorker.java:146)
at org.testng.internal.TestMethodWorker.run(TestMethodWorker.java:128)
at java.util.ArrayList.forEach(ArrayList.java:1257)
at org.testng.TestRunner.privateRun(TestRunner.java:766)
at org.testng.TestRunner.run(TestRunner.java:587)
at org.testng.SuiteRunner.runTest(SuiteRunner.java:384)
at org.testng.SuiteRunner.runSequentially(SuiteRunner.java:378)
at org.testng.SuiteRunner.privateRun(SuiteRunner.java:337)
at org.testng.SuiteRunner.run(SuiteRunner.java:286)
at org.testng.SuiteRunnerWorker.runSuite(SuiteRunnerWorker.java:53)
at org.testng.SuiteRunnerWorker.run(SuiteRunnerWorker.java:96)
at org.testng.TestNG.runSuitesSequentially(TestNG.java:1187)
at org.testng.TestNG.runSuitesLocally(TestNG.java:1109)
at org.testng.TestNG.runSuites(TestNG.java:1039)
at org.testng.TestNG.run(TestNG.java:1007)
at org.apache.maven.surefire.testng.TestNGExecutor.run(TestNGExecutor.java:283)
at org.apache.maven.surefire.testng.TestNGXmlTestSuite.execute(TestNGXmlTestSuite.java:75)
at org.apache.maven.surefire.testng.TestNGProvider.invoke(TestNGProvider.java:120)
at org.apache.maven.surefire.booter.ForkedBooter.invokeProviderInSameClassLoader(ForkedBooter.java:384)
at org.apache.maven.surefire.booter.ForkedBooter.runSuitesInProcess(ForkedBooter.java:345)
at org.apache.maven.surefire.booter.ForkedBooter.execute(ForkedBooter.java:126)
at org.apache.maven.surefire.booter.ForkedBooter.main(ForkedBooter.java:418)
]]>
    </failure>
  </testcase> <!-- verifyDateParse -->
  <system-out>
Enter data -02 -17 -2009
 Entered value as -02 -17 -2009
 Tap on Submit
 Submitted
 Verify that parsing result should shown as Tue Feb 17 2009 00:00:00 GMT+0000
  
 Verification failed getting parsing result as [ Tue Feb 17 2009 00:00:00 GMT+0000 ] instead of [ Invalid date ] for Enter value is -02 -17 -2009
  </system-out>
  <testcase name="verifyDateParse" time="2.842" classname="test.propin.TestDateParsing">
    <failure type="java.lang.AssertionError" message=" 
 Verification failed getting parsing result as [ Mon Dec 02 2002 00:00:00 GMT+0000 ] instead of [ Tue Feb 12 2002 00:00:00 GMT+0000 ] for Enter value is 02/12/0002 expected [true] but found [false]">
      <![CDATA[java.lang.AssertionError:  
 Verification failed getting parsing result as [ Mon Dec 02 2002 00:00:00 GMT+0000 ] instead of [ Tue Feb 12 2002 00:00:00 GMT+0000 ] for Enter value is 02/12/0002 expected [true] but found [false]
at org.testng.Assert.fail(Assert.java:97)
at org.testng.Assert.failNotEquals(Assert.java:969)
at org.testng.Assert.assertTrue(Assert.java:43)
at test.propin.TestDateParsing.verifyDateParse(TestDateParsing.java:35)
at sun.reflect.GeneratedMethodAccessor3.invoke(Unknown Source)
at sun.reflect.DelegatingMethodAccessorImpl.invoke(DelegatingMethodAccessorImpl.java:43)
at java.lang.reflect.Method.invoke(Method.java:498)
at org.testng.internal.MethodInvocationHelper.invokeMethod(MethodInvocationHelper.java:134)
at org.testng.internal.TestInvoker.invokeMethod(TestInvoker.java:597)
at org.testng.internal.TestInvoker.invokeTestMethod(TestInvoker.java:173)
at org.testng.internal.MethodRunner.runInSequence(MethodRunner.java:46)
at org.testng.internal.TestInvoker$MethodInvocationAgent.invoke(TestInvoker.java:816)
at org.testng.internal.TestInvoker.invokeTestMethods(TestInvoker.java:146)
at org.testng.internal.TestMethodWorker.invokeTestMethods(TestMethodWorker.java:146)
at org.testng.internal.TestMethodWorker.run(TestMethodWorker.java:128)
at java.util.ArrayList.forEach(ArrayList.java:1257)
at org.testng.TestRunner.privateRun(TestRunner.java:766)
at org.testng.TestRunner.run(TestRunner.java:587)
at org.testng.SuiteRunner.runTest(SuiteRunner.java:384)
at org.testng.SuiteRunner.runSequentially(SuiteRunner.java:378)
at org.testng.SuiteRunner.privateRun(SuiteRunner.java:337)
at org.testng.SuiteRunner.run(SuiteRunner.java:286)
at org.testng.SuiteRunnerWorker.runSuite(SuiteRunnerWorker.java:53)
at org.testng.SuiteRunnerWorker.run(SuiteRunnerWorker.java:96)
at org.testng.TestNG.runSuitesSequentially(TestNG.java:1187)
at org.testng.TestNG.runSuitesLocally(TestNG.java:1109)
at org.testng.TestNG.runSuites(TestNG.java:1039)
at org.testng.TestNG.run(TestNG.java:1007)
at org.apache.maven.surefire.testng.TestNGExecutor.run(TestNGExecutor.java:283)
at org.apache.maven.surefire.testng.TestNGXmlTestSuite.execute(TestNGXmlTestSuite.java:75)
at org.apache.maven.surefire.testng.TestNGProvider.invoke(TestNGProvider.java:120)
at org.apache.maven.surefire.booter.ForkedBooter.invokeProviderInSameClassLoader(ForkedBooter.java:384)
at org.apache.maven.surefire.booter.ForkedBooter.runSuitesInProcess(ForkedBooter.java:345)
at org.apache.maven.surefire.booter.ForkedBooter.execute(ForkedBooter.java:126)
at org.apache.maven.surefire.booter.ForkedBooter.main(ForkedBooter.java:418)
]]>
    </failure>
  </testcase> <!-- verifyDateParse -->
  <system-out>
Enter data 02/12/0002
 Entered value as 02/12/0002
 Tap on Submit
 Submitted
 Verify that parsing result should shown as Mon Dec 02 2002 00:00:00 GMT+0000
  
 Verification failed getting parsing result as [ Mon Dec 02 2002 00:00:00 GMT+0000 ] instead of [ Tue Feb 12 2002 00:00:00 GMT+0000 ] for Enter value is 02/12/0002
  </system-out>
  <testcase name="verifyDateParse" time="2.926" classname="test.propin.TestDateParsing"/>
  <system-out>
Enter data 2012 2 29
 Entered value as 2012 2 29
 Tap on Submit
 Submitted
 Verify that parsing result should shown as Wed Feb 29 2012 00:00:00 GMT+0000
  </system-out>
  <testcase name="verifyDateParse" time="2.841" classname="test.propin.TestDateParsing"/>
  <system-out>
Enter data 12/02/0002
 Entered value as 12/02/0002
 Tap on Submit
 Submitted
 Verify that parsing result should shown as Mon Dec 02 2002 00:00:00 GMT+0000
  </system-out>
  <testcase name="verifyDateParse" time="2.823" classname="test.propin.TestDateParsing"/>
  <system-out>
Enter data 2012 Feb 29
 Entered value as 2012 Feb 29
 Tap on Submit
 Submitted
 Verify that parsing result should shown as Wed Feb 29 2012 00:00:00 GMT+0000
  </system-out>
  <testcase name="verifyDateParse" time="2.829" classname="test.propin.TestDateParsing">
    <failure type="java.lang.AssertionError" message=" 
 Verification failed getting parsing result as [ Invalid Date ] instead of [ Fri May 01 2009 00:00:00 GMT+0000 ] for Enter value is 2009 Apr 31 expected [true] but found [false]">
      <![CDATA[java.lang.AssertionError:  
 Verification failed getting parsing result as [ Invalid Date ] instead of [ Fri May 01 2009 00:00:00 GMT+0000 ] for Enter value is 2009 Apr 31 expected [true] but found [false]
at org.testng.Assert.fail(Assert.java:97)
at org.testng.Assert.failNotEquals(Assert.java:969)
at org.testng.Assert.assertTrue(Assert.java:43)
at test.propin.TestDateParsing.verifyDateParse(TestDateParsing.java:35)
at sun.reflect.GeneratedMethodAccessor3.invoke(Unknown Source)
at sun.reflect.DelegatingMethodAccessorImpl.invoke(DelegatingMethodAccessorImpl.java:43)
at java.lang.reflect.Method.invoke(Method.java:498)
at org.testng.internal.MethodInvocationHelper.invokeMethod(MethodInvocationHelper.java:134)
at org.testng.internal.TestInvoker.invokeMethod(TestInvoker.java:597)
at org.testng.internal.TestInvoker.invokeTestMethod(TestInvoker.java:173)
at org.testng.internal.MethodRunner.runInSequence(MethodRunner.java:46)
at org.testng.internal.TestInvoker$MethodInvocationAgent.invoke(TestInvoker.java:816)
at org.testng.internal.TestInvoker.invokeTestMethods(TestInvoker.java:146)
at org.testng.internal.TestMethodWorker.invokeTestMethods(TestMethodWorker.java:146)
at org.testng.internal.TestMethodWorker.run(TestMethodWorker.java:128)
at java.util.ArrayList.forEach(ArrayList.java:1257)
at org.testng.TestRunner.privateRun(TestRunner.java:766)
at org.testng.TestRunner.run(TestRunner.java:587)
at org.testng.SuiteRunner.runTest(SuiteRunner.java:384)
at org.testng.SuiteRunner.runSequentially(SuiteRunner.java:378)
at org.testng.SuiteRunner.privateRun(SuiteRunner.java:337)
at org.testng.SuiteRunner.run(SuiteRunner.java:286)
at org.testng.SuiteRunnerWorker.runSuite(SuiteRunnerWorker.java:53)
at org.testng.SuiteRunnerWorker.run(SuiteRunnerWorker.java:96)
at org.testng.TestNG.runSuitesSequentially(TestNG.java:1187)
at org.testng.TestNG.runSuitesLocally(TestNG.java:1109)
at org.testng.TestNG.runSuites(TestNG.java:1039)
at org.testng.TestNG.run(TestNG.java:1007)
at org.apache.maven.surefire.testng.TestNGExecutor.run(TestNGExecutor.java:283)
at org.apache.maven.surefire.testng.TestNGXmlTestSuite.execute(TestNGXmlTestSuite.java:75)
at org.apache.maven.surefire.testng.TestNGProvider.invoke(TestNGProvider.java:120)
at org.apache.maven.surefire.booter.ForkedBooter.invokeProviderInSameClassLoader(ForkedBooter.java:384)
at org.apache.maven.surefire.booter.ForkedBooter.runSuitesInProcess(ForkedBooter.java:345)
at org.apache.maven.surefire.booter.ForkedBooter.execute(ForkedBooter.java:126)
at org.apache.maven.surefire.booter.ForkedBooter.main(ForkedBooter.java:418)
]]>
    </failure>
  </testcase> <!-- verifyDateParse -->
  <system-out>
Enter data 2009 Apr 31
 Entered value as 2009 Apr 31
 Tap on Submit
 Submitted
 Verify that parsing result should shown as Invalid Date
  
 Verification failed getting parsing result as [ Invalid Date ] instead of [ Fri May 01 2009 00:00:00 GMT+0000 ] for Enter value is 2009 Apr 31
  </system-out>
  <testcase name="verifyDateParse" time="2.882" classname="test.propin.TestDateParsing"/>
  <system-out>
Enter data Dec 32, 2009
 Entered value as Dec 32, 2009
 Tap on Submit
 Submitted
 Verify that parsing result should shown as Invalid Date
  </system-out>
  <testcase name="verifyDateParse" time="3.003" classname="test.propin.TestDateParsing"/>
  <system-out>
Enter data 02 17 2009
 Entered value as 02 17 2009
 Tap on Submit
 Submitted
 Verify that parsing result should shown as Tue Feb 17 2009 00:00:00 GMT+0000
  </system-out>
  <testcase name="verifyDateParse" time="2.816" classname="test.propin.TestDateParsing"/>
  <system-out>
Enter data December, 02, 0002
 Entered value as December, 02, 0002
 Tap on Submit
 Submitted
 Verify that parsing result should shown as Mon Dec 02 2002 00:00:00 GMT+0000
  </system-out>
  <testcase name="verifyDateParse" time="2.834" classname="test.propin.TestDateParsing">
    <failure type="java.lang.AssertionError" message=" 
 Verification failed getting parsing result as [ Tue Feb 17 2009 00:00:00 GMT+0000 ] instead of [ Invalid date ] for Enter value is -17/-02/-2009 expected [true] but found [false]">
      <![CDATA[java.lang.AssertionError:  
 Verification failed getting parsing result as [ Tue Feb 17 2009 00:00:00 GMT+0000 ] instead of [ Invalid date ] for Enter value is -17/-02/-2009 expected [true] but found [false]
at org.testng.Assert.fail(Assert.java:97)
at org.testng.Assert.failNotEquals(Assert.java:969)
at org.testng.Assert.assertTrue(Assert.java:43)
at test.propin.TestDateParsing.verifyDateParse(TestDateParsing.java:35)
at sun.reflect.GeneratedMethodAccessor3.invoke(Unknown Source)
at sun.reflect.DelegatingMethodAccessorImpl.invoke(DelegatingMethodAccessorImpl.java:43)
at java.lang.reflect.Method.invoke(Method.java:498)
at org.testng.internal.MethodInvocationHelper.invokeMethod(MethodInvocationHelper.java:134)
at org.testng.internal.TestInvoker.invokeMethod(TestInvoker.java:597)
at org.testng.internal.TestInvoker.invokeTestMethod(TestInvoker.java:173)
at org.testng.internal.MethodRunner.runInSequence(MethodRunner.java:46)
at org.testng.internal.TestInvoker$MethodInvocationAgent.invoke(TestInvoker.java:816)
at org.testng.internal.TestInvoker.invokeTestMethods(TestInvoker.java:146)
at org.testng.internal.TestMethodWorker.invokeTestMethods(TestMethodWorker.java:146)
at org.testng.internal.TestMethodWorker.run(TestMethodWorker.java:128)
at java.util.ArrayList.forEach(ArrayList.java:1257)
at org.testng.TestRunner.privateRun(TestRunner.java:766)
at org.testng.TestRunner.run(TestRunner.java:587)
at org.testng.SuiteRunner.runTest(SuiteRunner.java:384)
at org.testng.SuiteRunner.runSequentially(SuiteRunner.java:378)
at org.testng.SuiteRunner.privateRun(SuiteRunner.java:337)
at org.testng.SuiteRunner.run(SuiteRunner.java:286)
at org.testng.SuiteRunnerWorker.runSuite(SuiteRunnerWorker.java:53)
at org.testng.SuiteRunnerWorker.run(SuiteRunnerWorker.java:96)
at org.testng.TestNG.runSuitesSequentially(TestNG.java:1187)
at org.testng.TestNG.runSuitesLocally(TestNG.java:1109)
at org.testng.TestNG.runSuites(TestNG.java:1039)
at org.testng.TestNG.run(TestNG.java:1007)
at org.apache.maven.surefire.testng.TestNGExecutor.run(TestNGExecutor.java:283)
at org.apache.maven.surefire.testng.TestNGXmlTestSuite.execute(TestNGXmlTestSuite.java:75)
at org.apache.maven.surefire.testng.TestNGProvider.invoke(TestNGProvider.java:120)
at org.apache.maven.surefire.booter.ForkedBooter.invokeProviderInSameClassLoader(ForkedBooter.java:384)
at org.apache.maven.surefire.booter.ForkedBooter.runSuitesInProcess(ForkedBooter.java:345)
at org.apache.maven.surefire.booter.ForkedBooter.execute(ForkedBooter.java:126)
at org.apache.maven.surefire.booter.ForkedBooter.main(ForkedBooter.java:418)
]]>
    </failure>
  </testcase> <!-- verifyDateParse -->
  <system-out>
Enter data -17/-02/-2009
 Entered value as -17/-02/-2009
 Tap on Submit
 Submitted
 Verify that parsing result should shown as Tue Feb 17 2009 00:00:00 GMT+0000
  
 Verification failed getting parsing result as [ Tue Feb 17 2009 00:00:00 GMT+0000 ] instead of [ Invalid date ] for Enter value is -17/-02/-2009
  </system-out>
  <testcase name="verifyDateParse" time="2.869" classname="test.propin.TestDateParsing"/>
  <system-out>
Enter data Dec 02 0002
 Entered value as Dec 02 0002
 Tap on Submit
 Submitted
 Verify that parsing result should shown as Mon Dec 02 2002 00:00:00 GMT+0000
  </system-out>
  <testcase name="verifyDateParse" time="3.172" classname="test.propin.TestDateParsing">
    <failure type="java.lang.AssertionError" message=" 
 Verification failed getting parsing result as [ Invalid Date ] instead of [ Mon Mar 01 2010 00:00:00 GMT+0000 ] for Enter value is    2/29/2010 expected [true] but found [false]">
      <![CDATA[java.lang.AssertionError:  
 Verification failed getting parsing result as [ Invalid Date ] instead of [ Mon Mar 01 2010 00:00:00 GMT+0000 ] for Enter value is    2/29/2010 expected [true] but found [false]
at org.testng.Assert.fail(Assert.java:97)
at org.testng.Assert.failNotEquals(Assert.java:969)
at org.testng.Assert.assertTrue(Assert.java:43)
at test.propin.TestDateParsing.verifyDateParse(TestDateParsing.java:35)
at sun.reflect.GeneratedMethodAccessor3.invoke(Unknown Source)
at sun.reflect.DelegatingMethodAccessorImpl.invoke(DelegatingMethodAccessorImpl.java:43)
at java.lang.reflect.Method.invoke(Method.java:498)
at org.testng.internal.MethodInvocationHelper.invokeMethod(MethodInvocationHelper.java:134)
at org.testng.internal.TestInvoker.invokeMethod(TestInvoker.java:597)
at org.testng.internal.TestInvoker.invokeTestMethod(TestInvoker.java:173)
at org.testng.internal.MethodRunner.runInSequence(MethodRunner.java:46)
at org.testng.internal.TestInvoker$MethodInvocationAgent.invoke(TestInvoker.java:816)
at org.testng.internal.TestInvoker.invokeTestMethods(TestInvoker.java:146)
at org.testng.internal.TestMethodWorker.invokeTestMethods(TestMethodWorker.java:146)
at org.testng.internal.TestMethodWorker.run(TestMethodWorker.java:128)
at java.util.ArrayList.forEach(ArrayList.java:1257)
at org.testng.TestRunner.privateRun(TestRunner.java:766)
at org.testng.TestRunner.run(TestRunner.java:587)
at org.testng.SuiteRunner.runTest(SuiteRunner.java:384)
at org.testng.SuiteRunner.runSequentially(SuiteRunner.java:378)
at org.testng.SuiteRunner.privateRun(SuiteRunner.java:337)
at org.testng.SuiteRunner.run(SuiteRunner.java:286)
at org.testng.SuiteRunnerWorker.runSuite(SuiteRunnerWorker.java:53)
at org.testng.SuiteRunnerWorker.run(SuiteRunnerWorker.java:96)
at org.testng.TestNG.runSuitesSequentially(TestNG.java:1187)
at org.testng.TestNG.runSuitesLocally(TestNG.java:1109)
at org.testng.TestNG.runSuites(TestNG.java:1039)
at org.testng.TestNG.run(TestNG.java:1007)
at org.apache.maven.surefire.testng.TestNGExecutor.run(TestNGExecutor.java:283)
at org.apache.maven.surefire.testng.TestNGXmlTestSuite.execute(TestNGXmlTestSuite.java:75)
at org.apache.maven.surefire.testng.TestNGProvider.invoke(TestNGProvider.java:120)
at org.apache.maven.surefire.booter.ForkedBooter.invokeProviderInSameClassLoader(ForkedBooter.java:384)
at org.apache.maven.surefire.booter.ForkedBooter.runSuitesInProcess(ForkedBooter.java:345)
at org.apache.maven.surefire.booter.ForkedBooter.execute(ForkedBooter.java:126)
at org.apache.maven.surefire.booter.ForkedBooter.main(ForkedBooter.java:418)
]]>
    </failure>
  </testcase> <!-- verifyDateParse -->
  <system-out>
Enter data    2/29/2010
 Entered value as    2/29/2010
 Tap on Submit
 Submitted
 Verify that parsing result should shown as Invalid Date
  
 Verification failed getting parsing result as [ Invalid Date ] instead of [ Mon Mar 01 2010 00:00:00 GMT+0000 ] for Enter value is    2/29/2010
  </system-out>
  <testcase name="verifyDateParse" time="2.845" classname="test.propin.TestDateParsing">
    <failure type="java.lang.AssertionError" message=" 
 Verification failed getting parsing result as [ Mon Dec 02 2002 00:00:00 GMT+0000 ] instead of [ Tue Feb 12 2002 00:00:00 GMT+0000 ] for Enter value is  02/ 12/0002 expected [true] but found [false]">
      <![CDATA[java.lang.AssertionError:  
 Verification failed getting parsing result as [ Mon Dec 02 2002 00:00:00 GMT+0000 ] instead of [ Tue Feb 12 2002 00:00:00 GMT+0000 ] for Enter value is  02/ 12/0002 expected [true] but found [false]
at org.testng.Assert.fail(Assert.java:97)
at org.testng.Assert.failNotEquals(Assert.java:969)
at org.testng.Assert.assertTrue(Assert.java:43)
at test.propin.TestDateParsing.verifyDateParse(TestDateParsing.java:35)
at sun.reflect.GeneratedMethodAccessor3.invoke(Unknown Source)
at sun.reflect.DelegatingMethodAccessorImpl.invoke(DelegatingMethodAccessorImpl.java:43)
at java.lang.reflect.Method.invoke(Method.java:498)
at org.testng.internal.MethodInvocationHelper.invokeMethod(MethodInvocationHelper.java:134)
at org.testng.internal.TestInvoker.invokeMethod(TestInvoker.java:597)
at org.testng.internal.TestInvoker.invokeTestMethod(TestInvoker.java:173)
at org.testng.internal.MethodRunner.runInSequence(MethodRunner.java:46)
at org.testng.internal.TestInvoker$MethodInvocationAgent.invoke(TestInvoker.java:816)
at org.testng.internal.TestInvoker.invokeTestMethods(TestInvoker.java:146)
at org.testng.internal.TestMethodWorker.invokeTestMethods(TestMethodWorker.java:146)
at org.testng.internal.TestMethodWorker.run(TestMethodWorker.java:128)
at java.util.ArrayList.forEach(ArrayList.java:1257)
at org.testng.TestRunner.privateRun(TestRunner.java:766)
at org.testng.TestRunner.run(TestRunner.java:587)
at org.testng.SuiteRunner.runTest(SuiteRunner.java:384)
at org.testng.SuiteRunner.runSequentially(SuiteRunner.java:378)
at org.testng.SuiteRunner.privateRun(SuiteRunner.java:337)
at org.testng.SuiteRunner.run(SuiteRunner.java:286)
at org.testng.SuiteRunnerWorker.runSuite(SuiteRunnerWorker.java:53)
at org.testng.SuiteRunnerWorker.run(SuiteRunnerWorker.java:96)
at org.testng.TestNG.runSuitesSequentially(TestNG.java:1187)
at org.testng.TestNG.runSuitesLocally(TestNG.java:1109)
at org.testng.TestNG.runSuites(TestNG.java:1039)
at org.testng.TestNG.run(TestNG.java:1007)
at org.apache.maven.surefire.testng.TestNGExecutor.run(TestNGExecutor.java:283)
at org.apache.maven.surefire.testng.TestNGXmlTestSuite.execute(TestNGXmlTestSuite.java:75)
at org.apache.maven.surefire.testng.TestNGProvider.invoke(TestNGProvider.java:120)
at org.apache.maven.surefire.booter.ForkedBooter.invokeProviderInSameClassLoader(ForkedBooter.java:384)
at org.apache.maven.surefire.booter.ForkedBooter.runSuitesInProcess(ForkedBooter.java:345)
at org.apache.maven.surefire.booter.ForkedBooter.execute(ForkedBooter.java:126)
at org.apache.maven.surefire.booter.ForkedBooter.main(ForkedBooter.java:418)
]]>
    </failure>
  </testcase> <!-- verifyDateParse -->
  <system-out>
Enter data  02/ 12/0002
 Entered value as  02/ 12/0002
 Tap on Submit
 Submitted
 Verify that parsing result should shown as Mon Dec 02 2002 00:00:00 GMT+0000
  
 Verification failed getting parsing result as [ Mon Dec 02 2002 00:00:00 GMT+0000 ] instead of [ Tue Feb 12 2002 00:00:00 GMT+0000 ] for Enter value is  02/ 12/0002
  </system-out>
  <testcase name="verifyDateParse" time="2.942" classname="test.propin.TestDateParsing">
    <failure type="java.lang.AssertionError" message=" 
 Verification failed getting parsing result as [ Tue Feb 17 2009 00:00:00 GMT+0000 ] instead of [ Invalid date ] for Enter value is -2/-17/-2009 expected [true] but found [false]">
      <![CDATA[java.lang.AssertionError:  
 Verification failed getting parsing result as [ Tue Feb 17 2009 00:00:00 GMT+0000 ] instead of [ Invalid date ] for Enter value is -2/-17/-2009 expected [true] but found [false]
at org.testng.Assert.fail(Assert.java:97)
at org.testng.Assert.failNotEquals(Assert.java:969)
at org.testng.Assert.assertTrue(Assert.java:43)
at test.propin.TestDateParsing.verifyDateParse(TestDateParsing.java:35)
at sun.reflect.GeneratedMethodAccessor3.invoke(Unknown Source)
at sun.reflect.DelegatingMethodAccessorImpl.invoke(DelegatingMethodAccessorImpl.java:43)
at java.lang.reflect.Method.invoke(Method.java:498)
at org.testng.internal.MethodInvocationHelper.invokeMethod(MethodInvocationHelper.java:134)
at org.testng.internal.TestInvoker.invokeMethod(TestInvoker.java:597)
at org.testng.internal.TestInvoker.invokeTestMethod(TestInvoker.java:173)
at org.testng.internal.MethodRunner.runInSequence(MethodRunner.java:46)
at org.testng.internal.TestInvoker$MethodInvocationAgent.invoke(TestInvoker.java:816)
at org.testng.internal.TestInvoker.invokeTestMethods(TestInvoker.java:146)
at org.testng.internal.TestMethodWorker.invokeTestMethods(TestMethodWorker.java:146)
at org.testng.internal.TestMethodWorker.run(TestMethodWorker.java:128)
at java.util.ArrayList.forEach(ArrayList.java:1257)
at org.testng.TestRunner.privateRun(TestRunner.java:766)
at org.testng.TestRunner.run(TestRunner.java:587)
at org.testng.SuiteRunner.runTest(SuiteRunner.java:384)
at org.testng.SuiteRunner.runSequentially(SuiteRunner.java:378)
at org.testng.SuiteRunner.privateRun(SuiteRunner.java:337)
at org.testng.SuiteRunner.run(SuiteRunner.java:286)
at org.testng.SuiteRunnerWorker.runSuite(SuiteRunnerWorker.java:53)
at org.testng.SuiteRunnerWorker.run(SuiteRunnerWorker.java:96)
at org.testng.TestNG.runSuitesSequentially(TestNG.java:1187)
at org.testng.TestNG.runSuitesLocally(TestNG.java:1109)
at org.testng.TestNG.runSuites(TestNG.java:1039)
at org.testng.TestNG.run(TestNG.java:1007)
at org.apache.maven.surefire.testng.TestNGExecutor.run(TestNGExecutor.java:283)
at org.apache.maven.surefire.testng.TestNGXmlTestSuite.execute(TestNGXmlTestSuite.java:75)
at org.apache.maven.surefire.testng.TestNGProvider.invoke(TestNGProvider.java:120)
at org.apache.maven.surefire.booter.ForkedBooter.invokeProviderInSameClassLoader(ForkedBooter.java:384)
at org.apache.maven.surefire.booter.ForkedBooter.runSuitesInProcess(ForkedBooter.java:345)
at org.apache.maven.surefire.booter.ForkedBooter.execute(ForkedBooter.java:126)
at org.apache.maven.surefire.booter.ForkedBooter.main(ForkedBooter.java:418)
]]>
    </failure>
  </testcase> <!-- verifyDateParse -->
  <system-out>
Enter data -2/-17/-2009
 Entered value as -2/-17/-2009
 Tap on Submit
 Submitted
 Verify that parsing result should shown as Tue Feb 17 2009 00:00:00 GMT+0000
  
 Verification failed getting parsing result as [ Tue Feb 17 2009 00:00:00 GMT+0000 ] instead of [ Invalid date ] for Enter value is -2/-17/-2009
  </system-out>
  <testcase name="verifyDateParse" time="2.839" classname="test.propin.TestDateParsing">
    <failure type="java.lang.AssertionError" message=" 
 Verification failed getting parsing result as [ Invalid Date ] instead of [ Fri Feb 01 2019 00:00:00 GMT+0000 ] for Enter value is 2019/02/$$ expected [true] but found [false]">
      <![CDATA[java.lang.AssertionError:  
 Verification failed getting parsing result as [ Invalid Date ] instead of [ Fri Feb 01 2019 00:00:00 GMT+0000 ] for Enter value is 2019/02/$$ expected [true] but found [false]
at org.testng.Assert.fail(Assert.java:97)
at org.testng.Assert.failNotEquals(Assert.java:969)
at org.testng.Assert.assertTrue(Assert.java:43)
at test.propin.TestDateParsing.verifyDateParse(TestDateParsing.java:35)
at sun.reflect.GeneratedMethodAccessor3.invoke(Unknown Source)
at sun.reflect.DelegatingMethodAccessorImpl.invoke(DelegatingMethodAccessorImpl.java:43)
at java.lang.reflect.Method.invoke(Method.java:498)
at org.testng.internal.MethodInvocationHelper.invokeMethod(MethodInvocationHelper.java:134)
at org.testng.internal.TestInvoker.invokeMethod(TestInvoker.java:597)
at org.testng.internal.TestInvoker.invokeTestMethod(TestInvoker.java:173)
at org.testng.internal.MethodRunner.runInSequence(MethodRunner.java:46)
at org.testng.internal.TestInvoker$MethodInvocationAgent.invoke(TestInvoker.java:816)
at org.testng.internal.TestInvoker.invokeTestMethods(TestInvoker.java:146)
at org.testng.internal.TestMethodWorker.invokeTestMethods(TestMethodWorker.java:146)
at org.testng.internal.TestMethodWorker.run(TestMethodWorker.java:128)
at java.util.ArrayList.forEach(ArrayList.java:1257)
at org.testng.TestRunner.privateRun(TestRunner.java:766)
at org.testng.TestRunner.run(TestRunner.java:587)
at org.testng.SuiteRunner.runTest(SuiteRunner.java:384)
at org.testng.SuiteRunner.runSequentially(SuiteRunner.java:378)
at org.testng.SuiteRunner.privateRun(SuiteRunner.java:337)
at org.testng.SuiteRunner.run(SuiteRunner.java:286)
at org.testng.SuiteRunnerWorker.runSuite(SuiteRunnerWorker.java:53)
at org.testng.SuiteRunnerWorker.run(SuiteRunnerWorker.java:96)
at org.testng.TestNG.runSuitesSequentially(TestNG.java:1187)
at org.testng.TestNG.runSuitesLocally(TestNG.java:1109)
at org.testng.TestNG.runSuites(TestNG.java:1039)
at org.testng.TestNG.run(TestNG.java:1007)
at org.apache.maven.surefire.testng.TestNGExecutor.run(TestNGExecutor.java:283)
at org.apache.maven.surefire.testng.TestNGXmlTestSuite.execute(TestNGXmlTestSuite.java:75)
at org.apache.maven.surefire.testng.TestNGProvider.invoke(TestNGProvider.java:120)
at org.apache.maven.surefire.booter.ForkedBooter.invokeProviderInSameClassLoader(ForkedBooter.java:384)
at org.apache.maven.surefire.booter.ForkedBooter.runSuitesInProcess(ForkedBooter.java:345)
at org.apache.maven.surefire.booter.ForkedBooter.execute(ForkedBooter.java:126)
at org.apache.maven.surefire.booter.ForkedBooter.main(ForkedBooter.java:418)
]]>
    </failure>
  </testcase> <!-- verifyDateParse -->
  <system-out>
Enter data 2019/02/$$
 Entered value as 2019/02/$$
 Tap on Submit
 Submitted
 Verify that parsing result should shown as Invalid Date
  
 Verification failed getting parsing result as [ Invalid Date ] instead of [ Fri Feb 01 2019 00:00:00 GMT+0000 ] for Enter value is 2019/02/$$
  </system-out>
  <testcase name="verifyDateParse" time="2.906" classname="test.propin.TestDateParsing">
    <failure type="java.lang.AssertionError" message=" 
 Verification failed getting parsing result as [ Invalid Date ] instead of [ Mon Mar 01 2010 00:00:00 GMT+0000 ] for Enter value is 2010 Feb 29  expected [true] but found [false]">
      <![CDATA[java.lang.AssertionError:  
 Verification failed getting parsing result as [ Invalid Date ] instead of [ Mon Mar 01 2010 00:00:00 GMT+0000 ] for Enter value is 2010 Feb 29  expected [true] but found [false]
at org.testng.Assert.fail(Assert.java:97)
at org.testng.Assert.failNotEquals(Assert.java:969)
at org.testng.Assert.assertTrue(Assert.java:43)
at test.propin.TestDateParsing.verifyDateParse(TestDateParsing.java:35)
at sun.reflect.GeneratedMethodAccessor3.invoke(Unknown Source)
at sun.reflect.DelegatingMethodAccessorImpl.invoke(DelegatingMethodAccessorImpl.java:43)
at java.lang.reflect.Method.invoke(Method.java:498)
at org.testng.internal.MethodInvocationHelper.invokeMethod(MethodInvocationHelper.java:134)
at org.testng.internal.TestInvoker.invokeMethod(TestInvoker.java:597)
at org.testng.internal.TestInvoker.invokeTestMethod(TestInvoker.java:173)
at org.testng.internal.MethodRunner.runInSequence(MethodRunner.java:46)
at org.testng.internal.TestInvoker$MethodInvocationAgent.invoke(TestInvoker.java:816)
at org.testng.internal.TestInvoker.invokeTestMethods(TestInvoker.java:146)
at org.testng.internal.TestMethodWorker.invokeTestMethods(TestMethodWorker.java:146)
at org.testng.internal.TestMethodWorker.run(TestMethodWorker.java:128)
at java.util.ArrayList.forEach(ArrayList.java:1257)
at org.testng.TestRunner.privateRun(TestRunner.java:766)
at org.testng.TestRunner.run(TestRunner.java:587)
at org.testng.SuiteRunner.runTest(SuiteRunner.java:384)
at org.testng.SuiteRunner.runSequentially(SuiteRunner.java:378)
at org.testng.SuiteRunner.privateRun(SuiteRunner.java:337)
at org.testng.SuiteRunner.run(SuiteRunner.java:286)
at org.testng.SuiteRunnerWorker.runSuite(SuiteRunnerWorker.java:53)
at org.testng.SuiteRunnerWorker.run(SuiteRunnerWorker.java:96)
at org.testng.TestNG.runSuitesSequentially(TestNG.java:1187)
at org.testng.TestNG.runSuitesLocally(TestNG.java:1109)
at org.testng.TestNG.runSuites(TestNG.java:1039)
at org.testng.TestNG.run(TestNG.java:1007)
at org.apache.maven.surefire.testng.TestNGExecutor.run(TestNGExecutor.java:283)
at org.apache.maven.surefire.testng.TestNGXmlTestSuite.execute(TestNGXmlTestSuite.java:75)
at org.apache.maven.surefire.testng.TestNGProvider.invoke(TestNGProvider.java:120)
at org.apache.maven.surefire.booter.ForkedBooter.invokeProviderInSameClassLoader(ForkedBooter.java:384)
at org.apache.maven.surefire.booter.ForkedBooter.runSuitesInProcess(ForkedBooter.java:345)
at org.apache.maven.surefire.booter.ForkedBooter.execute(ForkedBooter.java:126)
at org.apache.maven.surefire.booter.ForkedBooter.main(ForkedBooter.java:418)
]]>
    </failure>
  </testcase> <!-- verifyDateParse -->
  <system-out>
Enter data 2010 Feb 29 
 Entered value as 2010 Feb 29 
 Tap on Submit
 Submitted
 Verify that parsing result should shown as Invalid Date
  
 Verification failed getting parsing result as [ Invalid Date ] instead of [ Mon Mar 01 2010 00:00:00 GMT+0000 ] for Enter value is 2010 Feb 29 
  </system-out>
  <testcase name="verifyDateParse" time="2.823" classname="test.propin.TestDateParsing"/>
  <system-out>
Enter data 2012/02/29
 Entered value as 2012/02/29
 Tap on Submit
 Submitted
 Verify that parsing result should shown as Wed Feb 29 2012 00:00:00 GMT+0000
  </system-out>
  <testcase name="verifyDateParse" time="2.803" classname="test.propin.TestDateParsing"/>
  <system-out>
Enter data 17 Feb, 2009
 Entered value as 17 Feb, 2009
 Tap on Submit
 Submitted
 Verify that parsing result should shown as Tue Feb 17 2009 00:00:00 GMT+0000
  </system-out>
  <testcase name="verifyDateParse" time="2.829" classname="test.propin.TestDateParsing"/>
  <system-out>
Enter data 14/17/2009
 Entered value as 14/17/2009
 Tap on Submit
 Submitted
 Verify that parsing result should shown as Invalid Date
  </system-out>
  <testcase name="verifyDateParse" time="2.845" classname="test.propin.TestDateParsing"/>
  <system-out>
Enter data 02/29/2012
 Entered value as 02/29/2012
 Tap on Submit
 Submitted
 Verify that parsing result should shown as Wed Feb 29 2012 00:00:00 GMT+0000
  </system-out>
  <testcase name="verifyDateParse" time="2.932" classname="test.propin.TestDateParsing">
    <failure type="java.lang.AssertionError" message=" 
 Verification failed getting parsing result as [ Invalid Date ] instead of [ Fri May 01 2009 00:00:00 GMT+0000 ] for Enter value is      04 31 2009 expected [true] but found [false]">
      <![CDATA[java.lang.AssertionError:  
 Verification failed getting parsing result as [ Invalid Date ] instead of [ Fri May 01 2009 00:00:00 GMT+0000 ] for Enter value is      04 31 2009 expected [true] but found [false]
at org.testng.Assert.fail(Assert.java:97)
at org.testng.Assert.failNotEquals(Assert.java:969)
at org.testng.Assert.assertTrue(Assert.java:43)
at test.propin.TestDateParsing.verifyDateParse(TestDateParsing.java:35)
at sun.reflect.GeneratedMethodAccessor3.invoke(Unknown Source)
at sun.reflect.DelegatingMethodAccessorImpl.invoke(DelegatingMethodAccessorImpl.java:43)
at java.lang.reflect.Method.invoke(Method.java:498)
at org.testng.internal.MethodInvocationHelper.invokeMethod(MethodInvocationHelper.java:134)
at org.testng.internal.TestInvoker.invokeMethod(TestInvoker.java:597)
at org.testng.internal.TestInvoker.invokeTestMethod(TestInvoker.java:173)
at org.testng.internal.MethodRunner.runInSequence(MethodRunner.java:46)
at org.testng.internal.TestInvoker$MethodInvocationAgent.invoke(TestInvoker.java:816)
at org.testng.internal.TestInvoker.invokeTestMethods(TestInvoker.java:146)
at org.testng.internal.TestMethodWorker.invokeTestMethods(TestMethodWorker.java:146)
at org.testng.internal.TestMethodWorker.run(TestMethodWorker.java:128)
at java.util.ArrayList.forEach(ArrayList.java:1257)
at org.testng.TestRunner.privateRun(TestRunner.java:766)
at org.testng.TestRunner.run(TestRunner.java:587)
at org.testng.SuiteRunner.runTest(SuiteRunner.java:384)
at org.testng.SuiteRunner.runSequentially(SuiteRunner.java:378)
at org.testng.SuiteRunner.privateRun(SuiteRunner.java:337)
at org.testng.SuiteRunner.run(SuiteRunner.java:286)
at org.testng.SuiteRunnerWorker.runSuite(SuiteRunnerWorker.java:53)
at org.testng.SuiteRunnerWorker.run(SuiteRunnerWorker.java:96)
at org.testng.TestNG.runSuitesSequentially(TestNG.java:1187)
at org.testng.TestNG.runSuitesLocally(TestNG.java:1109)
at org.testng.TestNG.runSuites(TestNG.java:1039)
at org.testng.TestNG.run(TestNG.java:1007)
at org.apache.maven.surefire.testng.TestNGExecutor.run(TestNGExecutor.java:283)
at org.apache.maven.surefire.testng.TestNGXmlTestSuite.execute(TestNGXmlTestSuite.java:75)
at org.apache.maven.surefire.testng.TestNGProvider.invoke(TestNGProvider.java:120)
at org.apache.maven.surefire.booter.ForkedBooter.invokeProviderInSameClassLoader(ForkedBooter.java:384)
at org.apache.maven.surefire.booter.ForkedBooter.runSuitesInProcess(ForkedBooter.java:345)
at org.apache.maven.surefire.booter.ForkedBooter.execute(ForkedBooter.java:126)
at org.apache.maven.surefire.booter.ForkedBooter.main(ForkedBooter.java:418)
]]>
    </failure>
  </testcase> <!-- verifyDateParse -->
  <system-out>
Enter data      04 31 2009
 Entered value as      04 31 2009
 Tap on Submit
 Submitted
 Verify that parsing result should shown as Invalid Date
  
 Verification failed getting parsing result as [ Invalid Date ] instead of [ Fri May 01 2009 00:00:00 GMT+0000 ] for Enter value is      04 31 2009
  </system-out>
  <testcase name="verifyDateParse" time="2.802" classname="test.propin.TestDateParsing">
    <failure type="java.lang.AssertionError" message=" 
 Verification failed getting parsing result as [ Invalid Date ] instead of [ Mon Mar 01 2010 00:00:00 GMT+0000 ] for Enter value is 29 Feb, 2010 expected [true] but found [false]">
      <![CDATA[java.lang.AssertionError:  
 Verification failed getting parsing result as [ Invalid Date ] instead of [ Mon Mar 01 2010 00:00:00 GMT+0000 ] for Enter value is 29 Feb, 2010 expected [true] but found [false]
at org.testng.Assert.fail(Assert.java:97)
at org.testng.Assert.failNotEquals(Assert.java:969)
at org.testng.Assert.assertTrue(Assert.java:43)
at test.propin.TestDateParsing.verifyDateParse(TestDateParsing.java:35)
at sun.reflect.GeneratedMethodAccessor3.invoke(Unknown Source)
at sun.reflect.DelegatingMethodAccessorImpl.invoke(DelegatingMethodAccessorImpl.java:43)
at java.lang.reflect.Method.invoke(Method.java:498)
at org.testng.internal.MethodInvocationHelper.invokeMethod(MethodInvocationHelper.java:134)
at org.testng.internal.TestInvoker.invokeMethod(TestInvoker.java:597)
at org.testng.internal.TestInvoker.invokeTestMethod(TestInvoker.java:173)
at org.testng.internal.MethodRunner.runInSequence(MethodRunner.java:46)
at org.testng.internal.TestInvoker$MethodInvocationAgent.invoke(TestInvoker.java:816)
at org.testng.internal.TestInvoker.invokeTestMethods(TestInvoker.java:146)
at org.testng.internal.TestMethodWorker.invokeTestMethods(TestMethodWorker.java:146)
at org.testng.internal.TestMethodWorker.run(TestMethodWorker.java:128)
at java.util.ArrayList.forEach(ArrayList.java:1257)
at org.testng.TestRunner.privateRun(TestRunner.java:766)
at org.testng.TestRunner.run(TestRunner.java:587)
at org.testng.SuiteRunner.runTest(SuiteRunner.java:384)
at org.testng.SuiteRunner.runSequentially(SuiteRunner.java:378)
at org.testng.SuiteRunner.privateRun(SuiteRunner.java:337)
at org.testng.SuiteRunner.run(SuiteRunner.java:286)
at org.testng.SuiteRunnerWorker.runSuite(SuiteRunnerWorker.java:53)
at org.testng.SuiteRunnerWorker.run(SuiteRunnerWorker.java:96)
at org.testng.TestNG.runSuitesSequentially(TestNG.java:1187)
at org.testng.TestNG.runSuitesLocally(TestNG.java:1109)
at org.testng.TestNG.runSuites(TestNG.java:1039)
at org.testng.TestNG.run(TestNG.java:1007)
at org.apache.maven.surefire.testng.TestNGExecutor.run(TestNGExecutor.java:283)
at org.apache.maven.surefire.testng.TestNGXmlTestSuite.execute(TestNGXmlTestSuite.java:75)
at org.apache.maven.surefire.testng.TestNGProvider.invoke(TestNGProvider.java:120)
at org.apache.maven.surefire.booter.ForkedBooter.invokeProviderInSameClassLoader(ForkedBooter.java:384)
at org.apache.maven.surefire.booter.ForkedBooter.runSuitesInProcess(ForkedBooter.java:345)
at org.apache.maven.surefire.booter.ForkedBooter.execute(ForkedBooter.java:126)
at org.apache.maven.surefire.booter.ForkedBooter.main(ForkedBooter.java:418)
]]>
    </failure>
  </testcase> <!-- verifyDateParse -->
  <system-out>
Enter data 29 Feb, 2010
 Entered value as 29 Feb, 2010
 Tap on Submit
 Submitted
 Verify that parsing result should shown as Invalid Date
  
 Verification failed getting parsing result as [ Invalid Date ] instead of [ Mon Mar 01 2010 00:00:00 GMT+0000 ] for Enter value is 29 Feb, 2010
  </system-out>
  <testcase name="verifyDateParse" time="2.901" classname="test.propin.TestDateParsing"/>
  <system-out>
Enter data 02 Dec 0002
 Entered value as 02 Dec 0002
 Tap on Submit
 Submitted
 Verify that parsing result should shown as Mon Dec 02 2002 00:00:00 GMT+0000
  </system-out>
  <testcase name="verifyDateParse" time="3.035" classname="test.propin.TestDateParsing"/>
  <system-out>
Enter data 2/29/2012
 Entered value as 2/29/2012
 Tap on Submit
 Submitted
 Verify that parsing result should shown as Wed Feb 29 2012 00:00:00 GMT+0000
  </system-out>
  <testcase name="verifyDateParse" time="3.047" classname="test.propin.TestDateParsing">
    <failure type="java.lang.AssertionError" message=" 
 Verification failed getting parsing result as [ Invalid Date ] instead of [ Mon Mar 01 2010 00:00:00 GMT+0000 ] for Enter value is 29 Feb 2010 expected [true] but found [false]">
      <![CDATA[java.lang.AssertionError:  
 Verification failed getting parsing result as [ Invalid Date ] instead of [ Mon Mar 01 2010 00:00:00 GMT+0000 ] for Enter value is 29 Feb 2010 expected [true] but found [false]
at org.testng.Assert.fail(Assert.java:97)
at org.testng.Assert.failNotEquals(Assert.java:969)
at org.testng.Assert.assertTrue(Assert.java:43)
at test.propin.TestDateParsing.verifyDateParse(TestDateParsing.java:35)
at sun.reflect.GeneratedMethodAccessor3.invoke(Unknown Source)
at sun.reflect.DelegatingMethodAccessorImpl.invoke(DelegatingMethodAccessorImpl.java:43)
at java.lang.reflect.Method.invoke(Method.java:498)
at org.testng.internal.MethodInvocationHelper.invokeMethod(MethodInvocationHelper.java:134)
at org.testng.internal.TestInvoker.invokeMethod(TestInvoker.java:597)
at org.testng.internal.TestInvoker.invokeTestMethod(TestInvoker.java:173)
at org.testng.internal.MethodRunner.runInSequence(MethodRunner.java:46)
at org.testng.internal.TestInvoker$MethodInvocationAgent.invoke(TestInvoker.java:816)
at org.testng.internal.TestInvoker.invokeTestMethods(TestInvoker.java:146)
at org.testng.internal.TestMethodWorker.invokeTestMethods(TestMethodWorker.java:146)
at org.testng.internal.TestMethodWorker.run(TestMethodWorker.java:128)
at java.util.ArrayList.forEach(ArrayList.java:1257)
at org.testng.TestRunner.privateRun(TestRunner.java:766)
at org.testng.TestRunner.run(TestRunner.java:587)
at org.testng.SuiteRunner.runTest(SuiteRunner.java:384)
at org.testng.SuiteRunner.runSequentially(SuiteRunner.java:378)
at org.testng.SuiteRunner.privateRun(SuiteRunner.java:337)
at org.testng.SuiteRunner.run(SuiteRunner.java:286)
at org.testng.SuiteRunnerWorker.runSuite(SuiteRunnerWorker.java:53)
at org.testng.SuiteRunnerWorker.run(SuiteRunnerWorker.java:96)
at org.testng.TestNG.runSuitesSequentially(TestNG.java:1187)
at org.testng.TestNG.runSuitesLocally(TestNG.java:1109)
at org.testng.TestNG.runSuites(TestNG.java:1039)
at org.testng.TestNG.run(TestNG.java:1007)
at org.apache.maven.surefire.testng.TestNGExecutor.run(TestNGExecutor.java:283)
at org.apache.maven.surefire.testng.TestNGXmlTestSuite.execute(TestNGXmlTestSuite.java:75)
at org.apache.maven.surefire.testng.TestNGProvider.invoke(TestNGProvider.java:120)
at org.apache.maven.surefire.booter.ForkedBooter.invokeProviderInSameClassLoader(ForkedBooter.java:384)
at org.apache.maven.surefire.booter.ForkedBooter.runSuitesInProcess(ForkedBooter.java:345)
at org.apache.maven.surefire.booter.ForkedBooter.execute(ForkedBooter.java:126)
at org.apache.maven.surefire.booter.ForkedBooter.main(ForkedBooter.java:418)
]]>
    </failure>
  </testcase> <!-- verifyDateParse -->
  <system-out>
Enter data 29 Feb 2010
 Entered value as 29 Feb 2010
 Tap on Submit
 Submitted
 Verify that parsing result should shown as Invalid Date
  
 Verification failed getting parsing result as [ Invalid Date ] instead of [ Mon Mar 01 2010 00:00:00 GMT+0000 ] for Enter value is 29 Feb 2010
  </system-out>
  <testcase name="verifyDateParse" time="2.789" classname="test.propin.TestDateParsing">
    <failure type="java.lang.AssertionError" message=" 
 Verification failed getting parsing result as [ Wed Feb 29 2012 00:00:00 GMT+0000 ] instead of [ Invalid date ] for Enter value is 29/2/2012 expected [true] but found [false]">
      <![CDATA[java.lang.AssertionError:  
 Verification failed getting parsing result as [ Wed Feb 29 2012 00:00:00 GMT+0000 ] instead of [ Invalid date ] for Enter value is 29/2/2012 expected [true] but found [false]
at org.testng.Assert.fail(Assert.java:97)
at org.testng.Assert.failNotEquals(Assert.java:969)
at org.testng.Assert.assertTrue(Assert.java:43)
at test.propin.TestDateParsing.verifyDateParse(TestDateParsing.java:35)
at sun.reflect.GeneratedMethodAccessor3.invoke(Unknown Source)
at sun.reflect.DelegatingMethodAccessorImpl.invoke(DelegatingMethodAccessorImpl.java:43)
at java.lang.reflect.Method.invoke(Method.java:498)
at org.testng.internal.MethodInvocationHelper.invokeMethod(MethodInvocationHelper.java:134)
at org.testng.internal.TestInvoker.invokeMethod(TestInvoker.java:597)
at org.testng.internal.TestInvoker.invokeTestMethod(TestInvoker.java:173)
at org.testng.internal.MethodRunner.runInSequence(MethodRunner.java:46)
at org.testng.internal.TestInvoker$MethodInvocationAgent.invoke(TestInvoker.java:816)
at org.testng.internal.TestInvoker.invokeTestMethods(TestInvoker.java:146)
at org.testng.internal.TestMethodWorker.invokeTestMethods(TestMethodWorker.java:146)
at org.testng.internal.TestMethodWorker.run(TestMethodWorker.java:128)
at java.util.ArrayList.forEach(ArrayList.java:1257)
at org.testng.TestRunner.privateRun(TestRunner.java:766)
at org.testng.TestRunner.run(TestRunner.java:587)
at org.testng.SuiteRunner.runTest(SuiteRunner.java:384)
at org.testng.SuiteRunner.runSequentially(SuiteRunner.java:378)
at org.testng.SuiteRunner.privateRun(SuiteRunner.java:337)
at org.testng.SuiteRunner.run(SuiteRunner.java:286)
at org.testng.SuiteRunnerWorker.runSuite(SuiteRunnerWorker.java:53)
at org.testng.SuiteRunnerWorker.run(SuiteRunnerWorker.java:96)
at org.testng.TestNG.runSuitesSequentially(TestNG.java:1187)
at org.testng.TestNG.runSuitesLocally(TestNG.java:1109)
at org.testng.TestNG.runSuites(TestNG.java:1039)
at org.testng.TestNG.run(TestNG.java:1007)
at org.apache.maven.surefire.testng.TestNGExecutor.run(TestNGExecutor.java:283)
at org.apache.maven.surefire.testng.TestNGXmlTestSuite.execute(TestNGXmlTestSuite.java:75)
at org.apache.maven.surefire.testng.TestNGProvider.invoke(TestNGProvider.java:120)
at org.apache.maven.surefire.booter.ForkedBooter.invokeProviderInSameClassLoader(ForkedBooter.java:384)
at org.apache.maven.surefire.booter.ForkedBooter.runSuitesInProcess(ForkedBooter.java:345)
at org.apache.maven.surefire.booter.ForkedBooter.execute(ForkedBooter.java:126)
at org.apache.maven.surefire.booter.ForkedBooter.main(ForkedBooter.java:418)
]]>
    </failure>
  </testcase> <!-- verifyDateParse -->
  <system-out>
Enter data 29/2/2012
 Entered value as 29/2/2012
 Tap on Submit
 Submitted
 Verify that parsing result should shown as Wed Feb 29 2012 00:00:00 GMT+0000
  
 Verification failed getting parsing result as [ Wed Feb 29 2012 00:00:00 GMT+0000 ] instead of [ Invalid date ] for Enter value is 29/2/2012
  </system-out>
  <testcase name="verifyDateParse" time="2.864" classname="test.propin.TestDateParsing"/>
  <system-out>
Enter data  13/ 13/2019
 Entered value as  13/ 13/2019
 Tap on Submit
 Submitted
 Verify that parsing result should shown as Invalid Date
  </system-out>
  <testcase name="verifyDateParse" time="3.648" classname="test.propin.TestDateParsing"/>
  <system-out>
Enter data 17/14/2009
 Entered value as 17/14/2009
 Tap on Submit
 Submitted
 Verify that parsing result should shown as Invalid Date
  </system-out>
  <testcase name="verifyDateParse" time="2.893" classname="test.propin.TestDateParsing"/>
  <system-out>
Enter data 02/17/2009
 Entered value as 02/17/2009
 Tap on Submit
 Submitted
 Verify that parsing result should shown as Tue Feb 17 2009 00:00:00 GMT+0000
  </system-out>
  <testcase name="verifyDateParse" time="2.842" classname="test.propin.TestDateParsing">
    <failure type="java.lang.AssertionError" message=" 
 Verification failed getting parsing result as [ Tue Feb 17 2009 00:00:00 GMT+0000 ] instead of [ Invalid date ] for Enter value is -17 -2 -2009 expected [true] but found [false]">
      <![CDATA[java.lang.AssertionError:  
 Verification failed getting parsing result as [ Tue Feb 17 2009 00:00:00 GMT+0000 ] instead of [ Invalid date ] for Enter value is -17 -2 -2009 expected [true] but found [false]
at org.testng.Assert.fail(Assert.java:97)
at org.testng.Assert.failNotEquals(Assert.java:969)
at org.testng.Assert.assertTrue(Assert.java:43)
at test.propin.TestDateParsing.verifyDateParse(TestDateParsing.java:35)
at sun.reflect.GeneratedMethodAccessor3.invoke(Unknown Source)
at sun.reflect.DelegatingMethodAccessorImpl.invoke(DelegatingMethodAccessorImpl.java:43)
at java.lang.reflect.Method.invoke(Method.java:498)
at org.testng.internal.MethodInvocationHelper.invokeMethod(MethodInvocationHelper.java:134)
at org.testng.internal.TestInvoker.invokeMethod(TestInvoker.java:597)
at org.testng.internal.TestInvoker.invokeTestMethod(TestInvoker.java:173)
at org.testng.internal.MethodRunner.runInSequence(MethodRunner.java:46)
at org.testng.internal.TestInvoker$MethodInvocationAgent.invoke(TestInvoker.java:816)
at org.testng.internal.TestInvoker.invokeTestMethods(TestInvoker.java:146)
at org.testng.internal.TestMethodWorker.invokeTestMethods(TestMethodWorker.java:146)
at org.testng.internal.TestMethodWorker.run(TestMethodWorker.java:128)
at java.util.ArrayList.forEach(ArrayList.java:1257)
at org.testng.TestRunner.privateRun(TestRunner.java:766)
at org.testng.TestRunner.run(TestRunner.java:587)
at org.testng.SuiteRunner.runTest(SuiteRunner.java:384)
at org.testng.SuiteRunner.runSequentially(SuiteRunner.java:378)
at org.testng.SuiteRunner.privateRun(SuiteRunner.java:337)
at org.testng.SuiteRunner.run(SuiteRunner.java:286)
at org.testng.SuiteRunnerWorker.runSuite(SuiteRunnerWorker.java:53)
at org.testng.SuiteRunnerWorker.run(SuiteRunnerWorker.java:96)
at org.testng.TestNG.runSuitesSequentially(TestNG.java:1187)
at org.testng.TestNG.runSuitesLocally(TestNG.java:1109)
at org.testng.TestNG.runSuites(TestNG.java:1039)
at org.testng.TestNG.run(TestNG.java:1007)
at org.apache.maven.surefire.testng.TestNGExecutor.run(TestNGExecutor.java:283)
at org.apache.maven.surefire.testng.TestNGXmlTestSuite.execute(TestNGXmlTestSuite.java:75)
at org.apache.maven.surefire.testng.TestNGProvider.invoke(TestNGProvider.java:120)
at org.apache.maven.surefire.booter.ForkedBooter.invokeProviderInSameClassLoader(ForkedBooter.java:384)
at org.apache.maven.surefire.booter.ForkedBooter.runSuitesInProcess(ForkedBooter.java:345)
at org.apache.maven.surefire.booter.ForkedBooter.execute(ForkedBooter.java:126)
at org.apache.maven.surefire.booter.ForkedBooter.main(ForkedBooter.java:418)
]]>
    </failure>
  </testcase> <!-- verifyDateParse -->
  <system-out>
Enter data -17 -2 -2009
 Entered value as -17 -2 -2009
 Tap on Submit
 Submitted
 Verify that parsing result should shown as Tue Feb 17 2009 00:00:00 GMT+0000
  
 Verification failed getting parsing result as [ Tue Feb 17 2009 00:00:00 GMT+0000 ] instead of [ Invalid date ] for Enter value is -17 -2 -2009
  </system-out>
  <testcase name="verifyDateParse" time="2.805" classname="test.propin.TestDateParsing"/>
  <system-out>
Enter data  2009, Dec 32 
 Entered value as  2009, Dec 32 
 Tap on Submit
 Submitted
 Verify that parsing result should shown as Invalid Date
  </system-out>
  <testcase name="verifyDateParse" time="2.884" classname="test.propin.TestDateParsing"/>
  <system-out>
Enter data 13 13 2019
 Entered value as 13 13 2019
 Tap on Submit
 Submitted
 Verify that parsing result should shown as Invalid Date
  </system-out>
  <testcase name="verifyDateParse" time="2.836" classname="test.propin.TestDateParsing"/>
  <system-out>
Enter data 02/17/2009
 Entered value as 02/17/2009
 Tap on Submit
 Submitted
 Verify that parsing result should shown as Tue Feb 17 2009 00:00:00 GMT+0000
  </system-out>
  <testcase name="verifyDateParse" time="2.871" classname="test.propin.TestDateParsing"/>
  <system-out>
Enter data Feb 29 2012
 Entered value as Feb 29 2012
 Tap on Submit
 Submitted
 Verify that parsing result should shown as Wed Feb 29 2012 00:00:00 GMT+0000
  </system-out>
  <testcase name="verifyDateParse" time="2.850" classname="test.propin.TestDateParsing">
    <failure type="java.lang.AssertionError" message=" 
 Verification failed getting parsing result as [ Invalid Date ] instead of [ Fri May 01 2009 00:00:00 GMT+0000 ] for Enter value is   April ,31, 2009 expected [true] but found [false]">
      <![CDATA[java.lang.AssertionError:  
 Verification failed getting parsing result as [ Invalid Date ] instead of [ Fri May 01 2009 00:00:00 GMT+0000 ] for Enter value is   April ,31, 2009 expected [true] but found [false]
at org.testng.Assert.fail(Assert.java:97)
at org.testng.Assert.failNotEquals(Assert.java:969)
at org.testng.Assert.assertTrue(Assert.java:43)
at test.propin.TestDateParsing.verifyDateParse(TestDateParsing.java:35)
at sun.reflect.GeneratedMethodAccessor3.invoke(Unknown Source)
at sun.reflect.DelegatingMethodAccessorImpl.invoke(DelegatingMethodAccessorImpl.java:43)
at java.lang.reflect.Method.invoke(Method.java:498)
at org.testng.internal.MethodInvocationHelper.invokeMethod(MethodInvocationHelper.java:134)
at org.testng.internal.TestInvoker.invokeMethod(TestInvoker.java:597)
at org.testng.internal.TestInvoker.invokeTestMethod(TestInvoker.java:173)
at org.testng.internal.MethodRunner.runInSequence(MethodRunner.java:46)
at org.testng.internal.TestInvoker$MethodInvocationAgent.invoke(TestInvoker.java:816)
at org.testng.internal.TestInvoker.invokeTestMethods(TestInvoker.java:146)
at org.testng.internal.TestMethodWorker.invokeTestMethods(TestMethodWorker.java:146)
at org.testng.internal.TestMethodWorker.run(TestMethodWorker.java:128)
at java.util.ArrayList.forEach(ArrayList.java:1257)
at org.testng.TestRunner.privateRun(TestRunner.java:766)
at org.testng.TestRunner.run(TestRunner.java:587)
at org.testng.SuiteRunner.runTest(SuiteRunner.java:384)
at org.testng.SuiteRunner.runSequentially(SuiteRunner.java:378)
at org.testng.SuiteRunner.privateRun(SuiteRunner.java:337)
at org.testng.SuiteRunner.run(SuiteRunner.java:286)
at org.testng.SuiteRunnerWorker.runSuite(SuiteRunnerWorker.java:53)
at org.testng.SuiteRunnerWorker.run(SuiteRunnerWorker.java:96)
at org.testng.TestNG.runSuitesSequentially(TestNG.java:1187)
at org.testng.TestNG.runSuitesLocally(TestNG.java:1109)
at org.testng.TestNG.runSuites(TestNG.java:1039)
at org.testng.TestNG.run(TestNG.java:1007)
at org.apache.maven.surefire.testng.TestNGExecutor.run(TestNGExecutor.java:283)
at org.apache.maven.surefire.testng.TestNGXmlTestSuite.execute(TestNGXmlTestSuite.java:75)
at org.apache.maven.surefire.testng.TestNGProvider.invoke(TestNGProvider.java:120)
at org.apache.maven.surefire.booter.ForkedBooter.invokeProviderInSameClassLoader(ForkedBooter.java:384)
at org.apache.maven.surefire.booter.ForkedBooter.runSuitesInProcess(ForkedBooter.java:345)
at org.apache.maven.surefire.booter.ForkedBooter.execute(ForkedBooter.java:126)
at org.apache.maven.surefire.booter.ForkedBooter.main(ForkedBooter.java:418)
]]>
    </failure>
  </testcase> <!-- verifyDateParse -->
  <system-out>
Enter data   April ,31, 2009
 Entered value as   April ,31, 2009
 Tap on Submit
 Submitted
 Verify that parsing result should shown as Invalid Date
  
 Verification failed getting parsing result as [ Invalid Date ] instead of [ Fri May 01 2009 00:00:00 GMT+0000 ] for Enter value is   April ,31, 2009
  </system-out>
  <testcase name="verifyDateParse" time="2.915" classname="test.propin.TestDateParsing"/>
  <system-out>
Enter data 2009, Feb 17 
 Entered value as 2009, Feb 17 
 Tap on Submit
 Submitted
 Verify that parsing result should shown as Tue Feb 17 2009 00:00:00 GMT+0000
  </system-out>
  <testcase name="verifyDateParse" time="2.940" classname="test.propin.TestDateParsing">
    <failure type="java.lang.AssertionError" message=" 
 Verification failed getting parsing result as [ Tue Feb 17 2009 00:00:00 GMT+0000 ] instead of [ Invalid date ] for Enter value is -02/-17/-2009 expected [true] but found [false]">
      <![CDATA[java.lang.AssertionError:  
 Verification failed getting parsing result as [ Tue Feb 17 2009 00:00:00 GMT+0000 ] instead of [ Invalid date ] for Enter value is -02/-17/-2009 expected [true] but found [false]
at org.testng.Assert.fail(Assert.java:97)
at org.testng.Assert.failNotEquals(Assert.java:969)
at org.testng.Assert.assertTrue(Assert.java:43)
at test.propin.TestDateParsing.verifyDateParse(TestDateParsing.java:35)
at sun.reflect.GeneratedMethodAccessor3.invoke(Unknown Source)
at sun.reflect.DelegatingMethodAccessorImpl.invoke(DelegatingMethodAccessorImpl.java:43)
at java.lang.reflect.Method.invoke(Method.java:498)
at org.testng.internal.MethodInvocationHelper.invokeMethod(MethodInvocationHelper.java:134)
at org.testng.internal.TestInvoker.invokeMethod(TestInvoker.java:597)
at org.testng.internal.TestInvoker.invokeTestMethod(TestInvoker.java:173)
at org.testng.internal.MethodRunner.runInSequence(MethodRunner.java:46)
at org.testng.internal.TestInvoker$MethodInvocationAgent.invoke(TestInvoker.java:816)
at org.testng.internal.TestInvoker.invokeTestMethods(TestInvoker.java:146)
at org.testng.internal.TestMethodWorker.invokeTestMethods(TestMethodWorker.java:146)
at org.testng.internal.TestMethodWorker.run(TestMethodWorker.java:128)
at java.util.ArrayList.forEach(ArrayList.java:1257)
at org.testng.TestRunner.privateRun(TestRunner.java:766)
at org.testng.TestRunner.run(TestRunner.java:587)
at org.testng.SuiteRunner.runTest(SuiteRunner.java:384)
at org.testng.SuiteRunner.runSequentially(SuiteRunner.java:378)
at org.testng.SuiteRunner.privateRun(SuiteRunner.java:337)
at org.testng.SuiteRunner.run(SuiteRunner.java:286)
at org.testng.SuiteRunnerWorker.runSuite(SuiteRunnerWorker.java:53)
at org.testng.SuiteRunnerWorker.run(SuiteRunnerWorker.java:96)
at org.testng.TestNG.runSuitesSequentially(TestNG.java:1187)
at org.testng.TestNG.runSuitesLocally(TestNG.java:1109)
at org.testng.TestNG.runSuites(TestNG.java:1039)
at org.testng.TestNG.run(TestNG.java:1007)
at org.apache.maven.surefire.testng.TestNGExecutor.run(TestNGExecutor.java:283)
at org.apache.maven.surefire.testng.TestNGXmlTestSuite.execute(TestNGXmlTestSuite.java:75)
at org.apache.maven.surefire.testng.TestNGProvider.invoke(TestNGProvider.java:120)
at org.apache.maven.surefire.booter.ForkedBooter.invokeProviderInSameClassLoader(ForkedBooter.java:384)
at org.apache.maven.surefire.booter.ForkedBooter.runSuitesInProcess(ForkedBooter.java:345)
at org.apache.maven.surefire.booter.ForkedBooter.execute(ForkedBooter.java:126)
at org.apache.maven.surefire.booter.ForkedBooter.main(ForkedBooter.java:418)
]]>
    </failure>
  </testcase> <!-- verifyDateParse -->
  <system-out>
Enter data -02/-17/-2009
 Entered value as -02/-17/-2009
 Tap on Submit
 Submitted
 Verify that parsing result should shown as Tue Feb 17 2009 00:00:00 GMT+0000
  
 Verification failed getting parsing result as [ Tue Feb 17 2009 00:00:00 GMT+0000 ] instead of [ Invalid date ] for Enter value is -02/-17/-2009
  </system-out>
  <testcase name="verifyDateParse" time="2.942" classname="test.propin.TestDateParsing"/>
  <system-out>
Enter data $$/02/2019
 Entered value as $$/02/2019
 Tap on Submit
 Submitted
 Verify that parsing result should shown as Invalid Date
  </system-out>
  <testcase name="verifyDateParse" time="2.932" classname="test.propin.TestDateParsing">
    <failure type="java.lang.AssertionError" message=" 
 Verification failed getting parsing result as [ Invalid Date ] instead of [ Mon Mar 01 2010 00:00:00 GMT+0000 ] for Enter value is 2010/ 2/ 29 expected [true] but found [false]">
      <![CDATA[java.lang.AssertionError:  
 Verification failed getting parsing result as [ Invalid Date ] instead of [ Mon Mar 01 2010 00:00:00 GMT+0000 ] for Enter value is 2010/ 2/ 29 expected [true] but found [false]
at org.testng.Assert.fail(Assert.java:97)
at org.testng.Assert.failNotEquals(Assert.java:969)
at org.testng.Assert.assertTrue(Assert.java:43)
at test.propin.TestDateParsing.verifyDateParse(TestDateParsing.java:35)
at sun.reflect.NativeMethodAccessorImpl.invoke0(Native Method)
at sun.reflect.NativeMethodAccessorImpl.invoke(NativeMethodAccessorImpl.java:62)
at sun.reflect.DelegatingMethodAccessorImpl.invoke(DelegatingMethodAccessorImpl.java:43)
at java.lang.reflect.Method.invoke(Method.java:498)
at org.testng.internal.MethodInvocationHelper.invokeMethod(MethodInvocationHelper.java:134)
at org.testng.internal.TestInvoker.invokeMethod(TestInvoker.java:597)
at org.testng.internal.TestInvoker.invokeTestMethod(TestInvoker.java:173)
at org.testng.internal.MethodRunner.runInSequence(MethodRunner.java:46)
at org.testng.internal.TestInvoker$MethodInvocationAgent.invoke(TestInvoker.java:816)
at org.testng.internal.TestInvoker.invokeTestMethods(TestInvoker.java:146)
at org.testng.internal.TestMethodWorker.invokeTestMethods(TestMethodWorker.java:146)
at org.testng.internal.TestMethodWorker.run(TestMethodWorker.java:128)
at java.util.ArrayList.forEach(ArrayList.java:1257)
at org.testng.TestRunner.privateRun(TestRunner.java:766)
at org.testng.TestRunner.run(TestRunner.java:587)
at org.testng.SuiteRunner.runTest(SuiteRunner.java:384)
at org.testng.SuiteRunner.runSequentially(SuiteRunner.java:378)
at org.testng.SuiteRunner.privateRun(SuiteRunner.java:337)
at org.testng.SuiteRunner.run(SuiteRunner.java:286)
at org.testng.SuiteRunnerWorker.runSuite(SuiteRunnerWorker.java:53)
at org.testng.SuiteRunnerWorker.run(SuiteRunnerWorker.java:96)
at org.testng.TestNG.runSuitesSequentially(TestNG.java:1187)
at org.testng.TestNG.runSuitesLocally(TestNG.java:1109)
at org.testng.TestNG.runSuites(TestNG.java:1039)
at org.testng.TestNG.run(TestNG.java:1007)
at org.apache.maven.surefire.testng.TestNGExecutor.run(TestNGExecutor.java:283)
at org.apache.maven.surefire.testng.TestNGXmlTestSuite.execute(TestNGXmlTestSuite.java:75)
at org.apache.maven.surefire.testng.TestNGProvider.invoke(TestNGProvider.java:120)
at org.apache.maven.surefire.booter.ForkedBooter.invokeProviderInSameClassLoader(ForkedBooter.java:384)
at org.apache.maven.surefire.booter.ForkedBooter.runSuitesInProcess(ForkedBooter.java:345)
at org.apache.maven.surefire.booter.ForkedBooter.execute(ForkedBooter.java:126)
at org.apache.maven.surefire.booter.ForkedBooter.main(ForkedBooter.java:418)
]]>
    </failure>
  </testcase> <!-- verifyDateParse -->
  <system-out>
Enter data 2010/ 2/ 29
 Entered value as 2010/ 2/ 29
 Tap on Submit
 Submitted
 Verify that parsing result should shown as Invalid Date
  
 Verification failed getting parsing result as [ Invalid Date ] instead of [ Mon Mar 01 2010 00:00:00 GMT+0000 ] for Enter value is 2010/ 2/ 29
  </system-out>
  <testcase name="verifyDateParse" time="2.891" classname="test.propin.TestDateParsing"/>
  <system-out>
Enter data Feb 29, 2012
 Entered value as Feb 29, 2012
 Tap on Submit
 Submitted
 Verify that parsing result should shown as Wed Feb 29 2012 00:00:00 GMT+0000
  </system-out>
  <testcase name="verifyDateParse" time="2.910" classname="test.propin.TestDateParsing">
    <failure type="java.lang.AssertionError" message=" 
 Verification failed getting parsing result as [ Invalid Date ] instead of [ Mon Mar 01 2010 00:00:00 GMT+0000 ] for Enter value is   2/29/2010 expected [true] but found [false]">
      <![CDATA[java.lang.AssertionError:  
 Verification failed getting parsing result as [ Invalid Date ] instead of [ Mon Mar 01 2010 00:00:00 GMT+0000 ] for Enter value is   2/29/2010 expected [true] but found [false]
at org.testng.Assert.fail(Assert.java:97)
at org.testng.Assert.failNotEquals(Assert.java:969)
at org.testng.Assert.assertTrue(Assert.java:43)
at test.propin.TestDateParsing.verifyDateParse(TestDateParsing.java:35)
at sun.reflect.GeneratedMethodAccessor3.invoke(Unknown Source)
at sun.reflect.DelegatingMethodAccessorImpl.invoke(DelegatingMethodAccessorImpl.java:43)
at java.lang.reflect.Method.invoke(Method.java:498)
at org.testng.internal.MethodInvocationHelper.invokeMethod(MethodInvocationHelper.java:134)
at org.testng.internal.TestInvoker.invokeMethod(TestInvoker.java:597)
at org.testng.internal.TestInvoker.invokeTestMethod(TestInvoker.java:173)
at org.testng.internal.MethodRunner.runInSequence(MethodRunner.java:46)
at org.testng.internal.TestInvoker$MethodInvocationAgent.invoke(TestInvoker.java:816)
at org.testng.internal.TestInvoker.invokeTestMethods(TestInvoker.java:146)
at org.testng.internal.TestMethodWorker.invokeTestMethods(TestMethodWorker.java:146)
at org.testng.internal.TestMethodWorker.run(TestMethodWorker.java:128)
at java.util.ArrayList.forEach(ArrayList.java:1257)
at org.testng.TestRunner.privateRun(TestRunner.java:766)
at org.testng.TestRunner.run(TestRunner.java:587)
at org.testng.SuiteRunner.runTest(SuiteRunner.java:384)
at org.testng.SuiteRunner.runSequentially(SuiteRunner.java:378)
at org.testng.SuiteRunner.privateRun(SuiteRunner.java:337)
at org.testng.SuiteRunner.run(SuiteRunner.java:286)
at org.testng.SuiteRunnerWorker.runSuite(SuiteRunnerWorker.java:53)
at org.testng.SuiteRunnerWorker.run(SuiteRunnerWorker.java:96)
at org.testng.TestNG.runSuitesSequentially(TestNG.java:1187)
at org.testng.TestNG.runSuitesLocally(TestNG.java:1109)
at org.testng.TestNG.runSuites(TestNG.java:1039)
at org.testng.TestNG.run(TestNG.java:1007)
at org.apache.maven.surefire.testng.TestNGExecutor.run(TestNGExecutor.java:283)
at org.apache.maven.surefire.testng.TestNGXmlTestSuite.execute(TestNGXmlTestSuite.java:75)
at org.apache.maven.surefire.testng.TestNGProvider.invoke(TestNGProvider.java:120)
at org.apache.maven.surefire.booter.ForkedBooter.invokeProviderInSameClassLoader(ForkedBooter.java:384)
at org.apache.maven.surefire.booter.ForkedBooter.runSuitesInProcess(ForkedBooter.java:345)
at org.apache.maven.surefire.booter.ForkedBooter.execute(ForkedBooter.java:126)
at org.apache.maven.surefire.booter.ForkedBooter.main(ForkedBooter.java:418)
]]>
    </failure>
  </testcase> <!-- verifyDateParse -->
  <system-out>
Enter data   2/29/2010
 Entered value as   2/29/2010
 Tap on Submit
 Submitted
 Verify that parsing result should shown as Invalid Date
  
 Verification failed getting parsing result as [ Invalid Date ] instead of [ Mon Mar 01 2010 00:00:00 GMT+0000 ] for Enter value is   2/29/2010
  </system-out>
  <testcase name="verifyDateParse" time="2.928" classname="test.propin.TestDateParsing"/>
  <system-out>
Enter data 13/ 13/ 2019
 Entered value as 13/ 13/ 2019
 Tap on Submit
 Submitted
 Verify that parsing result should shown as Invalid Date
  </system-out>
  <testcase name="verifyDateParse" time="2.804" classname="test.propin.TestDateParsing">
    <failure type="java.lang.AssertionError" message=" 
 Verification failed getting parsing result as [ Tue Feb 17 2009 00:00:00 GMT+0000 ] instead of [ Invalid date ] for Enter value is -17/-2/-2009 expected [true] but found [false]">
      <![CDATA[java.lang.AssertionError:  
 Verification failed getting parsing result as [ Tue Feb 17 2009 00:00:00 GMT+0000 ] instead of [ Invalid date ] for Enter value is -17/-2/-2009 expected [true] but found [false]
at org.testng.Assert.fail(Assert.java:97)
at org.testng.Assert.failNotEquals(Assert.java:969)
at org.testng.Assert.assertTrue(Assert.java:43)
at test.propin.TestDateParsing.verifyDateParse(TestDateParsing.java:35)
at sun.reflect.GeneratedMethodAccessor3.invoke(Unknown Source)
at sun.reflect.DelegatingMethodAccessorImpl.invoke(DelegatingMethodAccessorImpl.java:43)
at java.lang.reflect.Method.invoke(Method.java:498)
at org.testng.internal.MethodInvocationHelper.invokeMethod(MethodInvocationHelper.java:134)
at org.testng.internal.TestInvoker.invokeMethod(TestInvoker.java:597)
at org.testng.internal.TestInvoker.invokeTestMethod(TestInvoker.java:173)
at org.testng.internal.MethodRunner.runInSequence(MethodRunner.java:46)
at org.testng.internal.TestInvoker$MethodInvocationAgent.invoke(TestInvoker.java:816)
at org.testng.internal.TestInvoker.invokeTestMethods(TestInvoker.java:146)
at org.testng.internal.TestMethodWorker.invokeTestMethods(TestMethodWorker.java:146)
at org.testng.internal.TestMethodWorker.run(TestMethodWorker.java:128)
at java.util.ArrayList.forEach(ArrayList.java:1257)
at org.testng.TestRunner.privateRun(TestRunner.java:766)
at org.testng.TestRunner.run(TestRunner.java:587)
at org.testng.SuiteRunner.runTest(SuiteRunner.java:384)
at org.testng.SuiteRunner.runSequentially(SuiteRunner.java:378)
at org.testng.SuiteRunner.privateRun(SuiteRunner.java:337)
at org.testng.SuiteRunner.run(SuiteRunner.java:286)
at org.testng.SuiteRunnerWorker.runSuite(SuiteRunnerWorker.java:53)
at org.testng.SuiteRunnerWorker.run(SuiteRunnerWorker.java:96)
at org.testng.TestNG.runSuitesSequentially(TestNG.java:1187)
at org.testng.TestNG.runSuitesLocally(TestNG.java:1109)
at org.testng.TestNG.runSuites(TestNG.java:1039)
at org.testng.TestNG.run(TestNG.java:1007)
at org.apache.maven.surefire.testng.TestNGExecutor.run(TestNGExecutor.java:283)
at org.apache.maven.surefire.testng.TestNGXmlTestSuite.execute(TestNGXmlTestSuite.java:75)
at org.apache.maven.surefire.testng.TestNGProvider.invoke(TestNGProvider.java:120)
at org.apache.maven.surefire.booter.ForkedBooter.invokeProviderInSameClassLoader(ForkedBooter.java:384)
at org.apache.maven.surefire.booter.ForkedBooter.runSuitesInProcess(ForkedBooter.java:345)
at org.apache.maven.surefire.booter.ForkedBooter.execute(ForkedBooter.java:126)
at org.apache.maven.surefire.booter.ForkedBooter.main(ForkedBooter.java:418)
]]>
    </failure>
  </testcase> <!-- verifyDateParse -->
  <system-out>
Enter data -17/-2/-2009
 Entered value as -17/-2/-2009
 Tap on Submit
 Submitted
 Verify that parsing result should shown as Tue Feb 17 2009 00:00:00 GMT+0000
  
 Verification failed getting parsing result as [ Tue Feb 17 2009 00:00:00 GMT+0000 ] instead of [ Invalid date ] for Enter value is -17/-2/-2009
  </system-out>
  <testcase name="verifyDateParse" time="2.950" classname="test.propin.TestDateParsing">
    <failure type="java.lang.AssertionError" message=" 
 Verification failed getting parsing result as [ Invalid Date ] instead of [ Fri May 01 2009 00:00:00 GMT+0000 ] for Enter value is       4/31/2009 expected [true] but found [false]">
      <![CDATA[java.lang.AssertionError:  
 Verification failed getting parsing result as [ Invalid Date ] instead of [ Fri May 01 2009 00:00:00 GMT+0000 ] for Enter value is       4/31/2009 expected [true] but found [false]
at org.testng.Assert.fail(Assert.java:97)
at org.testng.Assert.failNotEquals(Assert.java:969)
at org.testng.Assert.assertTrue(Assert.java:43)
at test.propin.TestDateParsing.verifyDateParse(TestDateParsing.java:35)
at sun.reflect.GeneratedMethodAccessor3.invoke(Unknown Source)
at sun.reflect.DelegatingMethodAccessorImpl.invoke(DelegatingMethodAccessorImpl.java:43)
at java.lang.reflect.Method.invoke(Method.java:498)
at org.testng.internal.MethodInvocationHelper.invokeMethod(MethodInvocationHelper.java:134)
at org.testng.internal.TestInvoker.invokeMethod(TestInvoker.java:597)
at org.testng.internal.TestInvoker.invokeTestMethod(TestInvoker.java:173)
at org.testng.internal.MethodRunner.runInSequence(MethodRunner.java:46)
at org.testng.internal.TestInvoker$MethodInvocationAgent.invoke(TestInvoker.java:816)
at org.testng.internal.TestInvoker.invokeTestMethods(TestInvoker.java:146)
at org.testng.internal.TestMethodWorker.invokeTestMethods(TestMethodWorker.java:146)
at org.testng.internal.TestMethodWorker.run(TestMethodWorker.java:128)
at java.util.ArrayList.forEach(ArrayList.java:1257)
at org.testng.TestRunner.privateRun(TestRunner.java:766)
at org.testng.TestRunner.run(TestRunner.java:587)
at org.testng.SuiteRunner.runTest(SuiteRunner.java:384)
at org.testng.SuiteRunner.runSequentially(SuiteRunner.java:378)
at org.testng.SuiteRunner.privateRun(SuiteRunner.java:337)
at org.testng.SuiteRunner.run(SuiteRunner.java:286)
at org.testng.SuiteRunnerWorker.runSuite(SuiteRunnerWorker.java:53)
at org.testng.SuiteRunnerWorker.run(SuiteRunnerWorker.java:96)
at org.testng.TestNG.runSuitesSequentially(TestNG.java:1187)
at org.testng.TestNG.runSuitesLocally(TestNG.java:1109)
at org.testng.TestNG.runSuites(TestNG.java:1039)
at org.testng.TestNG.run(TestNG.java:1007)
at org.apache.maven.surefire.testng.TestNGExecutor.run(TestNGExecutor.java:283)
at org.apache.maven.surefire.testng.TestNGXmlTestSuite.execute(TestNGXmlTestSuite.java:75)
at org.apache.maven.surefire.testng.TestNGProvider.invoke(TestNGProvider.java:120)
at org.apache.maven.surefire.booter.ForkedBooter.invokeProviderInSameClassLoader(ForkedBooter.java:384)
at org.apache.maven.surefire.booter.ForkedBooter.runSuitesInProcess(ForkedBooter.java:345)
at org.apache.maven.surefire.booter.ForkedBooter.execute(ForkedBooter.java:126)
at org.apache.maven.surefire.booter.ForkedBooter.main(ForkedBooter.java:418)
]]>
    </failure>
  </testcase> <!-- verifyDateParse -->
  <system-out>
Enter data       4/31/2009
 Entered value as       4/31/2009
 Tap on Submit
 Submitted
 Verify that parsing result should shown as Invalid Date
  
 Verification failed getting parsing result as [ Invalid Date ] instead of [ Fri May 01 2009 00:00:00 GMT+0000 ] for Enter value is       4/31/2009
  </system-out>
  <testcase name="verifyDateParse" time="2.820" classname="test.propin.TestDateParsing">
    <failure type="java.lang.AssertionError" message=" 
 Verification failed getting parsing result as [ Invalid Date ] instead of [ Mon Mar 01 2010 00:00:00 GMT+0000 ] for Enter value is 2010/02/29 expected [true] but found [false]">
      <![CDATA[java.lang.AssertionError:  
 Verification failed getting parsing result as [ Invalid Date ] instead of [ Mon Mar 01 2010 00:00:00 GMT+0000 ] for Enter value is 2010/02/29 expected [true] but found [false]
at org.testng.Assert.fail(Assert.java:97)
at org.testng.Assert.failNotEquals(Assert.java:969)
at org.testng.Assert.assertTrue(Assert.java:43)
at test.propin.TestDateParsing.verifyDateParse(TestDateParsing.java:35)
at sun.reflect.GeneratedMethodAccessor3.invoke(Unknown Source)
at sun.reflect.DelegatingMethodAccessorImpl.invoke(DelegatingMethodAccessorImpl.java:43)
at java.lang.reflect.Method.invoke(Method.java:498)
at org.testng.internal.MethodInvocationHelper.invokeMethod(MethodInvocationHelper.java:134)
at org.testng.internal.TestInvoker.invokeMethod(TestInvoker.java:597)
at org.testng.internal.TestInvoker.invokeTestMethod(TestInvoker.java:173)
at org.testng.internal.MethodRunner.runInSequence(MethodRunner.java:46)
at org.testng.internal.TestInvoker$MethodInvocationAgent.invoke(TestInvoker.java:816)
at org.testng.internal.TestInvoker.invokeTestMethods(TestInvoker.java:146)
at org.testng.internal.TestMethodWorker.invokeTestMethods(TestMethodWorker.java:146)
at org.testng.internal.TestMethodWorker.run(TestMethodWorker.java:128)
at java.util.ArrayList.forEach(ArrayList.java:1257)
at org.testng.TestRunner.privateRun(TestRunner.java:766)
at org.testng.TestRunner.run(TestRunner.java:587)
at org.testng.SuiteRunner.runTest(SuiteRunner.java:384)
at org.testng.SuiteRunner.runSequentially(SuiteRunner.java:378)
at org.testng.SuiteRunner.privateRun(SuiteRunner.java:337)
at org.testng.SuiteRunner.run(SuiteRunner.java:286)
at org.testng.SuiteRunnerWorker.runSuite(SuiteRunnerWorker.java:53)
at org.testng.SuiteRunnerWorker.run(SuiteRunnerWorker.java:96)
at org.testng.TestNG.runSuitesSequentially(TestNG.java:1187)
at org.testng.TestNG.runSuitesLocally(TestNG.java:1109)
at org.testng.TestNG.runSuites(TestNG.java:1039)
at org.testng.TestNG.run(TestNG.java:1007)
at org.apache.maven.surefire.testng.TestNGExecutor.run(TestNGExecutor.java:283)
at org.apache.maven.surefire.testng.TestNGXmlTestSuite.execute(TestNGXmlTestSuite.java:75)
at org.apache.maven.surefire.testng.TestNGProvider.invoke(TestNGProvider.java:120)
at org.apache.maven.surefire.booter.ForkedBooter.invokeProviderInSameClassLoader(ForkedBooter.java:384)
at org.apache.maven.surefire.booter.ForkedBooter.runSuitesInProcess(ForkedBooter.java:345)
at org.apache.maven.surefire.booter.ForkedBooter.execute(ForkedBooter.java:126)
at org.apache.maven.surefire.booter.ForkedBooter.main(ForkedBooter.java:418)
]]>
    </failure>
  </testcase> <!-- verifyDateParse -->
  <system-out>
Enter data 2010/02/29
 Entered value as 2010/02/29
 Tap on Submit
 Submitted
 Verify that parsing result should shown as Invalid Date
  
 Verification failed getting parsing result as [ Invalid Date ] instead of [ Mon Mar 01 2010 00:00:00 GMT+0000 ] for Enter value is 2010/02/29
  </system-out>
  <testcase name="verifyDateParse" time="2.824" classname="test.propin.TestDateParsing">
    <failure type="java.lang.AssertionError" message=" 
 Verification failed getting parsing result as [ Mon Dec 02 2002 00:00:00 GMT+0000 ] instead of [ Tue Feb 12 2002 00:00:00 GMT+0000 ] for Enter value is 02/12/0002 expected [true] but found [false]">
      <![CDATA[java.lang.AssertionError:  
 Verification failed getting parsing result as [ Mon Dec 02 2002 00:00:00 GMT+0000 ] instead of [ Tue Feb 12 2002 00:00:00 GMT+0000 ] for Enter value is 02/12/0002 expected [true] but found [false]
at org.testng.Assert.fail(Assert.java:97)
at org.testng.Assert.failNotEquals(Assert.java:969)
at org.testng.Assert.assertTrue(Assert.java:43)
at test.propin.TestDateParsing.verifyDateParse(TestDateParsing.java:35)
at sun.reflect.GeneratedMethodAccessor3.invoke(Unknown Source)
at sun.reflect.DelegatingMethodAccessorImpl.invoke(DelegatingMethodAccessorImpl.java:43)
at java.lang.reflect.Method.invoke(Method.java:498)
at org.testng.internal.MethodInvocationHelper.invokeMethod(MethodInvocationHelper.java:134)
at org.testng.internal.TestInvoker.invokeMethod(TestInvoker.java:597)
at org.testng.internal.TestInvoker.invokeTestMethod(TestInvoker.java:173)
at org.testng.internal.MethodRunner.runInSequence(MethodRunner.java:46)
at org.testng.internal.TestInvoker$MethodInvocationAgent.invoke(TestInvoker.java:816)
at org.testng.internal.TestInvoker.invokeTestMethods(TestInvoker.java:146)
at org.testng.internal.TestMethodWorker.invokeTestMethods(TestMethodWorker.java:146)
at org.testng.internal.TestMethodWorker.run(TestMethodWorker.java:128)
at java.util.ArrayList.forEach(ArrayList.java:1257)
at org.testng.TestRunner.privateRun(TestRunner.java:766)
at org.testng.TestRunner.run(TestRunner.java:587)
at org.testng.SuiteRunner.runTest(SuiteRunner.java:384)
at org.testng.SuiteRunner.runSequentially(SuiteRunner.java:378)
at org.testng.SuiteRunner.privateRun(SuiteRunner.java:337)
at org.testng.SuiteRunner.run(SuiteRunner.java:286)
at org.testng.SuiteRunnerWorker.runSuite(SuiteRunnerWorker.java:53)
at org.testng.SuiteRunnerWorker.run(SuiteRunnerWorker.java:96)
at org.testng.TestNG.runSuitesSequentially(TestNG.java:1187)
at org.testng.TestNG.runSuitesLocally(TestNG.java:1109)
at org.testng.TestNG.runSuites(TestNG.java:1039)
at org.testng.TestNG.run(TestNG.java:1007)
at org.apache.maven.surefire.testng.TestNGExecutor.run(TestNGExecutor.java:283)
at org.apache.maven.surefire.testng.TestNGXmlTestSuite.execute(TestNGXmlTestSuite.java:75)
at org.apache.maven.surefire.testng.TestNGProvider.invoke(TestNGProvider.java:120)
at org.apache.maven.surefire.booter.ForkedBooter.invokeProviderInSameClassLoader(ForkedBooter.java:384)
at org.apache.maven.surefire.booter.ForkedBooter.runSuitesInProcess(ForkedBooter.java:345)
at org.apache.maven.surefire.booter.ForkedBooter.execute(ForkedBooter.java:126)
at org.apache.maven.surefire.booter.ForkedBooter.main(ForkedBooter.java:418)
]]>
    </failure>
  </testcase> <!-- verifyDateParse -->
  <system-out>
Enter data 02/12/0002
 Entered value as 02/12/0002
 Tap on Submit
 Submitted
 Verify that parsing result should shown as Mon Dec 02 2002 00:00:00 GMT+0000
  
 Verification failed getting parsing result as [ Mon Dec 02 2002 00:00:00 GMT+0000 ] instead of [ Tue Feb 12 2002 00:00:00 GMT+0000 ] for Enter value is 02/12/0002
  </system-out>
  <testcase name="verifyDateParse" time="2.824" classname="test.propin.TestDateParsing">
    <failure type="java.lang.AssertionError" message=" 
 Verification failed getting parsing result as [ Tue Feb 17 2009 00:00:00 GMT+0000 ] instead of [ Invalid date ] for Enter value is  -2/-17/-2009 expected [true] but found [false]">
      <![CDATA[java.lang.AssertionError:  
 Verification failed getting parsing result as [ Tue Feb 17 2009 00:00:00 GMT+0000 ] instead of [ Invalid date ] for Enter value is  -2/-17/-2009 expected [true] but found [false]
at org.testng.Assert.fail(Assert.java:97)
at org.testng.Assert.failNotEquals(Assert.java:969)
at org.testng.Assert.assertTrue(Assert.java:43)
at test.propin.TestDateParsing.verifyDateParse(TestDateParsing.java:35)
at sun.reflect.GeneratedMethodAccessor3.invoke(Unknown Source)
at sun.reflect.DelegatingMethodAccessorImpl.invoke(DelegatingMethodAccessorImpl.java:43)
at java.lang.reflect.Method.invoke(Method.java:498)
at org.testng.internal.MethodInvocationHelper.invokeMethod(MethodInvocationHelper.java:134)
at org.testng.internal.TestInvoker.invokeMethod(TestInvoker.java:597)
at org.testng.internal.TestInvoker.invokeTestMethod(TestInvoker.java:173)
at org.testng.internal.MethodRunner.runInSequence(MethodRunner.java:46)
at org.testng.internal.TestInvoker$MethodInvocationAgent.invoke(TestInvoker.java:816)
at org.testng.internal.TestInvoker.invokeTestMethods(TestInvoker.java:146)
at org.testng.internal.TestMethodWorker.invokeTestMethods(TestMethodWorker.java:146)
at org.testng.internal.TestMethodWorker.run(TestMethodWorker.java:128)
at java.util.ArrayList.forEach(ArrayList.java:1257)
at org.testng.TestRunner.privateRun(TestRunner.java:766)
at org.testng.TestRunner.run(TestRunner.java:587)
at org.testng.SuiteRunner.runTest(SuiteRunner.java:384)
at org.testng.SuiteRunner.runSequentially(SuiteRunner.java:378)
at org.testng.SuiteRunner.privateRun(SuiteRunner.java:337)
at org.testng.SuiteRunner.run(SuiteRunner.java:286)
at org.testng.SuiteRunnerWorker.runSuite(SuiteRunnerWorker.java:53)
at org.testng.SuiteRunnerWorker.run(SuiteRunnerWorker.java:96)
at org.testng.TestNG.runSuitesSequentially(TestNG.java:1187)
at org.testng.TestNG.runSuitesLocally(TestNG.java:1109)
at org.testng.TestNG.runSuites(TestNG.java:1039)
at org.testng.TestNG.run(TestNG.java:1007)
at org.apache.maven.surefire.testng.TestNGExecutor.run(TestNGExecutor.java:283)
at org.apache.maven.surefire.testng.TestNGXmlTestSuite.execute(TestNGXmlTestSuite.java:75)
at org.apache.maven.surefire.testng.TestNGProvider.invoke(TestNGProvider.java:120)
at org.apache.maven.surefire.booter.ForkedBooter.invokeProviderInSameClassLoader(ForkedBooter.java:384)
at org.apache.maven.surefire.booter.ForkedBooter.runSuitesInProcess(ForkedBooter.java:345)
at org.apache.maven.surefire.booter.ForkedBooter.execute(ForkedBooter.java:126)
at org.apache.maven.surefire.booter.ForkedBooter.main(ForkedBooter.java:418)
]]>
    </failure>
  </testcase> <!-- verifyDateParse -->
  <system-out>
Enter data  -2/-17/-2009
 Entered value as  -2/-17/-2009
 Tap on Submit
 Submitted
 Verify that parsing result should shown as Tue Feb 17 2009 00:00:00 GMT+0000
  
 Verification failed getting parsing result as [ Tue Feb 17 2009 00:00:00 GMT+0000 ] instead of [ Invalid date ] for Enter value is  -2/-17/-2009
  </system-out>
  <testcase name="verifyDateParse" time="2.895" classname="test.propin.TestDateParsing"/>
  <system-out>
Enter data 13 13 2019
 Entered value as 13 13 2019
 Tap on Submit
 Submitted
 Verify that parsing result should shown as Invalid Date
  </system-out>
  <testcase name="verifyDateParse" time="2.798" classname="test.propin.TestDateParsing"/>
  <system-out>
Enter data 31/4/2009
 Entered value as 31/4/2009
 Tap on Submit
 Submitted
 Verify that parsing result should shown as Invalid Date
  </system-out>
  <testcase name="verifyDateParse" time="2.941" classname="test.propin.TestDateParsing"/>
  <system-out>
Enter data 2/17/2009
 Entered value as 2/17/2009
 Tap on Submit
 Submitted
 Verify that parsing result should shown as Tue Feb 17 2009 00:00:00 GMT+0000
  </system-out>
  <testcase name="verifyDateParse" time="2.829" classname="test.propin.TestDateParsing">
    <failure type="java.lang.AssertionError" message=" 
 Verification failed getting parsing result as [ Invalid Date ] instead of [ Mon Mar 02 2009 00:00:00 GMT+0000 ] for Enter value is 30 Feb 2009 expected [true] but found [false]">
      <![CDATA[java.lang.AssertionError:  
 Verification failed getting parsing result as [ Invalid Date ] instead of [ Mon Mar 02 2009 00:00:00 GMT+0000 ] for Enter value is 30 Feb 2009 expected [true] but found [false]
at org.testng.Assert.fail(Assert.java:97)
at org.testng.Assert.failNotEquals(Assert.java:969)
at org.testng.Assert.assertTrue(Assert.java:43)
at test.propin.TestDateParsing.verifyDateParse(TestDateParsing.java:35)
at sun.reflect.GeneratedMethodAccessor3.invoke(Unknown Source)
at sun.reflect.DelegatingMethodAccessorImpl.invoke(DelegatingMethodAccessorImpl.java:43)
at java.lang.reflect.Method.invoke(Method.java:498)
at org.testng.internal.MethodInvocationHelper.invokeMethod(MethodInvocationHelper.java:134)
at org.testng.internal.TestInvoker.invokeMethod(TestInvoker.java:597)
at org.testng.internal.TestInvoker.invokeTestMethod(TestInvoker.java:173)
at org.testng.internal.MethodRunner.runInSequence(MethodRunner.java:46)
at org.testng.internal.TestInvoker$MethodInvocationAgent.invoke(TestInvoker.java:816)
at org.testng.internal.TestInvoker.invokeTestMethods(TestInvoker.java:146)
at org.testng.internal.TestMethodWorker.invokeTestMethods(TestMethodWorker.java:146)
at org.testng.internal.TestMethodWorker.run(TestMethodWorker.java:128)
at java.util.ArrayList.forEach(ArrayList.java:1257)
at org.testng.TestRunner.privateRun(TestRunner.java:766)
at org.testng.TestRunner.run(TestRunner.java:587)
at org.testng.SuiteRunner.runTest(SuiteRunner.java:384)
at org.testng.SuiteRunner.runSequentially(SuiteRunner.java:378)
at org.testng.SuiteRunner.privateRun(SuiteRunner.java:337)
at org.testng.SuiteRunner.run(SuiteRunner.java:286)
at org.testng.SuiteRunnerWorker.runSuite(SuiteRunnerWorker.java:53)
at org.testng.SuiteRunnerWorker.run(SuiteRunnerWorker.java:96)
at org.testng.TestNG.runSuitesSequentially(TestNG.java:1187)
at org.testng.TestNG.runSuitesLocally(TestNG.java:1109)
at org.testng.TestNG.runSuites(TestNG.java:1039)
at org.testng.TestNG.run(TestNG.java:1007)
at org.apache.maven.surefire.testng.TestNGExecutor.run(TestNGExecutor.java:283)
at org.apache.maven.surefire.testng.TestNGXmlTestSuite.execute(TestNGXmlTestSuite.java:75)
at org.apache.maven.surefire.testng.TestNGProvider.invoke(TestNGProvider.java:120)
at org.apache.maven.surefire.booter.ForkedBooter.invokeProviderInSameClassLoader(ForkedBooter.java:384)
at org.apache.maven.surefire.booter.ForkedBooter.runSuitesInProcess(ForkedBooter.java:345)
at org.apache.maven.surefire.booter.ForkedBooter.execute(ForkedBooter.java:126)
at org.apache.maven.surefire.booter.ForkedBooter.main(ForkedBooter.java:418)
]]>
    </failure>
  </testcase> <!-- verifyDateParse -->
  <system-out>
Enter data 30 Feb 2009
 Entered value as 30 Feb 2009
 Tap on Submit
 Submitted
 Verify that parsing result should shown as Invalid Date
  
 Verification failed getting parsing result as [ Invalid Date ] instead of [ Mon Mar 02 2009 00:00:00 GMT+0000 ] for Enter value is 30 Feb 2009
  </system-out>
  <testcase name="verifyDateParse" time="3.160" classname="test.propin.TestDateParsing"/>
  <system-out>
Enter data 14/17/2009
 Entered value as 14/17/2009
 Tap on Submit
 Submitted
 Verify that parsing result should shown as Invalid Date
  </system-out>
  <testcase name="verifyDateParse" time="2.825" classname="test.propin.TestDateParsing"/>
  <system-out>
Enter data 02/$$/2019
 Entered value as 02/$$/2019
 Tap on Submit
 Submitted
 Verify that parsing result should shown as Invalid Date
  </system-out>
  <testcase name="verifyDateParse" time="2.840" classname="test.propin.TestDateParsing">
    <failure type="java.lang.AssertionError" message=" 
 Verification failed getting parsing result as [ Tue Feb 17 2009 00:00:00 GMT+0000 ] instead of [ Invalid date ] for Enter value is Feb -17 -2009 expected [true] but found [false]">
      <![CDATA[java.lang.AssertionError:  
 Verification failed getting parsing result as [ Tue Feb 17 2009 00:00:00 GMT+0000 ] instead of [ Invalid date ] for Enter value is Feb -17 -2009 expected [true] but found [false]
at org.testng.Assert.fail(Assert.java:97)
at org.testng.Assert.failNotEquals(Assert.java:969)
at org.testng.Assert.assertTrue(Assert.java:43)
at test.propin.TestDateParsing.verifyDateParse(TestDateParsing.java:35)
at sun.reflect.GeneratedMethodAccessor3.invoke(Unknown Source)
at sun.reflect.DelegatingMethodAccessorImpl.invoke(DelegatingMethodAccessorImpl.java:43)
at java.lang.reflect.Method.invoke(Method.java:498)
at org.testng.internal.MethodInvocationHelper.invokeMethod(MethodInvocationHelper.java:134)
at org.testng.internal.TestInvoker.invokeMethod(TestInvoker.java:597)
at org.testng.internal.TestInvoker.invokeTestMethod(TestInvoker.java:173)
at org.testng.internal.MethodRunner.runInSequence(MethodRunner.java:46)
at org.testng.internal.TestInvoker$MethodInvocationAgent.invoke(TestInvoker.java:816)
at org.testng.internal.TestInvoker.invokeTestMethods(TestInvoker.java:146)
at org.testng.internal.TestMethodWorker.invokeTestMethods(TestMethodWorker.java:146)
at org.testng.internal.TestMethodWorker.run(TestMethodWorker.java:128)
at java.util.ArrayList.forEach(ArrayList.java:1257)
at org.testng.TestRunner.privateRun(TestRunner.java:766)
at org.testng.TestRunner.run(TestRunner.java:587)
at org.testng.SuiteRunner.runTest(SuiteRunner.java:384)
at org.testng.SuiteRunner.runSequentially(SuiteRunner.java:378)
at org.testng.SuiteRunner.privateRun(SuiteRunner.java:337)
at org.testng.SuiteRunner.run(SuiteRunner.java:286)
at org.testng.SuiteRunnerWorker.runSuite(SuiteRunnerWorker.java:53)
at org.testng.SuiteRunnerWorker.run(SuiteRunnerWorker.java:96)
at org.testng.TestNG.runSuitesSequentially(TestNG.java:1187)
at org.testng.TestNG.runSuitesLocally(TestNG.java:1109)
at org.testng.TestNG.runSuites(TestNG.java:1039)
at org.testng.TestNG.run(TestNG.java:1007)
at org.apache.maven.surefire.testng.TestNGExecutor.run(TestNGExecutor.java:283)
at org.apache.maven.surefire.testng.TestNGXmlTestSuite.execute(TestNGXmlTestSuite.java:75)
at org.apache.maven.surefire.testng.TestNGProvider.invoke(TestNGProvider.java:120)
at org.apache.maven.surefire.booter.ForkedBooter.invokeProviderInSameClassLoader(ForkedBooter.java:384)
at org.apache.maven.surefire.booter.ForkedBooter.runSuitesInProcess(ForkedBooter.java:345)
at org.apache.maven.surefire.booter.ForkedBooter.execute(ForkedBooter.java:126)
at org.apache.maven.surefire.booter.ForkedBooter.main(ForkedBooter.java:418)
]]>
    </failure>
  </testcase> <!-- verifyDateParse -->
  <system-out>
Enter data Feb -17 -2009
 Entered value as Feb -17 -2009
 Tap on Submit
 Submitted
 Verify that parsing result should shown as Tue Feb 17 2009 00:00:00 GMT+0000
  
 Verification failed getting parsing result as [ Tue Feb 17 2009 00:00:00 GMT+0000 ] instead of [ Invalid date ] for Enter value is Feb -17 -2009
  </system-out>
  <testcase name="verifyDateParse" time="2.807" classname="test.propin.TestDateParsing">
    <failure type="java.lang.AssertionError" message=" 
 Verification failed getting parsing result as [ Mon Dec 02 2002 00:00:00 GMT+0000 ] instead of [ Tue Feb 12 2002 00:00:00 GMT+0000 ] for Enter value is 0002/12/02 expected [true] but found [false]">
      <![CDATA[java.lang.AssertionError:  
 Verification failed getting parsing result as [ Mon Dec 02 2002 00:00:00 GMT+0000 ] instead of [ Tue Feb 12 2002 00:00:00 GMT+0000 ] for Enter value is 0002/12/02 expected [true] but found [false]
at org.testng.Assert.fail(Assert.java:97)
at org.testng.Assert.failNotEquals(Assert.java:969)
at org.testng.Assert.assertTrue(Assert.java:43)
at test.propin.TestDateParsing.verifyDateParse(TestDateParsing.java:35)
at sun.reflect.GeneratedMethodAccessor3.invoke(Unknown Source)
at sun.reflect.DelegatingMethodAccessorImpl.invoke(DelegatingMethodAccessorImpl.java:43)
at java.lang.reflect.Method.invoke(Method.java:498)
at org.testng.internal.MethodInvocationHelper.invokeMethod(MethodInvocationHelper.java:134)
at org.testng.internal.TestInvoker.invokeMethod(TestInvoker.java:597)
at org.testng.internal.TestInvoker.invokeTestMethod(TestInvoker.java:173)
at org.testng.internal.MethodRunner.runInSequence(MethodRunner.java:46)
at org.testng.internal.TestInvoker$MethodInvocationAgent.invoke(TestInvoker.java:816)
at org.testng.internal.TestInvoker.invokeTestMethods(TestInvoker.java:146)
at org.testng.internal.TestMethodWorker.invokeTestMethods(TestMethodWorker.java:146)
at org.testng.internal.TestMethodWorker.run(TestMethodWorker.java:128)
at java.util.ArrayList.forEach(ArrayList.java:1257)
at org.testng.TestRunner.privateRun(TestRunner.java:766)
at org.testng.TestRunner.run(TestRunner.java:587)
at org.testng.SuiteRunner.runTest(SuiteRunner.java:384)
at org.testng.SuiteRunner.runSequentially(SuiteRunner.java:378)
at org.testng.SuiteRunner.privateRun(SuiteRunner.java:337)
at org.testng.SuiteRunner.run(SuiteRunner.java:286)
at org.testng.SuiteRunnerWorker.runSuite(SuiteRunnerWorker.java:53)
at org.testng.SuiteRunnerWorker.run(SuiteRunnerWorker.java:96)
at org.testng.TestNG.runSuitesSequentially(TestNG.java:1187)
at org.testng.TestNG.runSuitesLocally(TestNG.java:1109)
at org.testng.TestNG.runSuites(TestNG.java:1039)
at org.testng.TestNG.run(TestNG.java:1007)
at org.apache.maven.surefire.testng.TestNGExecutor.run(TestNGExecutor.java:283)
at org.apache.maven.surefire.testng.TestNGXmlTestSuite.execute(TestNGXmlTestSuite.java:75)
at org.apache.maven.surefire.testng.TestNGProvider.invoke(TestNGProvider.java:120)
at org.apache.maven.surefire.booter.ForkedBooter.invokeProviderInSameClassLoader(ForkedBooter.java:384)
at org.apache.maven.surefire.booter.ForkedBooter.runSuitesInProcess(ForkedBooter.java:345)
at org.apache.maven.surefire.booter.ForkedBooter.execute(ForkedBooter.java:126)
at org.apache.maven.surefire.booter.ForkedBooter.main(ForkedBooter.java:418)
]]>
    </failure>
  </testcase> <!-- verifyDateParse -->
  <system-out>
Enter data 0002/12/02
 Entered value as 0002/12/02
 Tap on Submit
 Submitted
 Verify that parsing result should shown as Mon Dec 02 2002 00:00:00 GMT+0000
  
 Verification failed getting parsing result as [ Mon Dec 02 2002 00:00:00 GMT+0000 ] instead of [ Tue Feb 12 2002 00:00:00 GMT+0000 ] for Enter value is 0002/12/02
  </system-out>
  <testcase name="verifyDateParse" time="2.806" classname="test.propin.TestDateParsing"/>
  <system-out>
Enter data 2009/02/17
 Entered value as 2009/02/17
 Tap on Submit
 Submitted
 Verify that parsing result should shown as Tue Feb 17 2009 00:00:00 GMT+0000
  </system-out>
  <testcase name="verifyDateParse" time="3.034" classname="test.propin.TestDateParsing"/>
  <system-out>
Enter data 2009 2 17
 Entered value as 2009 2 17
 Tap on Submit
 Submitted
 Verify that parsing result should shown as Tue Feb 17 2009 00:00:00 GMT+0000
  </system-out>
  <testcase name="verifyDateParse" time="2.838" classname="test.propin.TestDateParsing"/>
  <system-out>
Enter data 2009/2/17
 Entered value as 2009/2/17
 Tap on Submit
 Submitted
 Verify that parsing result should shown as Tue Feb 17 2009 00:00:00 GMT+0000
  </system-out>
  <testcase name="verifyDateParse" time="2.860" classname="test.propin.TestDateParsing"/>
  <system-out>
Enter data 02/29/2012
 Entered value as 02/29/2012
 Tap on Submit
 Submitted
 Verify that parsing result should shown as Wed Feb 29 2012 00:00:00 GMT+0000
  </system-out>
  <testcase name="verifyDateParse" time="2.824" classname="test.propin.TestDateParsing">
    <failure type="java.lang.AssertionError" message=" 
 Verification failed getting parsing result as [ Invalid Date ] instead of [ Fri May 01 2009 00:00:00 GMT+0000 ] for Enter value is   31 Apr 2009 expected [true] but found [false]">
      <![CDATA[java.lang.AssertionError:  
 Verification failed getting parsing result as [ Invalid Date ] instead of [ Fri May 01 2009 00:00:00 GMT+0000 ] for Enter value is   31 Apr 2009 expected [true] but found [false]
at org.testng.Assert.fail(Assert.java:97)
at org.testng.Assert.failNotEquals(Assert.java:969)
at org.testng.Assert.assertTrue(Assert.java:43)
at test.propin.TestDateParsing.verifyDateParse(TestDateParsing.java:35)
at sun.reflect.GeneratedMethodAccessor3.invoke(Unknown Source)
at sun.reflect.DelegatingMethodAccessorImpl.invoke(DelegatingMethodAccessorImpl.java:43)
at java.lang.reflect.Method.invoke(Method.java:498)
at org.testng.internal.MethodInvocationHelper.invokeMethod(MethodInvocationHelper.java:134)
at org.testng.internal.TestInvoker.invokeMethod(TestInvoker.java:597)
at org.testng.internal.TestInvoker.invokeTestMethod(TestInvoker.java:173)
at org.testng.internal.MethodRunner.runInSequence(MethodRunner.java:46)
at org.testng.internal.TestInvoker$MethodInvocationAgent.invoke(TestInvoker.java:816)
at org.testng.internal.TestInvoker.invokeTestMethods(TestInvoker.java:146)
at org.testng.internal.TestMethodWorker.invokeTestMethods(TestMethodWorker.java:146)
at org.testng.internal.TestMethodWorker.run(TestMethodWorker.java:128)
at java.util.ArrayList.forEach(ArrayList.java:1257)
at org.testng.TestRunner.privateRun(TestRunner.java:766)
at org.testng.TestRunner.run(TestRunner.java:587)
at org.testng.SuiteRunner.runTest(SuiteRunner.java:384)
at org.testng.SuiteRunner.runSequentially(SuiteRunner.java:378)
at org.testng.SuiteRunner.privateRun(SuiteRunner.java:337)
at org.testng.SuiteRunner.run(SuiteRunner.java:286)
at org.testng.SuiteRunnerWorker.runSuite(SuiteRunnerWorker.java:53)
at org.testng.SuiteRunnerWorker.run(SuiteRunnerWorker.java:96)
at org.testng.TestNG.runSuitesSequentially(TestNG.java:1187)
at org.testng.TestNG.runSuitesLocally(TestNG.java:1109)
at org.testng.TestNG.runSuites(TestNG.java:1039)
at org.testng.TestNG.run(TestNG.java:1007)
at org.apache.maven.surefire.testng.TestNGExecutor.run(TestNGExecutor.java:283)
at org.apache.maven.surefire.testng.TestNGXmlTestSuite.execute(TestNGXmlTestSuite.java:75)
at org.apache.maven.surefire.testng.TestNGProvider.invoke(TestNGProvider.java:120)
at org.apache.maven.surefire.booter.ForkedBooter.invokeProviderInSameClassLoader(ForkedBooter.java:384)
at org.apache.maven.surefire.booter.ForkedBooter.runSuitesInProcess(ForkedBooter.java:345)
at org.apache.maven.surefire.booter.ForkedBooter.execute(ForkedBooter.java:126)
at org.apache.maven.surefire.booter.ForkedBooter.main(ForkedBooter.java:418)
]]>
    </failure>
  </testcase> <!-- verifyDateParse -->
  <system-out>
Enter data   31 Apr 2009
 Entered value as   31 Apr 2009
 Tap on Submit
 Submitted
 Verify that parsing result should shown as Invalid Date
  
 Verification failed getting parsing result as [ Invalid Date ] instead of [ Fri May 01 2009 00:00:00 GMT+0000 ] for Enter value is   31 Apr 2009
  </system-out>
  <testcase name="verifyDateParse" time="2.962" classname="test.propin.TestDateParsing">
    <failure type="java.lang.AssertionError" message=" 
 Verification failed getting parsing result as [ Invalid Date ] instead of [ Mon Mar 01 2010 00:00:00 GMT+0000 ] for Enter value is February ,29, 2010 expected [true] but found [false]">
      <![CDATA[java.lang.AssertionError:  
 Verification failed getting parsing result as [ Invalid Date ] instead of [ Mon Mar 01 2010 00:00:00 GMT+0000 ] for Enter value is February ,29, 2010 expected [true] but found [false]
at org.testng.Assert.fail(Assert.java:97)
at org.testng.Assert.failNotEquals(Assert.java:969)
at org.testng.Assert.assertTrue(Assert.java:43)
at test.propin.TestDateParsing.verifyDateParse(TestDateParsing.java:35)
at sun.reflect.GeneratedMethodAccessor3.invoke(Unknown Source)
at sun.reflect.DelegatingMethodAccessorImpl.invoke(DelegatingMethodAccessorImpl.java:43)
at java.lang.reflect.Method.invoke(Method.java:498)
at org.testng.internal.MethodInvocationHelper.invokeMethod(MethodInvocationHelper.java:134)
at org.testng.internal.TestInvoker.invokeMethod(TestInvoker.java:597)
at org.testng.internal.TestInvoker.invokeTestMethod(TestInvoker.java:173)
at org.testng.internal.MethodRunner.runInSequence(MethodRunner.java:46)
at org.testng.internal.TestInvoker$MethodInvocationAgent.invoke(TestInvoker.java:816)
at org.testng.internal.TestInvoker.invokeTestMethods(TestInvoker.java:146)
at org.testng.internal.TestMethodWorker.invokeTestMethods(TestMethodWorker.java:146)
at org.testng.internal.TestMethodWorker.run(TestMethodWorker.java:128)
at java.util.ArrayList.forEach(ArrayList.java:1257)
at org.testng.TestRunner.privateRun(TestRunner.java:766)
at org.testng.TestRunner.run(TestRunner.java:587)
at org.testng.SuiteRunner.runTest(SuiteRunner.java:384)
at org.testng.SuiteRunner.runSequentially(SuiteRunner.java:378)
at org.testng.SuiteRunner.privateRun(SuiteRunner.java:337)
at org.testng.SuiteRunner.run(SuiteRunner.java:286)
at org.testng.SuiteRunnerWorker.runSuite(SuiteRunnerWorker.java:53)
at org.testng.SuiteRunnerWorker.run(SuiteRunnerWorker.java:96)
at org.testng.TestNG.runSuitesSequentially(TestNG.java:1187)
at org.testng.TestNG.runSuitesLocally(TestNG.java:1109)
at org.testng.TestNG.runSuites(TestNG.java:1039)
at org.testng.TestNG.run(TestNG.java:1007)
at org.apache.maven.surefire.testng.TestNGExecutor.run(TestNGExecutor.java:283)
at org.apache.maven.surefire.testng.TestNGXmlTestSuite.execute(TestNGXmlTestSuite.java:75)
at org.apache.maven.surefire.testng.TestNGProvider.invoke(TestNGProvider.java:120)
at org.apache.maven.surefire.booter.ForkedBooter.invokeProviderInSameClassLoader(ForkedBooter.java:384)
at org.apache.maven.surefire.booter.ForkedBooter.runSuitesInProcess(ForkedBooter.java:345)
at org.apache.maven.surefire.booter.ForkedBooter.execute(ForkedBooter.java:126)
at org.apache.maven.surefire.booter.ForkedBooter.main(ForkedBooter.java:418)
]]>
    </failure>
  </testcase> <!-- verifyDateParse -->
  <system-out>
Enter data February ,29, 2010
 Entered value as February ,29, 2010
 Tap on Submit
 Submitted
 Verify that parsing result should shown as Invalid Date
  
 Verification failed getting parsing result as [ Invalid Date ] instead of [ Mon Mar 01 2010 00:00:00 GMT+0000 ] for Enter value is February ,29, 2010
  </system-out>
  <testcase name="verifyDateParse" time="2.890" classname="test.propin.TestDateParsing">
    <failure type="java.lang.AssertionError" message=" 
 Verification failed getting parsing result as [ Tue Feb 17 2009 00:00:00 GMT+0000 ] instead of [ Invalid date ] for Enter value is -17 Feb, -2009 expected [true] but found [false]">
      <![CDATA[java.lang.AssertionError:  
 Verification failed getting parsing result as [ Tue Feb 17 2009 00:00:00 GMT+0000 ] instead of [ Invalid date ] for Enter value is -17 Feb, -2009 expected [true] but found [false]
at org.testng.Assert.fail(Assert.java:97)
at org.testng.Assert.failNotEquals(Assert.java:969)
at org.testng.Assert.assertTrue(Assert.java:43)
at test.propin.TestDateParsing.verifyDateParse(TestDateParsing.java:35)
at sun.reflect.GeneratedMethodAccessor3.invoke(Unknown Source)
at sun.reflect.DelegatingMethodAccessorImpl.invoke(DelegatingMethodAccessorImpl.java:43)
at java.lang.reflect.Method.invoke(Method.java:498)
at org.testng.internal.MethodInvocationHelper.invokeMethod(MethodInvocationHelper.java:134)
at org.testng.internal.TestInvoker.invokeMethod(TestInvoker.java:597)
at org.testng.internal.TestInvoker.invokeTestMethod(TestInvoker.java:173)
at org.testng.internal.MethodRunner.runInSequence(MethodRunner.java:46)
at org.testng.internal.TestInvoker$MethodInvocationAgent.invoke(TestInvoker.java:816)
at org.testng.internal.TestInvoker.invokeTestMethods(TestInvoker.java:146)
at org.testng.internal.TestMethodWorker.invokeTestMethods(TestMethodWorker.java:146)
at org.testng.internal.TestMethodWorker.run(TestMethodWorker.java:128)
at java.util.ArrayList.forEach(ArrayList.java:1257)
at org.testng.TestRunner.privateRun(TestRunner.java:766)
at org.testng.TestRunner.run(TestRunner.java:587)
at org.testng.SuiteRunner.runTest(SuiteRunner.java:384)
at org.testng.SuiteRunner.runSequentially(SuiteRunner.java:378)
at org.testng.SuiteRunner.privateRun(SuiteRunner.java:337)
at org.testng.SuiteRunner.run(SuiteRunner.java:286)
at org.testng.SuiteRunnerWorker.runSuite(SuiteRunnerWorker.java:53)
at org.testng.SuiteRunnerWorker.run(SuiteRunnerWorker.java:96)
at org.testng.TestNG.runSuitesSequentially(TestNG.java:1187)
at org.testng.TestNG.runSuitesLocally(TestNG.java:1109)
at org.testng.TestNG.runSuites(TestNG.java:1039)
at org.testng.TestNG.run(TestNG.java:1007)
at org.apache.maven.surefire.testng.TestNGExecutor.run(TestNGExecutor.java:283)
at org.apache.maven.surefire.testng.TestNGXmlTestSuite.execute(TestNGXmlTestSuite.java:75)
at org.apache.maven.surefire.testng.TestNGProvider.invoke(TestNGProvider.java:120)
at org.apache.maven.surefire.booter.ForkedBooter.invokeProviderInSameClassLoader(ForkedBooter.java:384)
at org.apache.maven.surefire.booter.ForkedBooter.runSuitesInProcess(ForkedBooter.java:345)
at org.apache.maven.surefire.booter.ForkedBooter.execute(ForkedBooter.java:126)
at org.apache.maven.surefire.booter.ForkedBooter.main(ForkedBooter.java:418)
]]>
    </failure>
  </testcase> <!-- verifyDateParse -->
  <system-out>
Enter data -17 Feb, -2009
 Entered value as -17 Feb, -2009
 Tap on Submit
 Submitted
 Verify that parsing result should shown as Tue Feb 17 2009 00:00:00 GMT+0000
  
 Verification failed getting parsing result as [ Tue Feb 17 2009 00:00:00 GMT+0000 ] instead of [ Invalid date ] for Enter value is -17 Feb, -2009
  </system-out>
  <testcase name="verifyDateParse" time="2.807" classname="test.propin.TestDateParsing">
    <failure type="java.lang.AssertionError" message=" 
 Verification failed getting parsing result as [ Tue Feb 17 2009 00:00:00 GMT+0000 ] instead of [ Invalid date ] for Enter value is -2009, Feb -17 expected [true] but found [false]">
      <![CDATA[java.lang.AssertionError:  
 Verification failed getting parsing result as [ Tue Feb 17 2009 00:00:00 GMT+0000 ] instead of [ Invalid date ] for Enter value is -2009, Feb -17 expected [true] but found [false]
at org.testng.Assert.fail(Assert.java:97)
at org.testng.Assert.failNotEquals(Assert.java:969)
at org.testng.Assert.assertTrue(Assert.java:43)
at test.propin.TestDateParsing.verifyDateParse(TestDateParsing.java:35)
at sun.reflect.GeneratedMethodAccessor3.invoke(Unknown Source)
at sun.reflect.DelegatingMethodAccessorImpl.invoke(DelegatingMethodAccessorImpl.java:43)
at java.lang.reflect.Method.invoke(Method.java:498)
at org.testng.internal.MethodInvocationHelper.invokeMethod(MethodInvocationHelper.java:134)
at org.testng.internal.TestInvoker.invokeMethod(TestInvoker.java:597)
at org.testng.internal.TestInvoker.invokeTestMethod(TestInvoker.java:173)
at org.testng.internal.MethodRunner.runInSequence(MethodRunner.java:46)
at org.testng.internal.TestInvoker$MethodInvocationAgent.invoke(TestInvoker.java:816)
at org.testng.internal.TestInvoker.invokeTestMethods(TestInvoker.java:146)
at org.testng.internal.TestMethodWorker.invokeTestMethods(TestMethodWorker.java:146)
at org.testng.internal.TestMethodWorker.run(TestMethodWorker.java:128)
at java.util.ArrayList.forEach(ArrayList.java:1257)
at org.testng.TestRunner.privateRun(TestRunner.java:766)
at org.testng.TestRunner.run(TestRunner.java:587)
at org.testng.SuiteRunner.runTest(SuiteRunner.java:384)
at org.testng.SuiteRunner.runSequentially(SuiteRunner.java:378)
at org.testng.SuiteRunner.privateRun(SuiteRunner.java:337)
at org.testng.SuiteRunner.run(SuiteRunner.java:286)
at org.testng.SuiteRunnerWorker.runSuite(SuiteRunnerWorker.java:53)
at org.testng.SuiteRunnerWorker.run(SuiteRunnerWorker.java:96)
at org.testng.TestNG.runSuitesSequentially(TestNG.java:1187)
at org.testng.TestNG.runSuitesLocally(TestNG.java:1109)
at org.testng.TestNG.runSuites(TestNG.java:1039)
at org.testng.TestNG.run(TestNG.java:1007)
at org.apache.maven.surefire.testng.TestNGExecutor.run(TestNGExecutor.java:283)
at org.apache.maven.surefire.testng.TestNGXmlTestSuite.execute(TestNGXmlTestSuite.java:75)
at org.apache.maven.surefire.testng.TestNGProvider.invoke(TestNGProvider.java:120)
at org.apache.maven.surefire.booter.ForkedBooter.invokeProviderInSameClassLoader(ForkedBooter.java:384)
at org.apache.maven.surefire.booter.ForkedBooter.runSuitesInProcess(ForkedBooter.java:345)
at org.apache.maven.surefire.booter.ForkedBooter.execute(ForkedBooter.java:126)
at org.apache.maven.surefire.booter.ForkedBooter.main(ForkedBooter.java:418)
]]>
    </failure>
  </testcase> <!-- verifyDateParse -->
  <system-out>
Enter data -2009, Feb -17
 Entered value as -2009, Feb -17
 Tap on Submit
 Submitted
 Verify that parsing result should shown as Tue Feb 17 2009 00:00:00 GMT+0000
  
 Verification failed getting parsing result as [ Tue Feb 17 2009 00:00:00 GMT+0000 ] instead of [ Invalid date ] for Enter value is -2009, Feb -17
  </system-out>
  <testcase name="verifyDateParse" time="2.891" classname="test.propin.TestDateParsing"/>
  <system-out>
Enter data 17 Feb 2009
 Entered value as 17 Feb 2009
 Tap on Submit
 Submitted
 Verify that parsing result should shown as Tue Feb 17 2009 00:00:00 GMT+0000
  </system-out>
  <testcase name="verifyDateParse" time="2.827" classname="test.propin.TestDateParsing">
    <failure type="java.lang.AssertionError" message=" 
 Verification failed getting parsing result as [ Invalid Date ] instead of [ Fri Feb 01 2019 00:00:00 GMT+0000 ] for Enter value is Feb $$, 2019 expected [true] but found [false]">
      <![CDATA[java.lang.AssertionError:  
 Verification failed getting parsing result as [ Invalid Date ] instead of [ Fri Feb 01 2019 00:00:00 GMT+0000 ] for Enter value is Feb $$, 2019 expected [true] but found [false]
at org.testng.Assert.fail(Assert.java:97)
at org.testng.Assert.failNotEquals(Assert.java:969)
at org.testng.Assert.assertTrue(Assert.java:43)
at test.propin.TestDateParsing.verifyDateParse(TestDateParsing.java:35)
at sun.reflect.GeneratedMethodAccessor3.invoke(Unknown Source)
at sun.reflect.DelegatingMethodAccessorImpl.invoke(DelegatingMethodAccessorImpl.java:43)
at java.lang.reflect.Method.invoke(Method.java:498)
at org.testng.internal.MethodInvocationHelper.invokeMethod(MethodInvocationHelper.java:134)
at org.testng.internal.TestInvoker.invokeMethod(TestInvoker.java:597)
at org.testng.internal.TestInvoker.invokeTestMethod(TestInvoker.java:173)
at org.testng.internal.MethodRunner.runInSequence(MethodRunner.java:46)
at org.testng.internal.TestInvoker$MethodInvocationAgent.invoke(TestInvoker.java:816)
at org.testng.internal.TestInvoker.invokeTestMethods(TestInvoker.java:146)
at org.testng.internal.TestMethodWorker.invokeTestMethods(TestMethodWorker.java:146)
at org.testng.internal.TestMethodWorker.run(TestMethodWorker.java:128)
at java.util.ArrayList.forEach(ArrayList.java:1257)
at org.testng.TestRunner.privateRun(TestRunner.java:766)
at org.testng.TestRunner.run(TestRunner.java:587)
at org.testng.SuiteRunner.runTest(SuiteRunner.java:384)
at org.testng.SuiteRunner.runSequentially(SuiteRunner.java:378)
at org.testng.SuiteRunner.privateRun(SuiteRunner.java:337)
at org.testng.SuiteRunner.run(SuiteRunner.java:286)
at org.testng.SuiteRunnerWorker.runSuite(SuiteRunnerWorker.java:53)
at org.testng.SuiteRunnerWorker.run(SuiteRunnerWorker.java:96)
at org.testng.TestNG.runSuitesSequentially(TestNG.java:1187)
at org.testng.TestNG.runSuitesLocally(TestNG.java:1109)
at org.testng.TestNG.runSuites(TestNG.java:1039)
at org.testng.TestNG.run(TestNG.java:1007)
at org.apache.maven.surefire.testng.TestNGExecutor.run(TestNGExecutor.java:283)
at org.apache.maven.surefire.testng.TestNGXmlTestSuite.execute(TestNGXmlTestSuite.java:75)
at org.apache.maven.surefire.testng.TestNGProvider.invoke(TestNGProvider.java:120)
at org.apache.maven.surefire.booter.ForkedBooter.invokeProviderInSameClassLoader(ForkedBooter.java:384)
at org.apache.maven.surefire.booter.ForkedBooter.runSuitesInProcess(ForkedBooter.java:345)
at org.apache.maven.surefire.booter.ForkedBooter.execute(ForkedBooter.java:126)
at org.apache.maven.surefire.booter.ForkedBooter.main(ForkedBooter.java:418)
]]>
    </failure>
  </testcase> <!-- verifyDateParse -->
  <system-out>
Enter data Feb $$, 2019
 Entered value as Feb $$, 2019
 Tap on Submit
 Submitted
 Verify that parsing result should shown as Invalid Date
  
 Verification failed getting parsing result as [ Invalid Date ] instead of [ Fri Feb 01 2019 00:00:00 GMT+0000 ] for Enter value is Feb $$, 2019
  </system-out>
  <testcase name="verifyDateParse" time="2.815" classname="test.propin.TestDateParsing">
    <failure type="java.lang.AssertionError" message=" 
 Verification failed getting parsing result as [ Invalid Date ] instead of [ Mon Mar 01 2010 00:00:00 GMT+0000 ] for Enter value is Feb 29 2010 expected [true] but found [false]">
      <![CDATA[java.lang.AssertionError:  
 Verification failed getting parsing result as [ Invalid Date ] instead of [ Mon Mar 01 2010 00:00:00 GMT+0000 ] for Enter value is Feb 29 2010 expected [true] but found [false]
at org.testng.Assert.fail(Assert.java:97)
at org.testng.Assert.failNotEquals(Assert.java:969)
at org.testng.Assert.assertTrue(Assert.java:43)
at test.propin.TestDateParsing.verifyDateParse(TestDateParsing.java:35)
at sun.reflect.GeneratedMethodAccessor3.invoke(Unknown Source)
at sun.reflect.DelegatingMethodAccessorImpl.invoke(DelegatingMethodAccessorImpl.java:43)
at java.lang.reflect.Method.invoke(Method.java:498)
at org.testng.internal.MethodInvocationHelper.invokeMethod(MethodInvocationHelper.java:134)
at org.testng.internal.TestInvoker.invokeMethod(TestInvoker.java:597)
at org.testng.internal.TestInvoker.invokeTestMethod(TestInvoker.java:173)
at org.testng.internal.MethodRunner.runInSequence(MethodRunner.java:46)
at org.testng.internal.TestInvoker$MethodInvocationAgent.invoke(TestInvoker.java:816)
at org.testng.internal.TestInvoker.invokeTestMethods(TestInvoker.java:146)
at org.testng.internal.TestMethodWorker.invokeTestMethods(TestMethodWorker.java:146)
at org.testng.internal.TestMethodWorker.run(TestMethodWorker.java:128)
at java.util.ArrayList.forEach(ArrayList.java:1257)
at org.testng.TestRunner.privateRun(TestRunner.java:766)
at org.testng.TestRunner.run(TestRunner.java:587)
at org.testng.SuiteRunner.runTest(SuiteRunner.java:384)
at org.testng.SuiteRunner.runSequentially(SuiteRunner.java:378)
at org.testng.SuiteRunner.privateRun(SuiteRunner.java:337)
at org.testng.SuiteRunner.run(SuiteRunner.java:286)
at org.testng.SuiteRunnerWorker.runSuite(SuiteRunnerWorker.java:53)
at org.testng.SuiteRunnerWorker.run(SuiteRunnerWorker.java:96)
at org.testng.TestNG.runSuitesSequentially(TestNG.java:1187)
at org.testng.TestNG.runSuitesLocally(TestNG.java:1109)
at org.testng.TestNG.runSuites(TestNG.java:1039)
at org.testng.TestNG.run(TestNG.java:1007)
at org.apache.maven.surefire.testng.TestNGExecutor.run(TestNGExecutor.java:283)
at org.apache.maven.surefire.testng.TestNGXmlTestSuite.execute(TestNGXmlTestSuite.java:75)
at org.apache.maven.surefire.testng.TestNGProvider.invoke(TestNGProvider.java:120)
at org.apache.maven.surefire.booter.ForkedBooter.invokeProviderInSameClassLoader(ForkedBooter.java:384)
at org.apache.maven.surefire.booter.ForkedBooter.runSuitesInProcess(ForkedBooter.java:345)
at org.apache.maven.surefire.booter.ForkedBooter.execute(ForkedBooter.java:126)
at org.apache.maven.surefire.booter.ForkedBooter.main(ForkedBooter.java:418)
]]>
    </failure>
  </testcase> <!-- verifyDateParse -->
  <system-out>
Enter data Feb 29 2010
 Entered value as Feb 29 2010
 Tap on Submit
 Submitted
 Verify that parsing result should shown as Invalid Date
  
 Verification failed getting parsing result as [ Invalid Date ] instead of [ Mon Mar 01 2010 00:00:00 GMT+0000 ] for Enter value is Feb 29 2010
  </system-out>
  <testcase name="verifyDateParse" time="2.841" classname="test.propin.TestDateParsing"/>
  <system-out>
Enter data Dec 02, 0002
 Entered value as Dec 02, 0002
 Tap on Submit
 Submitted
 Verify that parsing result should shown as Mon Dec 02 2002 00:00:00 GMT+0000
  </system-out>
  <testcase name="verifyDateParse" time="2.870" classname="test.propin.TestDateParsing">
    <failure type="java.lang.AssertionError" message=" 
 Verification failed getting parsing result as [ Mon Dec 02 2002 00:00:00 GMT+0000 ] instead of [ Tue Feb 12 2002 00:00:00 GMT+0000 ] for Enter value is 2 12 0002 expected [true] but found [false]">
      <![CDATA[java.lang.AssertionError:  
 Verification failed getting parsing result as [ Mon Dec 02 2002 00:00:00 GMT+0000 ] instead of [ Tue Feb 12 2002 00:00:00 GMT+0000 ] for Enter value is 2 12 0002 expected [true] but found [false]
at org.testng.Assert.fail(Assert.java:97)
at org.testng.Assert.failNotEquals(Assert.java:969)
at org.testng.Assert.assertTrue(Assert.java:43)
at test.propin.TestDateParsing.verifyDateParse(TestDateParsing.java:35)
at sun.reflect.NativeMethodAccessorImpl.invoke0(Native Method)
at sun.reflect.NativeMethodAccessorImpl.invoke(NativeMethodAccessorImpl.java:62)
at sun.reflect.DelegatingMethodAccessorImpl.invoke(DelegatingMethodAccessorImpl.java:43)
at java.lang.reflect.Method.invoke(Method.java:498)
at org.testng.internal.MethodInvocationHelper.invokeMethod(MethodInvocationHelper.java:134)
at org.testng.internal.TestInvoker.invokeMethod(TestInvoker.java:597)
at org.testng.internal.TestInvoker.invokeTestMethod(TestInvoker.java:173)
at org.testng.internal.MethodRunner.runInSequence(MethodRunner.java:46)
at org.testng.internal.TestInvoker$MethodInvocationAgent.invoke(TestInvoker.java:816)
at org.testng.internal.TestInvoker.invokeTestMethods(TestInvoker.java:146)
at org.testng.internal.TestMethodWorker.invokeTestMethods(TestMethodWorker.java:146)
at org.testng.internal.TestMethodWorker.run(TestMethodWorker.java:128)
at java.util.ArrayList.forEach(ArrayList.java:1257)
at org.testng.TestRunner.privateRun(TestRunner.java:766)
at org.testng.TestRunner.run(TestRunner.java:587)
at org.testng.SuiteRunner.runTest(SuiteRunner.java:384)
at org.testng.SuiteRunner.runSequentially(SuiteRunner.java:378)
at org.testng.SuiteRunner.privateRun(SuiteRunner.java:337)
at org.testng.SuiteRunner.run(SuiteRunner.java:286)
at org.testng.SuiteRunnerWorker.runSuite(SuiteRunnerWorker.java:53)
at org.testng.SuiteRunnerWorker.run(SuiteRunnerWorker.java:96)
at org.testng.TestNG.runSuitesSequentially(TestNG.java:1187)
at org.testng.TestNG.runSuitesLocally(TestNG.java:1109)
at org.testng.TestNG.runSuites(TestNG.java:1039)
at org.testng.TestNG.run(TestNG.java:1007)
at org.apache.maven.surefire.testng.TestNGExecutor.run(TestNGExecutor.java:283)
at org.apache.maven.surefire.testng.TestNGXmlTestSuite.execute(TestNGXmlTestSuite.java:75)
at org.apache.maven.surefire.testng.TestNGProvider.invoke(TestNGProvider.java:120)
at org.apache.maven.surefire.booter.ForkedBooter.invokeProviderInSameClassLoader(ForkedBooter.java:384)
at org.apache.maven.surefire.booter.ForkedBooter.runSuitesInProcess(ForkedBooter.java:345)
at org.apache.maven.surefire.booter.ForkedBooter.execute(ForkedBooter.java:126)
at org.apache.maven.surefire.booter.ForkedBooter.main(ForkedBooter.java:418)
]]>
    </failure>
  </testcase> <!-- verifyDateParse -->
  <system-out>
Enter data 2 12 0002
 Entered value as 2 12 0002
 Tap on Submit
 Submitted
 Verify that parsing result should shown as Mon Dec 02 2002 00:00:00 GMT+0000
  
 Verification failed getting parsing result as [ Mon Dec 02 2002 00:00:00 GMT+0000 ] instead of [ Tue Feb 12 2002 00:00:00 GMT+0000 ] for Enter value is 2 12 0002
  </system-out>
  <testcase name="verifyDateParse" time="3.510" classname="test.propin.TestDateParsing">
    <failure type="java.lang.AssertionError" message=" 
 Verification failed getting parsing result as [ Wed Feb 29 2012 00:00:00 GMT+0000 ] instead of [ Invalid date ] for Enter value is 29 2 2012 expected [true] but found [false]">
      <![CDATA[java.lang.AssertionError:  
 Verification failed getting parsing result as [ Wed Feb 29 2012 00:00:00 GMT+0000 ] instead of [ Invalid date ] for Enter value is 29 2 2012 expected [true] but found [false]
at org.testng.Assert.fail(Assert.java:97)
at org.testng.Assert.failNotEquals(Assert.java:969)
at org.testng.Assert.assertTrue(Assert.java:43)
at test.propin.TestDateParsing.verifyDateParse(TestDateParsing.java:35)
at sun.reflect.NativeMethodAccessorImpl.invoke0(Native Method)
at sun.reflect.NativeMethodAccessorImpl.invoke(NativeMethodAccessorImpl.java:62)
at sun.reflect.DelegatingMethodAccessorImpl.invoke(DelegatingMethodAccessorImpl.java:43)
at java.lang.reflect.Method.invoke(Method.java:498)
at org.testng.internal.MethodInvocationHelper.invokeMethod(MethodInvocationHelper.java:134)
at org.testng.internal.TestInvoker.invokeMethod(TestInvoker.java:597)
at org.testng.internal.TestInvoker.invokeTestMethod(TestInvoker.java:173)
at org.testng.internal.MethodRunner.runInSequence(MethodRunner.java:46)
at org.testng.internal.TestInvoker$MethodInvocationAgent.invoke(TestInvoker.java:816)
at org.testng.internal.TestInvoker.invokeTestMethods(TestInvoker.java:146)
at org.testng.internal.TestMethodWorker.invokeTestMethods(TestMethodWorker.java:146)
at org.testng.internal.TestMethodWorker.run(TestMethodWorker.java:128)
at java.util.ArrayList.forEach(ArrayList.java:1257)
at org.testng.TestRunner.privateRun(TestRunner.java:766)
at org.testng.TestRunner.run(TestRunner.java:587)
at org.testng.SuiteRunner.runTest(SuiteRunner.java:384)
at org.testng.SuiteRunner.runSequentially(SuiteRunner.java:378)
at org.testng.SuiteRunner.privateRun(SuiteRunner.java:337)
at org.testng.SuiteRunner.run(SuiteRunner.java:286)
at org.testng.SuiteRunnerWorker.runSuite(SuiteRunnerWorker.java:53)
at org.testng.SuiteRunnerWorker.run(SuiteRunnerWorker.java:96)
at org.testng.TestNG.runSuitesSequentially(TestNG.java:1187)
at org.testng.TestNG.runSuitesLocally(TestNG.java:1109)
at org.testng.TestNG.runSuites(TestNG.java:1039)
at org.testng.TestNG.run(TestNG.java:1007)
at org.apache.maven.surefire.testng.TestNGExecutor.run(TestNGExecutor.java:283)
at org.apache.maven.surefire.testng.TestNGXmlTestSuite.execute(TestNGXmlTestSuite.java:75)
at org.apache.maven.surefire.testng.TestNGProvider.invoke(TestNGProvider.java:120)
at org.apache.maven.surefire.booter.ForkedBooter.invokeProviderInSameClassLoader(ForkedBooter.java:384)
at org.apache.maven.surefire.booter.ForkedBooter.runSuitesInProcess(ForkedBooter.java:345)
at org.apache.maven.surefire.booter.ForkedBooter.execute(ForkedBooter.java:126)
at org.apache.maven.surefire.booter.ForkedBooter.main(ForkedBooter.java:418)
]]>
    </failure>
  </testcase> <!-- verifyDateParse -->
  <system-out>
Enter data 29 2 2012
 Entered value as 29 2 2012
 Tap on Submit
 Submitted
 Verify that parsing result should shown as Wed Feb 29 2012 00:00:00 GMT+0000
  
 Verification failed getting parsing result as [ Wed Feb 29 2012 00:00:00 GMT+0000 ] instead of [ Invalid date ] for Enter value is 29 2 2012
  </system-out>
  <testcase name="verifyDateParse" time="2.864" classname="test.propin.TestDateParsing">
    <failure type="java.lang.AssertionError" message=" 
 Verification failed getting parsing result as [ Tue Feb 17 2009 00:00:00 GMT+0000 ] instead of [ Invalid date ] for Enter value is -2009-/-2/-17 expected [true] but found [false]">
      <![CDATA[java.lang.AssertionError:  
 Verification failed getting parsing result as [ Tue Feb 17 2009 00:00:00 GMT+0000 ] instead of [ Invalid date ] for Enter value is -2009-/-2/-17 expected [true] but found [false]
at org.testng.Assert.fail(Assert.java:97)
at org.testng.Assert.failNotEquals(Assert.java:969)
at org.testng.Assert.assertTrue(Assert.java:43)
at test.propin.TestDateParsing.verifyDateParse(TestDateParsing.java:35)
at sun.reflect.GeneratedMethodAccessor3.invoke(Unknown Source)
at sun.reflect.DelegatingMethodAccessorImpl.invoke(DelegatingMethodAccessorImpl.java:43)
at java.lang.reflect.Method.invoke(Method.java:498)
at org.testng.internal.MethodInvocationHelper.invokeMethod(MethodInvocationHelper.java:134)
at org.testng.internal.TestInvoker.invokeMethod(TestInvoker.java:597)
at org.testng.internal.TestInvoker.invokeTestMethod(TestInvoker.java:173)
at org.testng.internal.MethodRunner.runInSequence(MethodRunner.java:46)
at org.testng.internal.TestInvoker$MethodInvocationAgent.invoke(TestInvoker.java:816)
at org.testng.internal.TestInvoker.invokeTestMethods(TestInvoker.java:146)
at org.testng.internal.TestMethodWorker.invokeTestMethods(TestMethodWorker.java:146)
at org.testng.internal.TestMethodWorker.run(TestMethodWorker.java:128)
at java.util.ArrayList.forEach(ArrayList.java:1257)
at org.testng.TestRunner.privateRun(TestRunner.java:766)
at org.testng.TestRunner.run(TestRunner.java:587)
at org.testng.SuiteRunner.runTest(SuiteRunner.java:384)
at org.testng.SuiteRunner.runSequentially(SuiteRunner.java:378)
at org.testng.SuiteRunner.privateRun(SuiteRunner.java:337)
at org.testng.SuiteRunner.run(SuiteRunner.java:286)
at org.testng.SuiteRunnerWorker.runSuite(SuiteRunnerWorker.java:53)
at org.testng.SuiteRunnerWorker.run(SuiteRunnerWorker.java:96)
at org.testng.TestNG.runSuitesSequentially(TestNG.java:1187)
at org.testng.TestNG.runSuitesLocally(TestNG.java:1109)
at org.testng.TestNG.runSuites(TestNG.java:1039)
at org.testng.TestNG.run(TestNG.java:1007)
at org.apache.maven.surefire.testng.TestNGExecutor.run(TestNGExecutor.java:283)
at org.apache.maven.surefire.testng.TestNGXmlTestSuite.execute(TestNGXmlTestSuite.java:75)
at org.apache.maven.surefire.testng.TestNGProvider.invoke(TestNGProvider.java:120)
at org.apache.maven.surefire.booter.ForkedBooter.invokeProviderInSameClassLoader(ForkedBooter.java:384)
at org.apache.maven.surefire.booter.ForkedBooter.runSuitesInProcess(ForkedBooter.java:345)
at org.apache.maven.surefire.booter.ForkedBooter.execute(ForkedBooter.java:126)
at org.apache.maven.surefire.booter.ForkedBooter.main(ForkedBooter.java:418)
]]>
    </failure>
  </testcase> <!-- verifyDateParse -->
  <system-out>
Enter data -2009-/-2/-17
 Entered value as -2009-/-2/-17
 Tap on Submit
 Submitted
 Verify that parsing result should shown as Tue Feb 17 2009 00:00:00 GMT+0000
  
 Verification failed getting parsing result as [ Tue Feb 17 2009 00:00:00 GMT+0000 ] instead of [ Invalid date ] for Enter value is -2009-/-2/-17
  </system-out>
  <testcase name="verifyDateParse" time="2.936" classname="test.propin.TestDateParsing"/>
  <system-out>
Enter data 13/13/2019
 Entered value as 13/13/2019
 Tap on Submit
 Submitted
 Verify that parsing result should shown as Invalid Date
  </system-out>
  <testcase name="verifyDateParse" time="2.785" classname="test.propin.TestDateParsing"/>
  <system-out>
Enter data 2/$$/2019
 Entered value as 2/$$/2019
 Tap on Submit
 Submitted
 Verify that parsing result should shown as Invalid Date
  </system-out>
  <testcase name="verifyDateParse" time="2.871" classname="test.propin.TestDateParsing"/>
  <system-out>
Enter data 2012/2/29
 Entered value as 2012/2/29
 Tap on Submit
 Submitted
 Verify that parsing result should shown as Wed Feb 29 2012 00:00:00 GMT+0000
  </system-out>
  <testcase name="verifyDateParse" time="2.852" classname="test.propin.TestDateParsing"/>
  <system-out>
Enter data 12/ 2/0002
 Entered value as 12/ 2/0002
 Tap on Submit
 Submitted
 Verify that parsing result should shown as Mon Dec 02 2002 00:00:00 GMT+0000
  </system-out>
  <testcase name="verifyDateParse" time="2.867" classname="test.propin.TestDateParsing">
    <failure type="java.lang.AssertionError" message=" 
 Verification failed getting parsing result as [ Tue Feb 17 2009 00:00:00 GMT+0000 ] instead of [ Invalid date ] for Enter value is 17/02/2009 expected [true] but found [false]">
      <![CDATA[java.lang.AssertionError:  
 Verification failed getting parsing result as [ Tue Feb 17 2009 00:00:00 GMT+0000 ] instead of [ Invalid date ] for Enter value is 17/02/2009 expected [true] but found [false]
at org.testng.Assert.fail(Assert.java:97)
at org.testng.Assert.failNotEquals(Assert.java:969)
at org.testng.Assert.assertTrue(Assert.java:43)
at test.propin.TestDateParsing.verifyDateParse(TestDateParsing.java:35)
at sun.reflect.GeneratedMethodAccessor3.invoke(Unknown Source)
at sun.reflect.DelegatingMethodAccessorImpl.invoke(DelegatingMethodAccessorImpl.java:43)
at java.lang.reflect.Method.invoke(Method.java:498)
at org.testng.internal.MethodInvocationHelper.invokeMethod(MethodInvocationHelper.java:134)
at org.testng.internal.TestInvoker.invokeMethod(TestInvoker.java:597)
at org.testng.internal.TestInvoker.invokeTestMethod(TestInvoker.java:173)
at org.testng.internal.MethodRunner.runInSequence(MethodRunner.java:46)
at org.testng.internal.TestInvoker$MethodInvocationAgent.invoke(TestInvoker.java:816)
at org.testng.internal.TestInvoker.invokeTestMethods(TestInvoker.java:146)
at org.testng.internal.TestMethodWorker.invokeTestMethods(TestMethodWorker.java:146)
at org.testng.internal.TestMethodWorker.run(TestMethodWorker.java:128)
at java.util.ArrayList.forEach(ArrayList.java:1257)
at org.testng.TestRunner.privateRun(TestRunner.java:766)
at org.testng.TestRunner.run(TestRunner.java:587)
at org.testng.SuiteRunner.runTest(SuiteRunner.java:384)
at org.testng.SuiteRunner.runSequentially(SuiteRunner.java:378)
at org.testng.SuiteRunner.privateRun(SuiteRunner.java:337)
at org.testng.SuiteRunner.run(SuiteRunner.java:286)
at org.testng.SuiteRunnerWorker.runSuite(SuiteRunnerWorker.java:53)
at org.testng.SuiteRunnerWorker.run(SuiteRunnerWorker.java:96)
at org.testng.TestNG.runSuitesSequentially(TestNG.java:1187)
at org.testng.TestNG.runSuitesLocally(TestNG.java:1109)
at org.testng.TestNG.runSuites(TestNG.java:1039)
at org.testng.TestNG.run(TestNG.java:1007)
at org.apache.maven.surefire.testng.TestNGExecutor.run(TestNGExecutor.java:283)
at org.apache.maven.surefire.testng.TestNGXmlTestSuite.execute(TestNGXmlTestSuite.java:75)
at org.apache.maven.surefire.testng.TestNGProvider.invoke(TestNGProvider.java:120)
at org.apache.maven.surefire.booter.ForkedBooter.invokeProviderInSameClassLoader(ForkedBooter.java:384)
at org.apache.maven.surefire.booter.ForkedBooter.runSuitesInProcess(ForkedBooter.java:345)
at org.apache.maven.surefire.booter.ForkedBooter.execute(ForkedBooter.java:126)
at org.apache.maven.surefire.booter.ForkedBooter.main(ForkedBooter.java:418)
]]>
    </failure>
  </testcase> <!-- verifyDateParse -->
  <system-out>
Enter data 17/02/2009
 Entered value as 17/02/2009
 Tap on Submit
 Submitted
 Verify that parsing result should shown as Tue Feb 17 2009 00:00:00 GMT+0000
  
 Verification failed getting parsing result as [ Tue Feb 17 2009 00:00:00 GMT+0000 ] instead of [ Invalid date ] for Enter value is 17/02/2009
  </system-out>
  <testcase name="verifyDateParse" time="2.973" classname="test.propin.TestDateParsing">
    <failure type="java.lang.AssertionError" message=" 
 Verification failed getting parsing result as [ Tue Feb 17 2009 00:00:00 GMT+0000 ] instead of [ Invalid date ] for Enter value is  -17/ -2/-2009 expected [true] but found [false]">
      <![CDATA[java.lang.AssertionError:  
 Verification failed getting parsing result as [ Tue Feb 17 2009 00:00:00 GMT+0000 ] instead of [ Invalid date ] for Enter value is  -17/ -2/-2009 expected [true] but found [false]
at org.testng.Assert.fail(Assert.java:97)
at org.testng.Assert.failNotEquals(Assert.java:969)
at org.testng.Assert.assertTrue(Assert.java:43)
at test.propin.TestDateParsing.verifyDateParse(TestDateParsing.java:35)
at sun.reflect.GeneratedMethodAccessor3.invoke(Unknown Source)
at sun.reflect.DelegatingMethodAccessorImpl.invoke(DelegatingMethodAccessorImpl.java:43)
at java.lang.reflect.Method.invoke(Method.java:498)
at org.testng.internal.MethodInvocationHelper.invokeMethod(MethodInvocationHelper.java:134)
at org.testng.internal.TestInvoker.invokeMethod(TestInvoker.java:597)
at org.testng.internal.TestInvoker.invokeTestMethod(TestInvoker.java:173)
at org.testng.internal.MethodRunner.runInSequence(MethodRunner.java:46)
at org.testng.internal.TestInvoker$MethodInvocationAgent.invoke(TestInvoker.java:816)
at org.testng.internal.TestInvoker.invokeTestMethods(TestInvoker.java:146)
at org.testng.internal.TestMethodWorker.invokeTestMethods(TestMethodWorker.java:146)
at org.testng.internal.TestMethodWorker.run(TestMethodWorker.java:128)
at java.util.ArrayList.forEach(ArrayList.java:1257)
at org.testng.TestRunner.privateRun(TestRunner.java:766)
at org.testng.TestRunner.run(TestRunner.java:587)
at org.testng.SuiteRunner.runTest(SuiteRunner.java:384)
at org.testng.SuiteRunner.runSequentially(SuiteRunner.java:378)
at org.testng.SuiteRunner.privateRun(SuiteRunner.java:337)
at org.testng.SuiteRunner.run(SuiteRunner.java:286)
at org.testng.SuiteRunnerWorker.runSuite(SuiteRunnerWorker.java:53)
at org.testng.SuiteRunnerWorker.run(SuiteRunnerWorker.java:96)
at org.testng.TestNG.runSuitesSequentially(TestNG.java:1187)
at org.testng.TestNG.runSuitesLocally(TestNG.java:1109)
at org.testng.TestNG.runSuites(TestNG.java:1039)
at org.testng.TestNG.run(TestNG.java:1007)
at org.apache.maven.surefire.testng.TestNGExecutor.run(TestNGExecutor.java:283)
at org.apache.maven.surefire.testng.TestNGXmlTestSuite.execute(TestNGXmlTestSuite.java:75)
at org.apache.maven.surefire.testng.TestNGProvider.invoke(TestNGProvider.java:120)
at org.apache.maven.surefire.booter.ForkedBooter.invokeProviderInSameClassLoader(ForkedBooter.java:384)
at org.apache.maven.surefire.booter.ForkedBooter.runSuitesInProcess(ForkedBooter.java:345)
at org.apache.maven.surefire.booter.ForkedBooter.execute(ForkedBooter.java:126)
at org.apache.maven.surefire.booter.ForkedBooter.main(ForkedBooter.java:418)
]]>
    </failure>
  </testcase> <!-- verifyDateParse -->
  <system-out>
Enter data  -17/ -2/-2009
 Entered value as  -17/ -2/-2009
 Tap on Submit
 Submitted
 Verify that parsing result should shown as Tue Feb 17 2009 00:00:00 GMT+0000
  
 Verification failed getting parsing result as [ Tue Feb 17 2009 00:00:00 GMT+0000 ] instead of [ Invalid date ] for Enter value is  -17/ -2/-2009
  </system-out>
  <testcase name="verifyDateParse" time="2.839" classname="test.propin.TestDateParsing">
    <failure type="java.lang.AssertionError" message=" 
 Verification failed getting parsing result as [ Invalid Date ] instead of [ Mon Mar 01 2010 00:00:00 GMT+0000 ] for Enter value is   02/29/2010 expected [true] but found [false]">
      <![CDATA[java.lang.AssertionError:  
 Verification failed getting parsing result as [ Invalid Date ] instead of [ Mon Mar 01 2010 00:00:00 GMT+0000 ] for Enter value is   02/29/2010 expected [true] but found [false]
at org.testng.Assert.fail(Assert.java:97)
at org.testng.Assert.failNotEquals(Assert.java:969)
at org.testng.Assert.assertTrue(Assert.java:43)
at test.propin.TestDateParsing.verifyDateParse(TestDateParsing.java:35)
at sun.reflect.GeneratedMethodAccessor3.invoke(Unknown Source)
at sun.reflect.DelegatingMethodAccessorImpl.invoke(DelegatingMethodAccessorImpl.java:43)
at java.lang.reflect.Method.invoke(Method.java:498)
at org.testng.internal.MethodInvocationHelper.invokeMethod(MethodInvocationHelper.java:134)
at org.testng.internal.TestInvoker.invokeMethod(TestInvoker.java:597)
at org.testng.internal.TestInvoker.invokeTestMethod(TestInvoker.java:173)
at org.testng.internal.MethodRunner.runInSequence(MethodRunner.java:46)
at org.testng.internal.TestInvoker$MethodInvocationAgent.invoke(TestInvoker.java:816)
at org.testng.internal.TestInvoker.invokeTestMethods(TestInvoker.java:146)
at org.testng.internal.TestMethodWorker.invokeTestMethods(TestMethodWorker.java:146)
at org.testng.internal.TestMethodWorker.run(TestMethodWorker.java:128)
at java.util.ArrayList.forEach(ArrayList.java:1257)
at org.testng.TestRunner.privateRun(TestRunner.java:766)
at org.testng.TestRunner.run(TestRunner.java:587)
at org.testng.SuiteRunner.runTest(SuiteRunner.java:384)
at org.testng.SuiteRunner.runSequentially(SuiteRunner.java:378)
at org.testng.SuiteRunner.privateRun(SuiteRunner.java:337)
at org.testng.SuiteRunner.run(SuiteRunner.java:286)
at org.testng.SuiteRunnerWorker.runSuite(SuiteRunnerWorker.java:53)
at org.testng.SuiteRunnerWorker.run(SuiteRunnerWorker.java:96)
at org.testng.TestNG.runSuitesSequentially(TestNG.java:1187)
at org.testng.TestNG.runSuitesLocally(TestNG.java:1109)
at org.testng.TestNG.runSuites(TestNG.java:1039)
at org.testng.TestNG.run(TestNG.java:1007)
at org.apache.maven.surefire.testng.TestNGExecutor.run(TestNGExecutor.java:283)
at org.apache.maven.surefire.testng.TestNGXmlTestSuite.execute(TestNGXmlTestSuite.java:75)
at org.apache.maven.surefire.testng.TestNGProvider.invoke(TestNGProvider.java:120)
at org.apache.maven.surefire.booter.ForkedBooter.invokeProviderInSameClassLoader(ForkedBooter.java:384)
at org.apache.maven.surefire.booter.ForkedBooter.runSuitesInProcess(ForkedBooter.java:345)
at org.apache.maven.surefire.booter.ForkedBooter.execute(ForkedBooter.java:126)
at org.apache.maven.surefire.booter.ForkedBooter.main(ForkedBooter.java:418)
]]>
    </failure>
  </testcase> <!-- verifyDateParse -->
  <system-out>
Enter data   02/29/2010
 Entered value as   02/29/2010
 Tap on Submit
 Submitted
 Verify that parsing result should shown as Invalid Date
  
 Verification failed getting parsing result as [ Invalid Date ] instead of [ Mon Mar 01 2010 00:00:00 GMT+0000 ] for Enter value is   02/29/2010
  </system-out>
  <testcase name="verifyDateParse" time="2.870" classname="test.propin.TestDateParsing"/>
  <system-out>
Enter data  2/$$/2019
 Entered value as  2/$$/2019
 Tap on Submit
 Submitted
 Verify that parsing result should shown as Invalid Date
  </system-out>
  <testcase name="verifyDateParse" time="2.922" classname="test.propin.TestDateParsing"/>
  <system-out>
Enter data 14 17 2009
 Entered value as 14 17 2009
 Tap on Submit
 Submitted
 Verify that parsing result should shown as Invalid Date
  </system-out>
  <testcase name="verifyDateParse" time="2.916" classname="test.propin.TestDateParsing">
    <failure type="java.lang.AssertionError" message=" 
 Verification failed getting parsing result as [ Mon Dec 02 2002 00:00:00 GMT+0000 ] instead of [ Tue Feb 12 2002 00:00:00 GMT+0000 ] for Enter value is 0002 12 02 expected [true] but found [false]">
      <![CDATA[java.lang.AssertionError:  
 Verification failed getting parsing result as [ Mon Dec 02 2002 00:00:00 GMT+0000 ] instead of [ Tue Feb 12 2002 00:00:00 GMT+0000 ] for Enter value is 0002 12 02 expected [true] but found [false]
at org.testng.Assert.fail(Assert.java:97)
at org.testng.Assert.failNotEquals(Assert.java:969)
at org.testng.Assert.assertTrue(Assert.java:43)
at test.propin.TestDateParsing.verifyDateParse(TestDateParsing.java:35)
at sun.reflect.GeneratedMethodAccessor3.invoke(Unknown Source)
at sun.reflect.DelegatingMethodAccessorImpl.invoke(DelegatingMethodAccessorImpl.java:43)
at java.lang.reflect.Method.invoke(Method.java:498)
at org.testng.internal.MethodInvocationHelper.invokeMethod(MethodInvocationHelper.java:134)
at org.testng.internal.TestInvoker.invokeMethod(TestInvoker.java:597)
at org.testng.internal.TestInvoker.invokeTestMethod(TestInvoker.java:173)
at org.testng.internal.MethodRunner.runInSequence(MethodRunner.java:46)
at org.testng.internal.TestInvoker$MethodInvocationAgent.invoke(TestInvoker.java:816)
at org.testng.internal.TestInvoker.invokeTestMethods(TestInvoker.java:146)
at org.testng.internal.TestMethodWorker.invokeTestMethods(TestMethodWorker.java:146)
at org.testng.internal.TestMethodWorker.run(TestMethodWorker.java:128)
at java.util.ArrayList.forEach(ArrayList.java:1257)
at org.testng.TestRunner.privateRun(TestRunner.java:766)
at org.testng.TestRunner.run(TestRunner.java:587)
at org.testng.SuiteRunner.runTest(SuiteRunner.java:384)
at org.testng.SuiteRunner.runSequentially(SuiteRunner.java:378)
at org.testng.SuiteRunner.privateRun(SuiteRunner.java:337)
at org.testng.SuiteRunner.run(SuiteRunner.java:286)
at org.testng.SuiteRunnerWorker.runSuite(SuiteRunnerWorker.java:53)
at org.testng.SuiteRunnerWorker.run(SuiteRunnerWorker.java:96)
at org.testng.TestNG.runSuitesSequentially(TestNG.java:1187)
at org.testng.TestNG.runSuitesLocally(TestNG.java:1109)
at org.testng.TestNG.runSuites(TestNG.java:1039)
at org.testng.TestNG.run(TestNG.java:1007)
at org.apache.maven.surefire.testng.TestNGExecutor.run(TestNGExecutor.java:283)
at org.apache.maven.surefire.testng.TestNGXmlTestSuite.execute(TestNGXmlTestSuite.java:75)
at org.apache.maven.surefire.testng.TestNGProvider.invoke(TestNGProvider.java:120)
at org.apache.maven.surefire.booter.ForkedBooter.invokeProviderInSameClassLoader(ForkedBooter.java:384)
at org.apache.maven.surefire.booter.ForkedBooter.runSuitesInProcess(ForkedBooter.java:345)
at org.apache.maven.surefire.booter.ForkedBooter.execute(ForkedBooter.java:126)
at org.apache.maven.surefire.booter.ForkedBooter.main(ForkedBooter.java:418)
]]>
    </failure>
  </testcase> <!-- verifyDateParse -->
  <system-out>
Enter data 0002 12 02
 Entered value as 0002 12 02
 Tap on Submit
 Submitted
 Verify that parsing result should shown as Mon Dec 02 2002 00:00:00 GMT+0000
  
 Verification failed getting parsing result as [ Mon Dec 02 2002 00:00:00 GMT+0000 ] instead of [ Tue Feb 12 2002 00:00:00 GMT+0000 ] for Enter value is 0002 12 02
  </system-out>
  <testcase name="verifyDateParse" time="2.833" classname="test.propin.TestDateParsing"/>
  <system-out>
Enter data 17 14 2009
 Entered value as 17 14 2009
 Tap on Submit
 Submitted
 Verify that parsing result should shown as Invalid Date
  </system-out>
  <testcase name="verifyDateParse" time="3.088" classname="test.propin.TestDateParsing"/>
  <system-out>
Enter data 17/14/2009
 Entered value as 17/14/2009
 Tap on Submit
 Submitted
 Verify that parsing result should shown as Invalid Date
  </system-out>
  <testcase name="verifyDateParse" time="2.906" classname="test.propin.TestDateParsing"/>
  <system-out>
Enter data  17/ 14/2009
 Entered value as  17/ 14/2009
 Tap on Submit
 Submitted
 Verify that parsing result should shown as Invalid Date
  </system-out>
  <testcase name="verifyDateParse" time="2.795" classname="test.propin.TestDateParsing"/>
  <system-out>
Enter data 12/2/0002
 Entered value as 12/2/0002
 Tap on Submit
 Submitted
 Verify that parsing result should shown as Mon Dec 02 2002 00:00:00 GMT+0000
  </system-out>
  <testcase name="verifyDateParse" time="2.821" classname="test.propin.TestDateParsing"/>
  <system-out>
Enter data February , 29, 2012
 Entered value as February , 29, 2012
 Tap on Submit
 Submitted
 Verify that parsing result should shown as Wed Feb 29 2012 00:00:00 GMT+0000
  </system-out>
  <testcase name="verifyDateParse" time="2.921" classname="test.propin.TestDateParsing">
    <failure type="java.lang.AssertionError" message=" 
 Verification failed getting parsing result as [ Mon Dec 02 2002 00:00:00 GMT+0000 ] instead of [ Tue Feb 12 2002 00:00:00 GMT+0000 ] for Enter value is 2/12/0002 expected [true] but found [false]">
      <![CDATA[java.lang.AssertionError:  
 Verification failed getting parsing result as [ Mon Dec 02 2002 00:00:00 GMT+0000 ] instead of [ Tue Feb 12 2002 00:00:00 GMT+0000 ] for Enter value is 2/12/0002 expected [true] but found [false]
at org.testng.Assert.fail(Assert.java:97)
at org.testng.Assert.failNotEquals(Assert.java:969)
at org.testng.Assert.assertTrue(Assert.java:43)
at test.propin.TestDateParsing.verifyDateParse(TestDateParsing.java:35)
at sun.reflect.GeneratedMethodAccessor3.invoke(Unknown Source)
at sun.reflect.DelegatingMethodAccessorImpl.invoke(DelegatingMethodAccessorImpl.java:43)
at java.lang.reflect.Method.invoke(Method.java:498)
at org.testng.internal.MethodInvocationHelper.invokeMethod(MethodInvocationHelper.java:134)
at org.testng.internal.TestInvoker.invokeMethod(TestInvoker.java:597)
at org.testng.internal.TestInvoker.invokeTestMethod(TestInvoker.java:173)
at org.testng.internal.MethodRunner.runInSequence(MethodRunner.java:46)
at org.testng.internal.TestInvoker$MethodInvocationAgent.invoke(TestInvoker.java:816)
at org.testng.internal.TestInvoker.invokeTestMethods(TestInvoker.java:146)
at org.testng.internal.TestMethodWorker.invokeTestMethods(TestMethodWorker.java:146)
at org.testng.internal.TestMethodWorker.run(TestMethodWorker.java:128)
at java.util.ArrayList.forEach(ArrayList.java:1257)
at org.testng.TestRunner.privateRun(TestRunner.java:766)
at org.testng.TestRunner.run(TestRunner.java:587)
at org.testng.SuiteRunner.runTest(SuiteRunner.java:384)
at org.testng.SuiteRunner.runSequentially(SuiteRunner.java:378)
at org.testng.SuiteRunner.privateRun(SuiteRunner.java:337)
at org.testng.SuiteRunner.run(SuiteRunner.java:286)
at org.testng.SuiteRunnerWorker.runSuite(SuiteRunnerWorker.java:53)
at org.testng.SuiteRunnerWorker.run(SuiteRunnerWorker.java:96)
at org.testng.TestNG.runSuitesSequentially(TestNG.java:1187)
at org.testng.TestNG.runSuitesLocally(TestNG.java:1109)
at org.testng.TestNG.runSuites(TestNG.java:1039)
at org.testng.TestNG.run(TestNG.java:1007)
at org.apache.maven.surefire.testng.TestNGExecutor.run(TestNGExecutor.java:283)
at org.apache.maven.surefire.testng.TestNGXmlTestSuite.execute(TestNGXmlTestSuite.java:75)
at org.apache.maven.surefire.testng.TestNGProvider.invoke(TestNGProvider.java:120)
at org.apache.maven.surefire.booter.ForkedBooter.invokeProviderInSameClassLoader(ForkedBooter.java:384)
at org.apache.maven.surefire.booter.ForkedBooter.runSuitesInProcess(ForkedBooter.java:345)
at org.apache.maven.surefire.booter.ForkedBooter.execute(ForkedBooter.java:126)
at org.apache.maven.surefire.booter.ForkedBooter.main(ForkedBooter.java:418)
]]>
    </failure>
  </testcase> <!-- verifyDateParse -->
  <system-out>
Enter data 2/12/0002
 Entered value as 2/12/0002
 Tap on Submit
 Submitted
 Verify that parsing result should shown as Mon Dec 02 2002 00:00:00 GMT+0000
  
 Verification failed getting parsing result as [ Mon Dec 02 2002 00:00:00 GMT+0000 ] instead of [ Tue Feb 12 2002 00:00:00 GMT+0000 ] for Enter value is 2/12/0002
  </system-out>
  <testcase name="verifyDateParse" time="2.893" classname="test.propin.TestDateParsing"/>
  <system-out>
Enter data 02 $$ 2019
 Entered value as 02 $$ 2019
 Tap on Submit
 Submitted
 Verify that parsing result should shown as Invalid Date
  </system-out>
  <testcase name="verifyDateParse" time="2.938" classname="test.propin.TestDateParsing">
    <failure type="java.lang.AssertionError" message=" 
 Verification failed getting parsing result as [ Mon Dec 02 2002 00:00:00 GMT+0000 ] instead of [ Tue Feb 12 2002 00:00:00 GMT+0000 ] for Enter value is 0002/12/02 expected [true] but found [false]">
      <![CDATA[java.lang.AssertionError:  
 Verification failed getting parsing result as [ Mon Dec 02 2002 00:00:00 GMT+0000 ] instead of [ Tue Feb 12 2002 00:00:00 GMT+0000 ] for Enter value is 0002/12/02 expected [true] but found [false]
at org.testng.Assert.fail(Assert.java:97)
at org.testng.Assert.failNotEquals(Assert.java:969)
at org.testng.Assert.assertTrue(Assert.java:43)
at test.propin.TestDateParsing.verifyDateParse(TestDateParsing.java:35)
at sun.reflect.GeneratedMethodAccessor3.invoke(Unknown Source)
at sun.reflect.DelegatingMethodAccessorImpl.invoke(DelegatingMethodAccessorImpl.java:43)
at java.lang.reflect.Method.invoke(Method.java:498)
at org.testng.internal.MethodInvocationHelper.invokeMethod(MethodInvocationHelper.java:134)
at org.testng.internal.TestInvoker.invokeMethod(TestInvoker.java:597)
at org.testng.internal.TestInvoker.invokeTestMethod(TestInvoker.java:173)
at org.testng.internal.MethodRunner.runInSequence(MethodRunner.java:46)
at org.testng.internal.TestInvoker$MethodInvocationAgent.invoke(TestInvoker.java:816)
at org.testng.internal.TestInvoker.invokeTestMethods(TestInvoker.java:146)
at org.testng.internal.TestMethodWorker.invokeTestMethods(TestMethodWorker.java:146)
at org.testng.internal.TestMethodWorker.run(TestMethodWorker.java:128)
at java.util.ArrayList.forEach(ArrayList.java:1257)
at org.testng.TestRunner.privateRun(TestRunner.java:766)
at org.testng.TestRunner.run(TestRunner.java:587)
at org.testng.SuiteRunner.runTest(SuiteRunner.java:384)
at org.testng.SuiteRunner.runSequentially(SuiteRunner.java:378)
at org.testng.SuiteRunner.privateRun(SuiteRunner.java:337)
at org.testng.SuiteRunner.run(SuiteRunner.java:286)
at org.testng.SuiteRunnerWorker.runSuite(SuiteRunnerWorker.java:53)
at org.testng.SuiteRunnerWorker.run(SuiteRunnerWorker.java:96)
at org.testng.TestNG.runSuitesSequentially(TestNG.java:1187)
at org.testng.TestNG.runSuitesLocally(TestNG.java:1109)
at org.testng.TestNG.runSuites(TestNG.java:1039)
at org.testng.TestNG.run(TestNG.java:1007)
at org.apache.maven.surefire.testng.TestNGExecutor.run(TestNGExecutor.java:283)
at org.apache.maven.surefire.testng.TestNGXmlTestSuite.execute(TestNGXmlTestSuite.java:75)
at org.apache.maven.surefire.testng.TestNGProvider.invoke(TestNGProvider.java:120)
at org.apache.maven.surefire.booter.ForkedBooter.invokeProviderInSameClassLoader(ForkedBooter.java:384)
at org.apache.maven.surefire.booter.ForkedBooter.runSuitesInProcess(ForkedBooter.java:345)
at org.apache.maven.surefire.booter.ForkedBooter.execute(ForkedBooter.java:126)
at org.apache.maven.surefire.booter.ForkedBooter.main(ForkedBooter.java:418)
]]>
    </failure>
  </testcase> <!-- verifyDateParse -->
  <system-out>
Enter data 0002/12/02
 Entered value as 0002/12/02
 Tap on Submit
 Submitted
 Verify that parsing result should shown as Mon Dec 02 2002 00:00:00 GMT+0000
  
 Verification failed getting parsing result as [ Mon Dec 02 2002 00:00:00 GMT+0000 ] instead of [ Tue Feb 12 2002 00:00:00 GMT+0000 ] for Enter value is 0002/12/02
  </system-out>
  <testcase name="verifyDateParse" time="2.932" classname="test.propin.TestDateParsing">
    <failure type="java.lang.AssertionError" message=" 
 Verification failed getting parsing result as [ Invalid Date ] instead of [ Mon Mar 02 2009 00:00:00 GMT+0000 ] for Enter value is 2009 Feb 30 expected [true] but found [false]">
      <![CDATA[java.lang.AssertionError:  
 Verification failed getting parsing result as [ Invalid Date ] instead of [ Mon Mar 02 2009 00:00:00 GMT+0000 ] for Enter value is 2009 Feb 30 expected [true] but found [false]
at org.testng.Assert.fail(Assert.java:97)
at org.testng.Assert.failNotEquals(Assert.java:969)
at org.testng.Assert.assertTrue(Assert.java:43)
at test.propin.TestDateParsing.verifyDateParse(TestDateParsing.java:35)
at sun.reflect.GeneratedMethodAccessor3.invoke(Unknown Source)
at sun.reflect.DelegatingMethodAccessorImpl.invoke(DelegatingMethodAccessorImpl.java:43)
at java.lang.reflect.Method.invoke(Method.java:498)
at org.testng.internal.MethodInvocationHelper.invokeMethod(MethodInvocationHelper.java:134)
at org.testng.internal.TestInvoker.invokeMethod(TestInvoker.java:597)
at org.testng.internal.TestInvoker.invokeTestMethod(TestInvoker.java:173)
at org.testng.internal.MethodRunner.runInSequence(MethodRunner.java:46)
at org.testng.internal.TestInvoker$MethodInvocationAgent.invoke(TestInvoker.java:816)
at org.testng.internal.TestInvoker.invokeTestMethods(TestInvoker.java:146)
at org.testng.internal.TestMethodWorker.invokeTestMethods(TestMethodWorker.java:146)
at org.testng.internal.TestMethodWorker.run(TestMethodWorker.java:128)
at java.util.ArrayList.forEach(ArrayList.java:1257)
at org.testng.TestRunner.privateRun(TestRunner.java:766)
at org.testng.TestRunner.run(TestRunner.java:587)
at org.testng.SuiteRunner.runTest(SuiteRunner.java:384)
at org.testng.SuiteRunner.runSequentially(SuiteRunner.java:378)
at org.testng.SuiteRunner.privateRun(SuiteRunner.java:337)
at org.testng.SuiteRunner.run(SuiteRunner.java:286)
at org.testng.SuiteRunnerWorker.runSuite(SuiteRunnerWorker.java:53)
at org.testng.SuiteRunnerWorker.run(SuiteRunnerWorker.java:96)
at org.testng.TestNG.runSuitesSequentially(TestNG.java:1187)
at org.testng.TestNG.runSuitesLocally(TestNG.java:1109)
at org.testng.TestNG.runSuites(TestNG.java:1039)
at org.testng.TestNG.run(TestNG.java:1007)
at org.apache.maven.surefire.testng.TestNGExecutor.run(TestNGExecutor.java:283)
at org.apache.maven.surefire.testng.TestNGXmlTestSuite.execute(TestNGXmlTestSuite.java:75)
at org.apache.maven.surefire.testng.TestNGProvider.invoke(TestNGProvider.java:120)
at org.apache.maven.surefire.booter.ForkedBooter.invokeProviderInSameClassLoader(ForkedBooter.java:384)
at org.apache.maven.surefire.booter.ForkedBooter.runSuitesInProcess(ForkedBooter.java:345)
at org.apache.maven.surefire.booter.ForkedBooter.execute(ForkedBooter.java:126)
at org.apache.maven.surefire.booter.ForkedBooter.main(ForkedBooter.java:418)
]]>
    </failure>
  </testcase> <!-- verifyDateParse -->
  <system-out>
Enter data 2009 Feb 30
 Entered value as 2009 Feb 30
 Tap on Submit
 Submitted
 Verify that parsing result should shown as Invalid Date
  
 Verification failed getting parsing result as [ Invalid Date ] instead of [ Mon Mar 02 2009 00:00:00 GMT+0000 ] for Enter value is 2009 Feb 30
  </system-out>
  <testcase name="verifyDateParse" time="2.961" classname="test.propin.TestDateParsing">
    <failure type="java.lang.AssertionError" message=" 
 Verification failed getting parsing result as [ Tue Feb 17 2009 00:00:00 GMT+0000 ] instead of [ Invalid date ] for Enter value is February , -17, -2009 expected [true] but found [false]">
      <![CDATA[java.lang.AssertionError:  
 Verification failed getting parsing result as [ Tue Feb 17 2009 00:00:00 GMT+0000 ] instead of [ Invalid date ] for Enter value is February , -17, -2009 expected [true] but found [false]
at org.testng.Assert.fail(Assert.java:97)
at org.testng.Assert.failNotEquals(Assert.java:969)
at org.testng.Assert.assertTrue(Assert.java:43)
at test.propin.TestDateParsing.verifyDateParse(TestDateParsing.java:35)
at sun.reflect.GeneratedMethodAccessor3.invoke(Unknown Source)
at sun.reflect.DelegatingMethodAccessorImpl.invoke(DelegatingMethodAccessorImpl.java:43)
at java.lang.reflect.Method.invoke(Method.java:498)
at org.testng.internal.MethodInvocationHelper.invokeMethod(MethodInvocationHelper.java:134)
at org.testng.internal.TestInvoker.invokeMethod(TestInvoker.java:597)
at org.testng.internal.TestInvoker.invokeTestMethod(TestInvoker.java:173)
at org.testng.internal.MethodRunner.runInSequence(MethodRunner.java:46)
at org.testng.internal.TestInvoker$MethodInvocationAgent.invoke(TestInvoker.java:816)
at org.testng.internal.TestInvoker.invokeTestMethods(TestInvoker.java:146)
at org.testng.internal.TestMethodWorker.invokeTestMethods(TestMethodWorker.java:146)
at org.testng.internal.TestMethodWorker.run(TestMethodWorker.java:128)
at java.util.ArrayList.forEach(ArrayList.java:1257)
at org.testng.TestRunner.privateRun(TestRunner.java:766)
at org.testng.TestRunner.run(TestRunner.java:587)
at org.testng.SuiteRunner.runTest(SuiteRunner.java:384)
at org.testng.SuiteRunner.runSequentially(SuiteRunner.java:378)
at org.testng.SuiteRunner.privateRun(SuiteRunner.java:337)
at org.testng.SuiteRunner.run(SuiteRunner.java:286)
at org.testng.SuiteRunnerWorker.runSuite(SuiteRunnerWorker.java:53)
at org.testng.SuiteRunnerWorker.run(SuiteRunnerWorker.java:96)
at org.testng.TestNG.runSuitesSequentially(TestNG.java:1187)
at org.testng.TestNG.runSuitesLocally(TestNG.java:1109)
at org.testng.TestNG.runSuites(TestNG.java:1039)
at org.testng.TestNG.run(TestNG.java:1007)
at org.apache.maven.surefire.testng.TestNGExecutor.run(TestNGExecutor.java:283)
at org.apache.maven.surefire.testng.TestNGXmlTestSuite.execute(TestNGXmlTestSuite.java:75)
at org.apache.maven.surefire.testng.TestNGProvider.invoke(TestNGProvider.java:120)
at org.apache.maven.surefire.booter.ForkedBooter.invokeProviderInSameClassLoader(ForkedBooter.java:384)
at org.apache.maven.surefire.booter.ForkedBooter.runSuitesInProcess(ForkedBooter.java:345)
at org.apache.maven.surefire.booter.ForkedBooter.execute(ForkedBooter.java:126)
at org.apache.maven.surefire.booter.ForkedBooter.main(ForkedBooter.java:418)
]]>
    </failure>
  </testcase> <!-- verifyDateParse -->
  <system-out>
Enter data February , -17, -2009
 Entered value as February , -17, -2009
 Tap on Submit
 Submitted
 Verify that parsing result should shown as Tue Feb 17 2009 00:00:00 GMT+0000
  
 Verification failed getting parsing result as [ Tue Feb 17 2009 00:00:00 GMT+0000 ] instead of [ Invalid date ] for Enter value is February , -17, -2009
  </system-out>
  <testcase name="verifyDateParse" time="2.916" classname="test.propin.TestDateParsing">
    <failure type="java.lang.AssertionError" message=" 
 Verification failed getting parsing result as [ Tue Feb 17 2009 00:00:00 GMT+0000 ] instead of [ Invalid date ] for Enter value is 17 / 2 /2009 expected [true] but found [false]">
      <![CDATA[java.lang.AssertionError:  
 Verification failed getting parsing result as [ Tue Feb 17 2009 00:00:00 GMT+0000 ] instead of [ Invalid date ] for Enter value is 17 / 2 /2009 expected [true] but found [false]
at org.testng.Assert.fail(Assert.java:97)
at org.testng.Assert.failNotEquals(Assert.java:969)
at org.testng.Assert.assertTrue(Assert.java:43)
at test.propin.TestDateParsing.verifyDateParse(TestDateParsing.java:35)
at sun.reflect.GeneratedMethodAccessor3.invoke(Unknown Source)
at sun.reflect.DelegatingMethodAccessorImpl.invoke(DelegatingMethodAccessorImpl.java:43)
at java.lang.reflect.Method.invoke(Method.java:498)
at org.testng.internal.MethodInvocationHelper.invokeMethod(MethodInvocationHelper.java:134)
at org.testng.internal.TestInvoker.invokeMethod(TestInvoker.java:597)
at org.testng.internal.TestInvoker.invokeTestMethod(TestInvoker.java:173)
at org.testng.internal.MethodRunner.runInSequence(MethodRunner.java:46)
at org.testng.internal.TestInvoker$MethodInvocationAgent.invoke(TestInvoker.java:816)
at org.testng.internal.TestInvoker.invokeTestMethods(TestInvoker.java:146)
at org.testng.internal.TestMethodWorker.invokeTestMethods(TestMethodWorker.java:146)
at org.testng.internal.TestMethodWorker.run(TestMethodWorker.java:128)
at java.util.ArrayList.forEach(ArrayList.java:1257)
at org.testng.TestRunner.privateRun(TestRunner.java:766)
at org.testng.TestRunner.run(TestRunner.java:587)
at org.testng.SuiteRunner.runTest(SuiteRunner.java:384)
at org.testng.SuiteRunner.runSequentially(SuiteRunner.java:378)
at org.testng.SuiteRunner.privateRun(SuiteRunner.java:337)
at org.testng.SuiteRunner.run(SuiteRunner.java:286)
at org.testng.SuiteRunnerWorker.runSuite(SuiteRunnerWorker.java:53)
at org.testng.SuiteRunnerWorker.run(SuiteRunnerWorker.java:96)
at org.testng.TestNG.runSuitesSequentially(TestNG.java:1187)
at org.testng.TestNG.runSuitesLocally(TestNG.java:1109)
at org.testng.TestNG.runSuites(TestNG.java:1039)
at org.testng.TestNG.run(TestNG.java:1007)
at org.apache.maven.surefire.testng.TestNGExecutor.run(TestNGExecutor.java:283)
at org.apache.maven.surefire.testng.TestNGXmlTestSuite.execute(TestNGXmlTestSuite.java:75)
at org.apache.maven.surefire.testng.TestNGProvider.invoke(TestNGProvider.java:120)
at org.apache.maven.surefire.booter.ForkedBooter.invokeProviderInSameClassLoader(ForkedBooter.java:384)
at org.apache.maven.surefire.booter.ForkedBooter.runSuitesInProcess(ForkedBooter.java:345)
at org.apache.maven.surefire.booter.ForkedBooter.execute(ForkedBooter.java:126)
at org.apache.maven.surefire.booter.ForkedBooter.main(ForkedBooter.java:418)
]]>
    </failure>
  </testcase> <!-- verifyDateParse -->
  <system-out>
Enter data 17 / 2 /2009
 Entered value as 17 / 2 /2009
 Tap on Submit
 Submitted
 Verify that parsing result should shown as Tue Feb 17 2009 00:00:00 GMT+0000
  
 Verification failed getting parsing result as [ Tue Feb 17 2009 00:00:00 GMT+0000 ] instead of [ Invalid date ] for Enter value is 17 / 2 /2009
  </system-out>
  <testcase name="verifyDateParse" time="2.935" classname="test.propin.TestDateParsing">
    <failure type="java.lang.AssertionError" message=" 
 Verification failed getting parsing result as [ Invalid Date ] instead of [ Fri May 01 2009 00:00:00 GMT+0000 ] for Enter value is 2009/ 4/ 31 expected [true] but found [false]">
      <![CDATA[java.lang.AssertionError:  
 Verification failed getting parsing result as [ Invalid Date ] instead of [ Fri May 01 2009 00:00:00 GMT+0000 ] for Enter value is 2009/ 4/ 31 expected [true] but found [false]
at org.testng.Assert.fail(Assert.java:97)
at org.testng.Assert.failNotEquals(Assert.java:969)
at org.testng.Assert.assertTrue(Assert.java:43)
at test.propin.TestDateParsing.verifyDateParse(TestDateParsing.java:35)
at sun.reflect.NativeMethodAccessorImpl.invoke0(Native Method)
at sun.reflect.NativeMethodAccessorImpl.invoke(NativeMethodAccessorImpl.java:62)
at sun.reflect.DelegatingMethodAccessorImpl.invoke(DelegatingMethodAccessorImpl.java:43)
at java.lang.reflect.Method.invoke(Method.java:498)
at org.testng.internal.MethodInvocationHelper.invokeMethod(MethodInvocationHelper.java:134)
at org.testng.internal.TestInvoker.invokeMethod(TestInvoker.java:597)
at org.testng.internal.TestInvoker.invokeTestMethod(TestInvoker.java:173)
at org.testng.internal.MethodRunner.runInSequence(MethodRunner.java:46)
at org.testng.internal.TestInvoker$MethodInvocationAgent.invoke(TestInvoker.java:816)
at org.testng.internal.TestInvoker.invokeTestMethods(TestInvoker.java:146)
at org.testng.internal.TestMethodWorker.invokeTestMethods(TestMethodWorker.java:146)
at org.testng.internal.TestMethodWorker.run(TestMethodWorker.java:128)
at java.util.ArrayList.forEach(ArrayList.java:1257)
at org.testng.TestRunner.privateRun(TestRunner.java:766)
at org.testng.TestRunner.run(TestRunner.java:587)
at org.testng.SuiteRunner.runTest(SuiteRunner.java:384)
at org.testng.SuiteRunner.runSequentially(SuiteRunner.java:378)
at org.testng.SuiteRunner.privateRun(SuiteRunner.java:337)
at org.testng.SuiteRunner.run(SuiteRunner.java:286)
at org.testng.SuiteRunnerWorker.runSuite(SuiteRunnerWorker.java:53)
at org.testng.SuiteRunnerWorker.run(SuiteRunnerWorker.java:96)
at org.testng.TestNG.runSuitesSequentially(TestNG.java:1187)
at org.testng.TestNG.runSuitesLocally(TestNG.java:1109)
at org.testng.TestNG.runSuites(TestNG.java:1039)
at org.testng.TestNG.run(TestNG.java:1007)
at org.apache.maven.surefire.testng.TestNGExecutor.run(TestNGExecutor.java:283)
at org.apache.maven.surefire.testng.TestNGXmlTestSuite.execute(TestNGXmlTestSuite.java:75)
at org.apache.maven.surefire.testng.TestNGProvider.invoke(TestNGProvider.java:120)
at org.apache.maven.surefire.booter.ForkedBooter.invokeProviderInSameClassLoader(ForkedBooter.java:384)
at org.apache.maven.surefire.booter.ForkedBooter.runSuitesInProcess(ForkedBooter.java:345)
at org.apache.maven.surefire.booter.ForkedBooter.execute(ForkedBooter.java:126)
at org.apache.maven.surefire.booter.ForkedBooter.main(ForkedBooter.java:418)
]]>
    </failure>
  </testcase> <!-- verifyDateParse -->
  <system-out>
Enter data 2009/ 4/ 31
 Entered value as 2009/ 4/ 31
 Tap on Submit
 Submitted
 Verify that parsing result should shown as Invalid Date
  
 Verification failed getting parsing result as [ Invalid Date ] instead of [ Fri May 01 2009 00:00:00 GMT+0000 ] for Enter value is 2009/ 4/ 31
  </system-out>
  <testcase name="verifyDateParse" time="2.925" classname="test.propin.TestDateParsing">
    <failure type="java.lang.AssertionError" message=" 
 Verification failed getting parsing result as [ Invalid Date ] instead of [ Mon Mar 01 2010 00:00:00 GMT+0000 ] for Enter value is 2010 2 29 expected [true] but found [false]">
      <![CDATA[java.lang.AssertionError:  
 Verification failed getting parsing result as [ Invalid Date ] instead of [ Mon Mar 01 2010 00:00:00 GMT+0000 ] for Enter value is 2010 2 29 expected [true] but found [false]
at org.testng.Assert.fail(Assert.java:97)
at org.testng.Assert.failNotEquals(Assert.java:969)
at org.testng.Assert.assertTrue(Assert.java:43)
at test.propin.TestDateParsing.verifyDateParse(TestDateParsing.java:35)
at sun.reflect.NativeMethodAccessorImpl.invoke0(Native Method)
at sun.reflect.NativeMethodAccessorImpl.invoke(NativeMethodAccessorImpl.java:62)
at sun.reflect.DelegatingMethodAccessorImpl.invoke(DelegatingMethodAccessorImpl.java:43)
at java.lang.reflect.Method.invoke(Method.java:498)
at org.testng.internal.MethodInvocationHelper.invokeMethod(MethodInvocationHelper.java:134)
at org.testng.internal.TestInvoker.invokeMethod(TestInvoker.java:597)
at org.testng.internal.TestInvoker.invokeTestMethod(TestInvoker.java:173)
at org.testng.internal.MethodRunner.runInSequence(MethodRunner.java:46)
at org.testng.internal.TestInvoker$MethodInvocationAgent.invoke(TestInvoker.java:816)
at org.testng.internal.TestInvoker.invokeTestMethods(TestInvoker.java:146)
at org.testng.internal.TestMethodWorker.invokeTestMethods(TestMethodWorker.java:146)
at org.testng.internal.TestMethodWorker.run(TestMethodWorker.java:128)
at java.util.ArrayList.forEach(ArrayList.java:1257)
at org.testng.TestRunner.privateRun(TestRunner.java:766)
at org.testng.TestRunner.run(TestRunner.java:587)
at org.testng.SuiteRunner.runTest(SuiteRunner.java:384)
at org.testng.SuiteRunner.runSequentially(SuiteRunner.java:378)
at org.testng.SuiteRunner.privateRun(SuiteRunner.java:337)
at org.testng.SuiteRunner.run(SuiteRunner.java:286)
at org.testng.SuiteRunnerWorker.runSuite(SuiteRunnerWorker.java:53)
at org.testng.SuiteRunnerWorker.run(SuiteRunnerWorker.java:96)
at org.testng.TestNG.runSuitesSequentially(TestNG.java:1187)
at org.testng.TestNG.runSuitesLocally(TestNG.java:1109)
at org.testng.TestNG.runSuites(TestNG.java:1039)
at org.testng.TestNG.run(TestNG.java:1007)
at org.apache.maven.surefire.testng.TestNGExecutor.run(TestNGExecutor.java:283)
at org.apache.maven.surefire.testng.TestNGXmlTestSuite.execute(TestNGXmlTestSuite.java:75)
at org.apache.maven.surefire.testng.TestNGProvider.invoke(TestNGProvider.java:120)
at org.apache.maven.surefire.booter.ForkedBooter.invokeProviderInSameClassLoader(ForkedBooter.java:384)
at org.apache.maven.surefire.booter.ForkedBooter.runSuitesInProcess(ForkedBooter.java:345)
at org.apache.maven.surefire.booter.ForkedBooter.execute(ForkedBooter.java:126)
at org.apache.maven.surefire.booter.ForkedBooter.main(ForkedBooter.java:418)
]]>
    </failure>
  </testcase> <!-- verifyDateParse -->
  <system-out>
Enter data 2010 2 29
 Entered value as 2010 2 29
 Tap on Submit
 Submitted
 Verify that parsing result should shown as Invalid Date
  
 Verification failed getting parsing result as [ Invalid Date ] instead of [ Mon Mar 01 2010 00:00:00 GMT+0000 ] for Enter value is 2010 2 29
  </system-out>
  <testcase name="verifyDateParse" time="3.094" classname="test.propin.TestDateParsing">
    <failure type="java.lang.AssertionError" message=" 
 Verification failed getting parsing result as [ Invalid Date ] instead of [ Mon Mar 01 2010 00:00:00 GMT+0000 ] for Enter value is Feb 29, 2010 expected [true] but found [false]">
      <![CDATA[java.lang.AssertionError:  
 Verification failed getting parsing result as [ Invalid Date ] instead of [ Mon Mar 01 2010 00:00:00 GMT+0000 ] for Enter value is Feb 29, 2010 expected [true] but found [false]
at org.testng.Assert.fail(Assert.java:97)
at org.testng.Assert.failNotEquals(Assert.java:969)
at org.testng.Assert.assertTrue(Assert.java:43)
at test.propin.TestDateParsing.verifyDateParse(TestDateParsing.java:35)
at sun.reflect.GeneratedMethodAccessor3.invoke(Unknown Source)
at sun.reflect.DelegatingMethodAccessorImpl.invoke(DelegatingMethodAccessorImpl.java:43)
at java.lang.reflect.Method.invoke(Method.java:498)
at org.testng.internal.MethodInvocationHelper.invokeMethod(MethodInvocationHelper.java:134)
at org.testng.internal.TestInvoker.invokeMethod(TestInvoker.java:597)
at org.testng.internal.TestInvoker.invokeTestMethod(TestInvoker.java:173)
at org.testng.internal.MethodRunner.runInSequence(MethodRunner.java:46)
at org.testng.internal.TestInvoker$MethodInvocationAgent.invoke(TestInvoker.java:816)
at org.testng.internal.TestInvoker.invokeTestMethods(TestInvoker.java:146)
at org.testng.internal.TestMethodWorker.invokeTestMethods(TestMethodWorker.java:146)
at org.testng.internal.TestMethodWorker.run(TestMethodWorker.java:128)
at java.util.ArrayList.forEach(ArrayList.java:1257)
at org.testng.TestRunner.privateRun(TestRunner.java:766)
at org.testng.TestRunner.run(TestRunner.java:587)
at org.testng.SuiteRunner.runTest(SuiteRunner.java:384)
at org.testng.SuiteRunner.runSequentially(SuiteRunner.java:378)
at org.testng.SuiteRunner.privateRun(SuiteRunner.java:337)
at org.testng.SuiteRunner.run(SuiteRunner.java:286)
at org.testng.SuiteRunnerWorker.runSuite(SuiteRunnerWorker.java:53)
at org.testng.SuiteRunnerWorker.run(SuiteRunnerWorker.java:96)
at org.testng.TestNG.runSuitesSequentially(TestNG.java:1187)
at org.testng.TestNG.runSuitesLocally(TestNG.java:1109)
at org.testng.TestNG.runSuites(TestNG.java:1039)
at org.testng.TestNG.run(TestNG.java:1007)
at org.apache.maven.surefire.testng.TestNGExecutor.run(TestNGExecutor.java:283)
at org.apache.maven.surefire.testng.TestNGXmlTestSuite.execute(TestNGXmlTestSuite.java:75)
at org.apache.maven.surefire.testng.TestNGProvider.invoke(TestNGProvider.java:120)
at org.apache.maven.surefire.booter.ForkedBooter.invokeProviderInSameClassLoader(ForkedBooter.java:384)
at org.apache.maven.surefire.booter.ForkedBooter.runSuitesInProcess(ForkedBooter.java:345)
at org.apache.maven.surefire.booter.ForkedBooter.execute(ForkedBooter.java:126)
at org.apache.maven.surefire.booter.ForkedBooter.main(ForkedBooter.java:418)
]]>
    </failure>
  </testcase> <!-- verifyDateParse -->
  <system-out>
Enter data Feb 29, 2010
 Entered value as Feb 29, 2010
 Tap on Submit
 Submitted
 Verify that parsing result should shown as Invalid Date
  
 Verification failed getting parsing result as [ Invalid Date ] instead of [ Mon Mar 01 2010 00:00:00 GMT+0000 ] for Enter value is Feb 29, 2010
  </system-out>
  <testcase name="verifyDateParse" time="2.897" classname="test.propin.TestDateParsing">
    <failure type="java.lang.AssertionError" message=" 
 Verification failed getting parsing result as [ Tue Feb 17 2009 00:00:00 GMT+0000 ] instead of [ Invalid date ] for Enter value is -02/-17/-2009 expected [true] but found [false]">
      <![CDATA[java.lang.AssertionError:  
 Verification failed getting parsing result as [ Tue Feb 17 2009 00:00:00 GMT+0000 ] instead of [ Invalid date ] for Enter value is -02/-17/-2009 expected [true] but found [false]
at org.testng.Assert.fail(Assert.java:97)
at org.testng.Assert.failNotEquals(Assert.java:969)
at org.testng.Assert.assertTrue(Assert.java:43)
at test.propin.TestDateParsing.verifyDateParse(TestDateParsing.java:35)
at sun.reflect.GeneratedMethodAccessor3.invoke(Unknown Source)
at sun.reflect.DelegatingMethodAccessorImpl.invoke(DelegatingMethodAccessorImpl.java:43)
at java.lang.reflect.Method.invoke(Method.java:498)
at org.testng.internal.MethodInvocationHelper.invokeMethod(MethodInvocationHelper.java:134)
at org.testng.internal.TestInvoker.invokeMethod(TestInvoker.java:597)
at org.testng.internal.TestInvoker.invokeTestMethod(TestInvoker.java:173)
at org.testng.internal.MethodRunner.runInSequence(MethodRunner.java:46)
at org.testng.internal.TestInvoker$MethodInvocationAgent.invoke(TestInvoker.java:816)
at org.testng.internal.TestInvoker.invokeTestMethods(TestInvoker.java:146)
at org.testng.internal.TestMethodWorker.invokeTestMethods(TestMethodWorker.java:146)
at org.testng.internal.TestMethodWorker.run(TestMethodWorker.java:128)
at java.util.ArrayList.forEach(ArrayList.java:1257)
at org.testng.TestRunner.privateRun(TestRunner.java:766)
at org.testng.TestRunner.run(TestRunner.java:587)
at org.testng.SuiteRunner.runTest(SuiteRunner.java:384)
at org.testng.SuiteRunner.runSequentially(SuiteRunner.java:378)
at org.testng.SuiteRunner.privateRun(SuiteRunner.java:337)
at org.testng.SuiteRunner.run(SuiteRunner.java:286)
at org.testng.SuiteRunnerWorker.runSuite(SuiteRunnerWorker.java:53)
at org.testng.SuiteRunnerWorker.run(SuiteRunnerWorker.java:96)
at org.testng.TestNG.runSuitesSequentially(TestNG.java:1187)
at org.testng.TestNG.runSuitesLocally(TestNG.java:1109)
at org.testng.TestNG.runSuites(TestNG.java:1039)
at org.testng.TestNG.run(TestNG.java:1007)
at org.apache.maven.surefire.testng.TestNGExecutor.run(TestNGExecutor.java:283)
at org.apache.maven.surefire.testng.TestNGXmlTestSuite.execute(TestNGXmlTestSuite.java:75)
at org.apache.maven.surefire.testng.TestNGProvider.invoke(TestNGProvider.java:120)
at org.apache.maven.surefire.booter.ForkedBooter.invokeProviderInSameClassLoader(ForkedBooter.java:384)
at org.apache.maven.surefire.booter.ForkedBooter.runSuitesInProcess(ForkedBooter.java:345)
at org.apache.maven.surefire.booter.ForkedBooter.execute(ForkedBooter.java:126)
at org.apache.maven.surefire.booter.ForkedBooter.main(ForkedBooter.java:418)
]]>
    </failure>
  </testcase> <!-- verifyDateParse -->
  <system-out>
Enter data -02/-17/-2009
 Entered value as -02/-17/-2009
 Tap on Submit
 Submitted
 Verify that parsing result should shown as Tue Feb 17 2009 00:00:00 GMT+0000
  
 Verification failed getting parsing result as [ Tue Feb 17 2009 00:00:00 GMT+0000 ] instead of [ Invalid date ] for Enter value is -02/-17/-2009
  </system-out>
  <testcase name="verifyDateParse" time="2.790" classname="test.propin.TestDateParsing">
    <failure type="java.lang.AssertionError" message=" 
 Verification failed getting parsing result as [ Tue Feb 17 2009 00:00:00 GMT+0000 ] instead of [ Invalid date ] for Enter value is 17/2/2009 expected [true] but found [false]">
      <![CDATA[java.lang.AssertionError:  
 Verification failed getting parsing result as [ Tue Feb 17 2009 00:00:00 GMT+0000 ] instead of [ Invalid date ] for Enter value is 17/2/2009 expected [true] but found [false]
at org.testng.Assert.fail(Assert.java:97)
at org.testng.Assert.failNotEquals(Assert.java:969)
at org.testng.Assert.assertTrue(Assert.java:43)
at test.propin.TestDateParsing.verifyDateParse(TestDateParsing.java:35)
at sun.reflect.GeneratedMethodAccessor3.invoke(Unknown Source)
at sun.reflect.DelegatingMethodAccessorImpl.invoke(DelegatingMethodAccessorImpl.java:43)
at java.lang.reflect.Method.invoke(Method.java:498)
at org.testng.internal.MethodInvocationHelper.invokeMethod(MethodInvocationHelper.java:134)
at org.testng.internal.TestInvoker.invokeMethod(TestInvoker.java:597)
at org.testng.internal.TestInvoker.invokeTestMethod(TestInvoker.java:173)
at org.testng.internal.MethodRunner.runInSequence(MethodRunner.java:46)
at org.testng.internal.TestInvoker$MethodInvocationAgent.invoke(TestInvoker.java:816)
at org.testng.internal.TestInvoker.invokeTestMethods(TestInvoker.java:146)
at org.testng.internal.TestMethodWorker.invokeTestMethods(TestMethodWorker.java:146)
at org.testng.internal.TestMethodWorker.run(TestMethodWorker.java:128)
at java.util.ArrayList.forEach(ArrayList.java:1257)
at org.testng.TestRunner.privateRun(TestRunner.java:766)
at org.testng.TestRunner.run(TestRunner.java:587)
at org.testng.SuiteRunner.runTest(SuiteRunner.java:384)
at org.testng.SuiteRunner.runSequentially(SuiteRunner.java:378)
at org.testng.SuiteRunner.privateRun(SuiteRunner.java:337)
at org.testng.SuiteRunner.run(SuiteRunner.java:286)
at org.testng.SuiteRunnerWorker.runSuite(SuiteRunnerWorker.java:53)
at org.testng.SuiteRunnerWorker.run(SuiteRunnerWorker.java:96)
at org.testng.TestNG.runSuitesSequentially(TestNG.java:1187)
at org.testng.TestNG.runSuitesLocally(TestNG.java:1109)
at org.testng.TestNG.runSuites(TestNG.java:1039)
at org.testng.TestNG.run(TestNG.java:1007)
at org.apache.maven.surefire.testng.TestNGExecutor.run(TestNGExecutor.java:283)
at org.apache.maven.surefire.testng.TestNGXmlTestSuite.execute(TestNGXmlTestSuite.java:75)
at org.apache.maven.surefire.testng.TestNGProvider.invoke(TestNGProvider.java:120)
at org.apache.maven.surefire.booter.ForkedBooter.invokeProviderInSameClassLoader(ForkedBooter.java:384)
at org.apache.maven.surefire.booter.ForkedBooter.runSuitesInProcess(ForkedBooter.java:345)
at org.apache.maven.surefire.booter.ForkedBooter.execute(ForkedBooter.java:126)
at org.apache.maven.surefire.booter.ForkedBooter.main(ForkedBooter.java:418)
]]>
    </failure>
  </testcase> <!-- verifyDateParse -->
  <system-out>
Enter data 17/2/2009
 Entered value as 17/2/2009
 Tap on Submit
 Submitted
 Verify that parsing result should shown as Tue Feb 17 2009 00:00:00 GMT+0000
  
 Verification failed getting parsing result as [ Tue Feb 17 2009 00:00:00 GMT+0000 ] instead of [ Invalid date ] for Enter value is 17/2/2009
  </system-out>
  <testcase name="verifyDateParse" time="2.836" classname="test.propin.TestDateParsing">
    <failure type="java.lang.AssertionError" message=" 
 Verification failed getting parsing result as [ Invalid Date ] instead of [ Fri May 01 2009 00:00:00 GMT+0000 ] for Enter value is 2009 4 31 expected [true] but found [false]">
      <![CDATA[java.lang.AssertionError:  
 Verification failed getting parsing result as [ Invalid Date ] instead of [ Fri May 01 2009 00:00:00 GMT+0000 ] for Enter value is 2009 4 31 expected [true] but found [false]
at org.testng.Assert.fail(Assert.java:97)
at org.testng.Assert.failNotEquals(Assert.java:969)
at org.testng.Assert.assertTrue(Assert.java:43)
at test.propin.TestDateParsing.verifyDateParse(TestDateParsing.java:35)
at sun.reflect.NativeMethodAccessorImpl.invoke0(Native Method)
at sun.reflect.NativeMethodAccessorImpl.invoke(NativeMethodAccessorImpl.java:62)
at sun.reflect.DelegatingMethodAccessorImpl.invoke(DelegatingMethodAccessorImpl.java:43)
at java.lang.reflect.Method.invoke(Method.java:498)
at org.testng.internal.MethodInvocationHelper.invokeMethod(MethodInvocationHelper.java:134)
at org.testng.internal.TestInvoker.invokeMethod(TestInvoker.java:597)
at org.testng.internal.TestInvoker.invokeTestMethod(TestInvoker.java:173)
at org.testng.internal.MethodRunner.runInSequence(MethodRunner.java:46)
at org.testng.internal.TestInvoker$MethodInvocationAgent.invoke(TestInvoker.java:816)
at org.testng.internal.TestInvoker.invokeTestMethods(TestInvoker.java:146)
at org.testng.internal.TestMethodWorker.invokeTestMethods(TestMethodWorker.java:146)
at org.testng.internal.TestMethodWorker.run(TestMethodWorker.java:128)
at java.util.ArrayList.forEach(ArrayList.java:1257)
at org.testng.TestRunner.privateRun(TestRunner.java:766)
at org.testng.TestRunner.run(TestRunner.java:587)
at org.testng.SuiteRunner.runTest(SuiteRunner.java:384)
at org.testng.SuiteRunner.runSequentially(SuiteRunner.java:378)
at org.testng.SuiteRunner.privateRun(SuiteRunner.java:337)
at org.testng.SuiteRunner.run(SuiteRunner.java:286)
at org.testng.SuiteRunnerWorker.runSuite(SuiteRunnerWorker.java:53)
at org.testng.SuiteRunnerWorker.run(SuiteRunnerWorker.java:96)
at org.testng.TestNG.runSuitesSequentially(TestNG.java:1187)
at org.testng.TestNG.runSuitesLocally(TestNG.java:1109)
at org.testng.TestNG.runSuites(TestNG.java:1039)
at org.testng.TestNG.run(TestNG.java:1007)
at org.apache.maven.surefire.testng.TestNGExecutor.run(TestNGExecutor.java:283)
at org.apache.maven.surefire.testng.TestNGXmlTestSuite.execute(TestNGXmlTestSuite.java:75)
at org.apache.maven.surefire.testng.TestNGProvider.invoke(TestNGProvider.java:120)
at org.apache.maven.surefire.booter.ForkedBooter.invokeProviderInSameClassLoader(ForkedBooter.java:384)
at org.apache.maven.surefire.booter.ForkedBooter.runSuitesInProcess(ForkedBooter.java:345)
at org.apache.maven.surefire.booter.ForkedBooter.execute(ForkedBooter.java:126)
at org.apache.maven.surefire.booter.ForkedBooter.main(ForkedBooter.java:418)
]]>
    </failure>
  </testcase> <!-- verifyDateParse -->
  <system-out>
Enter data 2009 4 31
 Entered value as 2009 4 31
 Tap on Submit
 Submitted
 Verify that parsing result should shown as Invalid Date
  
 Verification failed getting parsing result as [ Invalid Date ] instead of [ Fri May 01 2009 00:00:00 GMT+0000 ] for Enter value is 2009 4 31
  </system-out>
  <testcase name="verifyDateParse" time="2.863" classname="test.propin.TestDateParsing"/>
  <system-out>
Enter data  31/ 4/2009
 Entered value as  31/ 4/2009
 Tap on Submit
 Submitted
 Verify that parsing result should shown as Invalid Date
  </system-out>
  <testcase name="verifyDateParse" time="2.928" classname="test.propin.TestDateParsing"/>
  <system-out>
Enter data 2009 Feb 17 
 Entered value as 2009 Feb 17 
 Tap on Submit
 Submitted
 Verify that parsing result should shown as Tue Feb 17 2009 00:00:00 GMT+0000
  </system-out>
  <testcase name="verifyDateParse" time="2.849" classname="test.propin.TestDateParsing"/>
  <system-out>
Enter data February ,17, 2009
 Entered value as February ,17, 2009
 Tap on Submit
 Submitted
 Verify that parsing result should shown as Tue Feb 17 2009 00:00:00 GMT+0000
  </system-out>
  <testcase name="verifyDateParse" time="2.814" classname="test.propin.TestDateParsing"/>
  <system-out>
Enter data 13/13/2019
 Entered value as 13/13/2019
 Tap on Submit
 Submitted
 Verify that parsing result should shown as Invalid Date
  </system-out>
  <testcase name="verifyDateParse" time="2.861" classname="test.propin.TestDateParsing">
    <failure type="java.lang.AssertionError" message=" 
 Verification failed getting parsing result as [ Tue Feb 17 2009 00:00:00 GMT+0000 ] instead of [ Invalid date ] for Enter value is Feb -17, -2009 expected [true] but found [false]">
      <![CDATA[java.lang.AssertionError:  
 Verification failed getting parsing result as [ Tue Feb 17 2009 00:00:00 GMT+0000 ] instead of [ Invalid date ] for Enter value is Feb -17, -2009 expected [true] but found [false]
at org.testng.Assert.fail(Assert.java:97)
at org.testng.Assert.failNotEquals(Assert.java:969)
at org.testng.Assert.assertTrue(Assert.java:43)
at test.propin.TestDateParsing.verifyDateParse(TestDateParsing.java:35)
at sun.reflect.GeneratedMethodAccessor3.invoke(Unknown Source)
at sun.reflect.DelegatingMethodAccessorImpl.invoke(DelegatingMethodAccessorImpl.java:43)
at java.lang.reflect.Method.invoke(Method.java:498)
at org.testng.internal.MethodInvocationHelper.invokeMethod(MethodInvocationHelper.java:134)
at org.testng.internal.TestInvoker.invokeMethod(TestInvoker.java:597)
at org.testng.internal.TestInvoker.invokeTestMethod(TestInvoker.java:173)
at org.testng.internal.MethodRunner.runInSequence(MethodRunner.java:46)
at org.testng.internal.TestInvoker$MethodInvocationAgent.invoke(TestInvoker.java:816)
at org.testng.internal.TestInvoker.invokeTestMethods(TestInvoker.java:146)
at org.testng.internal.TestMethodWorker.invokeTestMethods(TestMethodWorker.java:146)
at org.testng.internal.TestMethodWorker.run(TestMethodWorker.java:128)
at java.util.ArrayList.forEach(ArrayList.java:1257)
at org.testng.TestRunner.privateRun(TestRunner.java:766)
at org.testng.TestRunner.run(TestRunner.java:587)
at org.testng.SuiteRunner.runTest(SuiteRunner.java:384)
at org.testng.SuiteRunner.runSequentially(SuiteRunner.java:378)
at org.testng.SuiteRunner.privateRun(SuiteRunner.java:337)
at org.testng.SuiteRunner.run(SuiteRunner.java:286)
at org.testng.SuiteRunnerWorker.runSuite(SuiteRunnerWorker.java:53)
at org.testng.SuiteRunnerWorker.run(SuiteRunnerWorker.java:96)
at org.testng.TestNG.runSuitesSequentially(TestNG.java:1187)
at org.testng.TestNG.runSuitesLocally(TestNG.java:1109)
at org.testng.TestNG.runSuites(TestNG.java:1039)
at org.testng.TestNG.run(TestNG.java:1007)
at org.apache.maven.surefire.testng.TestNGExecutor.run(TestNGExecutor.java:283)
at org.apache.maven.surefire.testng.TestNGXmlTestSuite.execute(TestNGXmlTestSuite.java:75)
at org.apache.maven.surefire.testng.TestNGProvider.invoke(TestNGProvider.java:120)
at org.apache.maven.surefire.booter.ForkedBooter.invokeProviderInSameClassLoader(ForkedBooter.java:384)
at org.apache.maven.surefire.booter.ForkedBooter.runSuitesInProcess(ForkedBooter.java:345)
at org.apache.maven.surefire.booter.ForkedBooter.execute(ForkedBooter.java:126)
at org.apache.maven.surefire.booter.ForkedBooter.main(ForkedBooter.java:418)
]]>
    </failure>
  </testcase> <!-- verifyDateParse -->
  <system-out>
Enter data Feb -17, -2009
 Entered value as Feb -17, -2009
 Tap on Submit
 Submitted
 Verify that parsing result should shown as Tue Feb 17 2009 00:00:00 GMT+0000
  
 Verification failed getting parsing result as [ Tue Feb 17 2009 00:00:00 GMT+0000 ] instead of [ Invalid date ] for Enter value is Feb -17, -2009
  </system-out>
  <testcase name="verifyDateParse" time="2.817" classname="test.propin.TestDateParsing"/>
  <system-out>
Enter data  2/17/2009
 Entered value as  2/17/2009
 Tap on Submit
 Submitted
 Verify that parsing result should shown as Tue Feb 17 2009 00:00:00 GMT+0000
  </system-out>
  <testcase name="verifyDateParse" time="2.903" classname="test.propin.TestDateParsing">
    <failure type="java.lang.AssertionError" message=" 
 Verification failed getting parsing result as [ Wed Feb 29 2012 00:00:00 GMT+0000 ] instead of [ Invalid date ] for Enter value is  29/ 2/2012 expected [true] but found [false]">
      <![CDATA[java.lang.AssertionError:  
 Verification failed getting parsing result as [ Wed Feb 29 2012 00:00:00 GMT+0000 ] instead of [ Invalid date ] for Enter value is  29/ 2/2012 expected [true] but found [false]
at org.testng.Assert.fail(Assert.java:97)
at org.testng.Assert.failNotEquals(Assert.java:969)
at org.testng.Assert.assertTrue(Assert.java:43)
at test.propin.TestDateParsing.verifyDateParse(TestDateParsing.java:35)
at sun.reflect.GeneratedMethodAccessor3.invoke(Unknown Source)
at sun.reflect.DelegatingMethodAccessorImpl.invoke(DelegatingMethodAccessorImpl.java:43)
at java.lang.reflect.Method.invoke(Method.java:498)
at org.testng.internal.MethodInvocationHelper.invokeMethod(MethodInvocationHelper.java:134)
at org.testng.internal.TestInvoker.invokeMethod(TestInvoker.java:597)
at org.testng.internal.TestInvoker.invokeTestMethod(TestInvoker.java:173)
at org.testng.internal.MethodRunner.runInSequence(MethodRunner.java:46)
at org.testng.internal.TestInvoker$MethodInvocationAgent.invoke(TestInvoker.java:816)
at org.testng.internal.TestInvoker.invokeTestMethods(TestInvoker.java:146)
at org.testng.internal.TestMethodWorker.invokeTestMethods(TestMethodWorker.java:146)
at org.testng.internal.TestMethodWorker.run(TestMethodWorker.java:128)
at java.util.ArrayList.forEach(ArrayList.java:1257)
at org.testng.TestRunner.privateRun(TestRunner.java:766)
at org.testng.TestRunner.run(TestRunner.java:587)
at org.testng.SuiteRunner.runTest(SuiteRunner.java:384)
at org.testng.SuiteRunner.runSequentially(SuiteRunner.java:378)
at org.testng.SuiteRunner.privateRun(SuiteRunner.java:337)
at org.testng.SuiteRunner.run(SuiteRunner.java:286)
at org.testng.SuiteRunnerWorker.runSuite(SuiteRunnerWorker.java:53)
at org.testng.SuiteRunnerWorker.run(SuiteRunnerWorker.java:96)
at org.testng.TestNG.runSuitesSequentially(TestNG.java:1187)
at org.testng.TestNG.runSuitesLocally(TestNG.java:1109)
at org.testng.TestNG.runSuites(TestNG.java:1039)
at org.testng.TestNG.run(TestNG.java:1007)
at org.apache.maven.surefire.testng.TestNGExecutor.run(TestNGExecutor.java:283)
at org.apache.maven.surefire.testng.TestNGXmlTestSuite.execute(TestNGXmlTestSuite.java:75)
at org.apache.maven.surefire.testng.TestNGProvider.invoke(TestNGProvider.java:120)
at org.apache.maven.surefire.booter.ForkedBooter.invokeProviderInSameClassLoader(ForkedBooter.java:384)
at org.apache.maven.surefire.booter.ForkedBooter.runSuitesInProcess(ForkedBooter.java:345)
at org.apache.maven.surefire.booter.ForkedBooter.execute(ForkedBooter.java:126)
at org.apache.maven.surefire.booter.ForkedBooter.main(ForkedBooter.java:418)
]]>
    </failure>
  </testcase> <!-- verifyDateParse -->
  <system-out>
Enter data  29/ 2/2012
 Entered value as  29/ 2/2012
 Tap on Submit
 Submitted
 Verify that parsing result should shown as Wed Feb 29 2012 00:00:00 GMT+0000
  
 Verification failed getting parsing result as [ Wed Feb 29 2012 00:00:00 GMT+0000 ] instead of [ Invalid date ] for Enter value is  29/ 2/2012
  </system-out>
  <testcase name="verifyDateParse" time="2.946" classname="test.propin.TestDateParsing"/>
  <system-out>
Enter data 13 13 2019
 Entered value as 13 13 2019
 Tap on Submit
 Submitted
 Verify that parsing result should shown as Invalid Date
  </system-out>
  <testcase name="verifyDateParse" time="2.832" classname="test.propin.TestDateParsing"/>
  <system-out>
Enter data 29 Feb, 2012
 Entered value as 29 Feb, 2012
 Tap on Submit
 Submitted
 Verify that parsing result should shown as Wed Feb 29 2012 00:00:00 GMT+0000
  </system-out>
  <testcase name="verifyDateParse" time="2.874" classname="test.propin.TestDateParsing"/>
  <system-out>
Enter data 0002, Dec 02
 Entered value as 0002, Dec 02
 Tap on Submit
 Submitted
 Verify that parsing result should shown as Mon Dec 02 2002 00:00:00 GMT+0000
  </system-out>
  <testcase name="verifyDateParse" time="2.913" classname="test.propin.TestDateParsing">
    <failure type="java.lang.AssertionError" message=" 
 Verification failed getting parsing result as [ Invalid Date ] instead of [ Mon Mar 01 2010 00:00:00 GMT+0000 ] for Enter value is 2010/2/29 expected [true] but found [false]">
      <![CDATA[java.lang.AssertionError:  
 Verification failed getting parsing result as [ Invalid Date ] instead of [ Mon Mar 01 2010 00:00:00 GMT+0000 ] for Enter value is 2010/2/29 expected [true] but found [false]
at org.testng.Assert.fail(Assert.java:97)
at org.testng.Assert.failNotEquals(Assert.java:969)
at org.testng.Assert.assertTrue(Assert.java:43)
at test.propin.TestDateParsing.verifyDateParse(TestDateParsing.java:35)
at sun.reflect.GeneratedMethodAccessor3.invoke(Unknown Source)
at sun.reflect.DelegatingMethodAccessorImpl.invoke(DelegatingMethodAccessorImpl.java:43)
at java.lang.reflect.Method.invoke(Method.java:498)
at org.testng.internal.MethodInvocationHelper.invokeMethod(MethodInvocationHelper.java:134)
at org.testng.internal.TestInvoker.invokeMethod(TestInvoker.java:597)
at org.testng.internal.TestInvoker.invokeTestMethod(TestInvoker.java:173)
at org.testng.internal.MethodRunner.runInSequence(MethodRunner.java:46)
at org.testng.internal.TestInvoker$MethodInvocationAgent.invoke(TestInvoker.java:816)
at org.testng.internal.TestInvoker.invokeTestMethods(TestInvoker.java:146)
at org.testng.internal.TestMethodWorker.invokeTestMethods(TestMethodWorker.java:146)
at org.testng.internal.TestMethodWorker.run(TestMethodWorker.java:128)
at java.util.ArrayList.forEach(ArrayList.java:1257)
at org.testng.TestRunner.privateRun(TestRunner.java:766)
at org.testng.TestRunner.run(TestRunner.java:587)
at org.testng.SuiteRunner.runTest(SuiteRunner.java:384)
at org.testng.SuiteRunner.runSequentially(SuiteRunner.java:378)
at org.testng.SuiteRunner.privateRun(SuiteRunner.java:337)
at org.testng.SuiteRunner.run(SuiteRunner.java:286)
at org.testng.SuiteRunnerWorker.runSuite(SuiteRunnerWorker.java:53)
at org.testng.SuiteRunnerWorker.run(SuiteRunnerWorker.java:96)
at org.testng.TestNG.runSuitesSequentially(TestNG.java:1187)
at org.testng.TestNG.runSuitesLocally(TestNG.java:1109)
at org.testng.TestNG.runSuites(TestNG.java:1039)
at org.testng.TestNG.run(TestNG.java:1007)
at org.apache.maven.surefire.testng.TestNGExecutor.run(TestNGExecutor.java:283)
at org.apache.maven.surefire.testng.TestNGXmlTestSuite.execute(TestNGXmlTestSuite.java:75)
at org.apache.maven.surefire.testng.TestNGProvider.invoke(TestNGProvider.java:120)
at org.apache.maven.surefire.booter.ForkedBooter.invokeProviderInSameClassLoader(ForkedBooter.java:384)
at org.apache.maven.surefire.booter.ForkedBooter.runSuitesInProcess(ForkedBooter.java:345)
at org.apache.maven.surefire.booter.ForkedBooter.execute(ForkedBooter.java:126)
at org.apache.maven.surefire.booter.ForkedBooter.main(ForkedBooter.java:418)
]]>
    </failure>
  </testcase> <!-- verifyDateParse -->
  <system-out>
Enter data 2010/2/29
 Entered value as 2010/2/29
 Tap on Submit
 Submitted
 Verify that parsing result should shown as Invalid Date
  
 Verification failed getting parsing result as [ Invalid Date ] instead of [ Mon Mar 01 2010 00:00:00 GMT+0000 ] for Enter value is 2010/2/29
  </system-out>
  <testcase name="verifyDateParse" time="3.088" classname="test.propin.TestDateParsing">
    <failure type="java.lang.AssertionError" message=" 
 Verification failed getting parsing result as [ Tue Feb 17 2009 00:00:00 GMT+0000 ] instead of [ Invalid date ] for Enter value is -17 Feb -2009 expected [true] but found [false]">
      <![CDATA[java.lang.AssertionError:  
 Verification failed getting parsing result as [ Tue Feb 17 2009 00:00:00 GMT+0000 ] instead of [ Invalid date ] for Enter value is -17 Feb -2009 expected [true] but found [false]
at org.testng.Assert.fail(Assert.java:97)
at org.testng.Assert.failNotEquals(Assert.java:969)
at org.testng.Assert.assertTrue(Assert.java:43)
at test.propin.TestDateParsing.verifyDateParse(TestDateParsing.java:35)
at sun.reflect.GeneratedMethodAccessor3.invoke(Unknown Source)
at sun.reflect.DelegatingMethodAccessorImpl.invoke(DelegatingMethodAccessorImpl.java:43)
at java.lang.reflect.Method.invoke(Method.java:498)
at org.testng.internal.MethodInvocationHelper.invokeMethod(MethodInvocationHelper.java:134)
at org.testng.internal.TestInvoker.invokeMethod(TestInvoker.java:597)
at org.testng.internal.TestInvoker.invokeTestMethod(TestInvoker.java:173)
at org.testng.internal.MethodRunner.runInSequence(MethodRunner.java:46)
at org.testng.internal.TestInvoker$MethodInvocationAgent.invoke(TestInvoker.java:816)
at org.testng.internal.TestInvoker.invokeTestMethods(TestInvoker.java:146)
at org.testng.internal.TestMethodWorker.invokeTestMethods(TestMethodWorker.java:146)
at org.testng.internal.TestMethodWorker.run(TestMethodWorker.java:128)
at java.util.ArrayList.forEach(ArrayList.java:1257)
at org.testng.TestRunner.privateRun(TestRunner.java:766)
at org.testng.TestRunner.run(TestRunner.java:587)
at org.testng.SuiteRunner.runTest(SuiteRunner.java:384)
at org.testng.SuiteRunner.runSequentially(SuiteRunner.java:378)
at org.testng.SuiteRunner.privateRun(SuiteRunner.java:337)
at org.testng.SuiteRunner.run(SuiteRunner.java:286)
at org.testng.SuiteRunnerWorker.runSuite(SuiteRunnerWorker.java:53)
at org.testng.SuiteRunnerWorker.run(SuiteRunnerWorker.java:96)
at org.testng.TestNG.runSuitesSequentially(TestNG.java:1187)
at org.testng.TestNG.runSuitesLocally(TestNG.java:1109)
at org.testng.TestNG.runSuites(TestNG.java:1039)
at org.testng.TestNG.run(TestNG.java:1007)
at org.apache.maven.surefire.testng.TestNGExecutor.run(TestNGExecutor.java:283)
at org.apache.maven.surefire.testng.TestNGXmlTestSuite.execute(TestNGXmlTestSuite.java:75)
at org.apache.maven.surefire.testng.TestNGProvider.invoke(TestNGProvider.java:120)
at org.apache.maven.surefire.booter.ForkedBooter.invokeProviderInSameClassLoader(ForkedBooter.java:384)
at org.apache.maven.surefire.booter.ForkedBooter.runSuitesInProcess(ForkedBooter.java:345)
at org.apache.maven.surefire.booter.ForkedBooter.execute(ForkedBooter.java:126)
at org.apache.maven.surefire.booter.ForkedBooter.main(ForkedBooter.java:418)
]]>
    </failure>
  </testcase> <!-- verifyDateParse -->
  <system-out>
Enter data -17 Feb -2009
 Entered value as -17 Feb -2009
 Tap on Submit
 Submitted
 Verify that parsing result should shown as Tue Feb 17 2009 00:00:00 GMT+0000
  
 Verification failed getting parsing result as [ Tue Feb 17 2009 00:00:00 GMT+0000 ] instead of [ Invalid date ] for Enter value is -17 Feb -2009
  </system-out>
  <testcase name="verifyDateParse" time="3.104" classname="test.propin.TestDateParsing"/>
  <system-out>
Enter data Dec 32 2009
 Entered value as Dec 32 2009
 Tap on Submit
 Submitted
 Verify that parsing result should shown as Invalid Date
  </system-out>
  <testcase name="verifyDateParse" time="3.094" classname="test.propin.TestDateParsing">
    <failure type="java.lang.AssertionError" message=" 
 Verification failed getting parsing result as [ Invalid Date ] instead of [ Mon Mar 01 2010 00:00:00 GMT+0000 ] for Enter value is 2010, Feb 29  expected [true] but found [false]">
      <![CDATA[java.lang.AssertionError:  
 Verification failed getting parsing result as [ Invalid Date ] instead of [ Mon Mar 01 2010 00:00:00 GMT+0000 ] for Enter value is 2010, Feb 29  expected [true] but found [false]
at org.testng.Assert.fail(Assert.java:97)
at org.testng.Assert.failNotEquals(Assert.java:969)
at org.testng.Assert.assertTrue(Assert.java:43)
at test.propin.TestDateParsing.verifyDateParse(TestDateParsing.java:35)
at sun.reflect.GeneratedMethodAccessor3.invoke(Unknown Source)
at sun.reflect.DelegatingMethodAccessorImpl.invoke(DelegatingMethodAccessorImpl.java:43)
at java.lang.reflect.Method.invoke(Method.java:498)
at org.testng.internal.MethodInvocationHelper.invokeMethod(MethodInvocationHelper.java:134)
at org.testng.internal.TestInvoker.invokeMethod(TestInvoker.java:597)
at org.testng.internal.TestInvoker.invokeTestMethod(TestInvoker.java:173)
at org.testng.internal.MethodRunner.runInSequence(MethodRunner.java:46)
at org.testng.internal.TestInvoker$MethodInvocationAgent.invoke(TestInvoker.java:816)
at org.testng.internal.TestInvoker.invokeTestMethods(TestInvoker.java:146)
at org.testng.internal.TestMethodWorker.invokeTestMethods(TestMethodWorker.java:146)
at org.testng.internal.TestMethodWorker.run(TestMethodWorker.java:128)
at java.util.ArrayList.forEach(ArrayList.java:1257)
at org.testng.TestRunner.privateRun(TestRunner.java:766)
at org.testng.TestRunner.run(TestRunner.java:587)
at org.testng.SuiteRunner.runTest(SuiteRunner.java:384)
at org.testng.SuiteRunner.runSequentially(SuiteRunner.java:378)
at org.testng.SuiteRunner.privateRun(SuiteRunner.java:337)
at org.testng.SuiteRunner.run(SuiteRunner.java:286)
at org.testng.SuiteRunnerWorker.runSuite(SuiteRunnerWorker.java:53)
at org.testng.SuiteRunnerWorker.run(SuiteRunnerWorker.java:96)
at org.testng.TestNG.runSuitesSequentially(TestNG.java:1187)
at org.testng.TestNG.runSuitesLocally(TestNG.java:1109)
at org.testng.TestNG.runSuites(TestNG.java:1039)
at org.testng.TestNG.run(TestNG.java:1007)
at org.apache.maven.surefire.testng.TestNGExecutor.run(TestNGExecutor.java:283)
at org.apache.maven.surefire.testng.TestNGXmlTestSuite.execute(TestNGXmlTestSuite.java:75)
at org.apache.maven.surefire.testng.TestNGProvider.invoke(TestNGProvider.java:120)
at org.apache.maven.surefire.booter.ForkedBooter.invokeProviderInSameClassLoader(ForkedBooter.java:384)
at org.apache.maven.surefire.booter.ForkedBooter.runSuitesInProcess(ForkedBooter.java:345)
at org.apache.maven.surefire.booter.ForkedBooter.execute(ForkedBooter.java:126)
at org.apache.maven.surefire.booter.ForkedBooter.main(ForkedBooter.java:418)
]]>
    </failure>
  </testcase> <!-- verifyDateParse -->
  <system-out>
Enter data 2010, Feb 29 
 Entered value as 2010, Feb 29 
 Tap on Submit
 Submitted
 Verify that parsing result should shown as Invalid Date
  
 Verification failed getting parsing result as [ Invalid Date ] instead of [ Mon Mar 01 2010 00:00:00 GMT+0000 ] for Enter value is 2010, Feb 29 
  </system-out>
  <testcase name="verifyDateParse" time="2.927" classname="test.propin.TestDateParsing"/>
  <system-out>
Enter data 29/2/2010
 Entered value as 29/2/2010
 Tap on Submit
 Submitted
 Verify that parsing result should shown as Invalid Date
  </system-out>
  <testcase name="verifyDateParse" time="2.803" classname="test.propin.TestDateParsing"/>
  <system-out>
Enter data 31 4 2009
 Entered value as 31 4 2009
 Tap on Submit
 Submitted
 Verify that parsing result should shown as Invalid Date
  </system-out>
  <testcase name="verifyDateParse" time="2.872" classname="test.propin.TestDateParsing">
    <failure type="java.lang.AssertionError" message=" 
 Verification failed getting parsing result as [ Mon Dec 02 2002 00:00:00 GMT+0000 ] instead of [ Tue Feb 12 2002 00:00:00 GMT+0000 ] for Enter value is 0002/ 12/ 02 expected [true] but found [false]">
      <![CDATA[java.lang.AssertionError:  
 Verification failed getting parsing result as [ Mon Dec 02 2002 00:00:00 GMT+0000 ] instead of [ Tue Feb 12 2002 00:00:00 GMT+0000 ] for Enter value is 0002/ 12/ 02 expected [true] but found [false]
at org.testng.Assert.fail(Assert.java:97)
at org.testng.Assert.failNotEquals(Assert.java:969)
at org.testng.Assert.assertTrue(Assert.java:43)
at test.propin.TestDateParsing.verifyDateParse(TestDateParsing.java:35)
at sun.reflect.GeneratedMethodAccessor3.invoke(Unknown Source)
at sun.reflect.DelegatingMethodAccessorImpl.invoke(DelegatingMethodAccessorImpl.java:43)
at java.lang.reflect.Method.invoke(Method.java:498)
at org.testng.internal.MethodInvocationHelper.invokeMethod(MethodInvocationHelper.java:134)
at org.testng.internal.TestInvoker.invokeMethod(TestInvoker.java:597)
at org.testng.internal.TestInvoker.invokeTestMethod(TestInvoker.java:173)
at org.testng.internal.MethodRunner.runInSequence(MethodRunner.java:46)
at org.testng.internal.TestInvoker$MethodInvocationAgent.invoke(TestInvoker.java:816)
at org.testng.internal.TestInvoker.invokeTestMethods(TestInvoker.java:146)
at org.testng.internal.TestMethodWorker.invokeTestMethods(TestMethodWorker.java:146)
at org.testng.internal.TestMethodWorker.run(TestMethodWorker.java:128)
at java.util.ArrayList.forEach(ArrayList.java:1257)
at org.testng.TestRunner.privateRun(TestRunner.java:766)
at org.testng.TestRunner.run(TestRunner.java:587)
at org.testng.SuiteRunner.runTest(SuiteRunner.java:384)
at org.testng.SuiteRunner.runSequentially(SuiteRunner.java:378)
at org.testng.SuiteRunner.privateRun(SuiteRunner.java:337)
at org.testng.SuiteRunner.run(SuiteRunner.java:286)
at org.testng.SuiteRunnerWorker.runSuite(SuiteRunnerWorker.java:53)
at org.testng.SuiteRunnerWorker.run(SuiteRunnerWorker.java:96)
at org.testng.TestNG.runSuitesSequentially(TestNG.java:1187)
at org.testng.TestNG.runSuitesLocally(TestNG.java:1109)
at org.testng.TestNG.runSuites(TestNG.java:1039)
at org.testng.TestNG.run(TestNG.java:1007)
at org.apache.maven.surefire.testng.TestNGExecutor.run(TestNGExecutor.java:283)
at org.apache.maven.surefire.testng.TestNGXmlTestSuite.execute(TestNGXmlTestSuite.java:75)
at org.apache.maven.surefire.testng.TestNGProvider.invoke(TestNGProvider.java:120)
at org.apache.maven.surefire.booter.ForkedBooter.invokeProviderInSameClassLoader(ForkedBooter.java:384)
at org.apache.maven.surefire.booter.ForkedBooter.runSuitesInProcess(ForkedBooter.java:345)
at org.apache.maven.surefire.booter.ForkedBooter.execute(ForkedBooter.java:126)
at org.apache.maven.surefire.booter.ForkedBooter.main(ForkedBooter.java:418)
]]>
    </failure>
  </testcase> <!-- verifyDateParse -->
  <system-out>
Enter data 0002/ 12/ 02
 Entered value as 0002/ 12/ 02
 Tap on Submit
 Submitted
 Verify that parsing result should shown as Mon Dec 02 2002 00:00:00 GMT+0000
  
 Verification failed getting parsing result as [ Mon Dec 02 2002 00:00:00 GMT+0000 ] instead of [ Tue Feb 12 2002 00:00:00 GMT+0000 ] for Enter value is 0002/ 12/ 02
  </system-out>
  <testcase name="verifyDateParse" time="2.980" classname="test.propin.TestDateParsing">
    <failure type="java.lang.AssertionError" message=" 
 Verification failed getting parsing result as [ Invalid Date ] instead of [ Fri Feb 01 2019 00:00:00 GMT+0000 ] for Enter value is 2019 2 $$ expected [true] but found [false]">
      <![CDATA[java.lang.AssertionError:  
 Verification failed getting parsing result as [ Invalid Date ] instead of [ Fri Feb 01 2019 00:00:00 GMT+0000 ] for Enter value is 2019 2 $$ expected [true] but found [false]
at org.testng.Assert.fail(Assert.java:97)
at org.testng.Assert.failNotEquals(Assert.java:969)
at org.testng.Assert.assertTrue(Assert.java:43)
at test.propin.TestDateParsing.verifyDateParse(TestDateParsing.java:35)
at sun.reflect.GeneratedMethodAccessor3.invoke(Unknown Source)
at sun.reflect.DelegatingMethodAccessorImpl.invoke(DelegatingMethodAccessorImpl.java:43)
at java.lang.reflect.Method.invoke(Method.java:498)
at org.testng.internal.MethodInvocationHelper.invokeMethod(MethodInvocationHelper.java:134)
at org.testng.internal.TestInvoker.invokeMethod(TestInvoker.java:597)
at org.testng.internal.TestInvoker.invokeTestMethod(TestInvoker.java:173)
at org.testng.internal.MethodRunner.runInSequence(MethodRunner.java:46)
at org.testng.internal.TestInvoker$MethodInvocationAgent.invoke(TestInvoker.java:816)
at org.testng.internal.TestInvoker.invokeTestMethods(TestInvoker.java:146)
at org.testng.internal.TestMethodWorker.invokeTestMethods(TestMethodWorker.java:146)
at org.testng.internal.TestMethodWorker.run(TestMethodWorker.java:128)
at java.util.ArrayList.forEach(ArrayList.java:1257)
at org.testng.TestRunner.privateRun(TestRunner.java:766)
at org.testng.TestRunner.run(TestRunner.java:587)
at org.testng.SuiteRunner.runTest(SuiteRunner.java:384)
at org.testng.SuiteRunner.runSequentially(SuiteRunner.java:378)
at org.testng.SuiteRunner.privateRun(SuiteRunner.java:337)
at org.testng.SuiteRunner.run(SuiteRunner.java:286)
at org.testng.SuiteRunnerWorker.runSuite(SuiteRunnerWorker.java:53)
at org.testng.SuiteRunnerWorker.run(SuiteRunnerWorker.java:96)
at org.testng.TestNG.runSuitesSequentially(TestNG.java:1187)
at org.testng.TestNG.runSuitesLocally(TestNG.java:1109)
at org.testng.TestNG.runSuites(TestNG.java:1039)
at org.testng.TestNG.run(TestNG.java:1007)
at org.apache.maven.surefire.testng.TestNGExecutor.run(TestNGExecutor.java:283)
at org.apache.maven.surefire.testng.TestNGXmlTestSuite.execute(TestNGXmlTestSuite.java:75)
at org.apache.maven.surefire.testng.TestNGProvider.invoke(TestNGProvider.java:120)
at org.apache.maven.surefire.booter.ForkedBooter.invokeProviderInSameClassLoader(ForkedBooter.java:384)
at org.apache.maven.surefire.booter.ForkedBooter.runSuitesInProcess(ForkedBooter.java:345)
at org.apache.maven.surefire.booter.ForkedBooter.execute(ForkedBooter.java:126)
at org.apache.maven.surefire.booter.ForkedBooter.main(ForkedBooter.java:418)
]]>
    </failure>
  </testcase> <!-- verifyDateParse -->
  <system-out>
Enter data 2019 2 $$
 Entered value as 2019 2 $$
 Tap on Submit
 Submitted
 Verify that parsing result should shown as Invalid Date
  
 Verification failed getting parsing result as [ Invalid Date ] instead of [ Fri Feb 01 2019 00:00:00 GMT+0000 ] for Enter value is 2019 2 $$
  </system-out>
  <testcase name="verifyDateParse" time="3.323" classname="test.propin.TestDateParsing"/>
  <system-out>
Enter data 29/02/2010
 Entered value as 29/02/2010
 Tap on Submit
 Submitted
 Verify that parsing result should shown as Invalid Date
  </system-out>
  <testcase name="verifyDateParse" time="2.899" classname="test.propin.TestDateParsing">
    <failure type="java.lang.AssertionError" message=" 
 Verification failed getting parsing result as [ Invalid Date ] instead of [ Fri Feb 01 2019 00:00:00 GMT+0000 ] for Enter value is Feb $$ 2019 expected [true] but found [false]">
      <![CDATA[java.lang.AssertionError:  
 Verification failed getting parsing result as [ Invalid Date ] instead of [ Fri Feb 01 2019 00:00:00 GMT+0000 ] for Enter value is Feb $$ 2019 expected [true] but found [false]
at org.testng.Assert.fail(Assert.java:97)
at org.testng.Assert.failNotEquals(Assert.java:969)
at org.testng.Assert.assertTrue(Assert.java:43)
at test.propin.TestDateParsing.verifyDateParse(TestDateParsing.java:35)
at sun.reflect.GeneratedMethodAccessor3.invoke(Unknown Source)
at sun.reflect.DelegatingMethodAccessorImpl.invoke(DelegatingMethodAccessorImpl.java:43)
at java.lang.reflect.Method.invoke(Method.java:498)
at org.testng.internal.MethodInvocationHelper.invokeMethod(MethodInvocationHelper.java:134)
at org.testng.internal.TestInvoker.invokeMethod(TestInvoker.java:597)
at org.testng.internal.TestInvoker.invokeTestMethod(TestInvoker.java:173)
at org.testng.internal.MethodRunner.runInSequence(MethodRunner.java:46)
at org.testng.internal.TestInvoker$MethodInvocationAgent.invoke(TestInvoker.java:816)
at org.testng.internal.TestInvoker.invokeTestMethods(TestInvoker.java:146)
at org.testng.internal.TestMethodWorker.invokeTestMethods(TestMethodWorker.java:146)
at org.testng.internal.TestMethodWorker.run(TestMethodWorker.java:128)
at java.util.ArrayList.forEach(ArrayList.java:1257)
at org.testng.TestRunner.privateRun(TestRunner.java:766)
at org.testng.TestRunner.run(TestRunner.java:587)
at org.testng.SuiteRunner.runTest(SuiteRunner.java:384)
at org.testng.SuiteRunner.runSequentially(SuiteRunner.java:378)
at org.testng.SuiteRunner.privateRun(SuiteRunner.java:337)
at org.testng.SuiteRunner.run(SuiteRunner.java:286)
at org.testng.SuiteRunnerWorker.runSuite(SuiteRunnerWorker.java:53)
at org.testng.SuiteRunnerWorker.run(SuiteRunnerWorker.java:96)
at org.testng.TestNG.runSuitesSequentially(TestNG.java:1187)
at org.testng.TestNG.runSuitesLocally(TestNG.java:1109)
at org.testng.TestNG.runSuites(TestNG.java:1039)
at org.testng.TestNG.run(TestNG.java:1007)
at org.apache.maven.surefire.testng.TestNGExecutor.run(TestNGExecutor.java:283)
at org.apache.maven.surefire.testng.TestNGXmlTestSuite.execute(TestNGXmlTestSuite.java:75)
at org.apache.maven.surefire.testng.TestNGProvider.invoke(TestNGProvider.java:120)
at org.apache.maven.surefire.booter.ForkedBooter.invokeProviderInSameClassLoader(ForkedBooter.java:384)
at org.apache.maven.surefire.booter.ForkedBooter.runSuitesInProcess(ForkedBooter.java:345)
at org.apache.maven.surefire.booter.ForkedBooter.execute(ForkedBooter.java:126)
at org.apache.maven.surefire.booter.ForkedBooter.main(ForkedBooter.java:418)
]]>
    </failure>
  </testcase> <!-- verifyDateParse -->
  <system-out>
Enter data Feb $$ 2019
 Entered value as Feb $$ 2019
 Tap on Submit
 Submitted
 Verify that parsing result should shown as Invalid Date
  
 Verification failed getting parsing result as [ Invalid Date ] instead of [ Fri Feb 01 2019 00:00:00 GMT+0000 ] for Enter value is Feb $$ 2019
  </system-out>
  <testcase name="verifyDateParse" time="2.810" classname="test.propin.TestDateParsing"/>
  <system-out>
Enter data 2012, Feb 29
 Entered value as 2012, Feb 29
 Tap on Submit
 Submitted
 Verify that parsing result should shown as Wed Feb 29 2012 00:00:00 GMT+0000
  </system-out>
  <testcase name="verifyDateParse" time="2.790" classname="test.propin.TestDateParsing"/>
  <system-out>
Enter data Feb 17, 2009
 Entered value as Feb 17, 2009
 Tap on Submit
 Submitted
 Verify that parsing result should shown as Tue Feb 17 2009 00:00:00 GMT+0000
  </system-out>
  <testcase name="verifyDateParse" time="3.828" classname="test.propin.TestDateParsing"/>
  <system-out>
Enter data 2009/14/17
 Entered value as 2009/14/17
 Tap on Submit
 Submitted
 Verify that parsing result should shown as Invalid Date
  </system-out>
  <testcase name="verifyDateParse" time="3.122" classname="test.propin.TestDateParsing"/>
  <system-out>
Enter data  29/ 2/2010
 Entered value as  29/ 2/2010
 Tap on Submit
 Submitted
 Verify that parsing result should shown as Invalid Date
  </system-out>
  <testcase name="verifyDateParse" time="2.811" classname="test.propin.TestDateParsing">
    <failure type="java.lang.AssertionError" message=" 
 Verification failed getting parsing result as [ Invalid Date ] instead of [ Fri Feb 01 2019 00:00:00 GMT+0000 ] for Enter value is 2019/2/$$ expected [true] but found [false]">
      <![CDATA[java.lang.AssertionError:  
 Verification failed getting parsing result as [ Invalid Date ] instead of [ Fri Feb 01 2019 00:00:00 GMT+0000 ] for Enter value is 2019/2/$$ expected [true] but found [false]
at org.testng.Assert.fail(Assert.java:97)
at org.testng.Assert.failNotEquals(Assert.java:969)
at org.testng.Assert.assertTrue(Assert.java:43)
at test.propin.TestDateParsing.verifyDateParse(TestDateParsing.java:35)
at sun.reflect.GeneratedMethodAccessor3.invoke(Unknown Source)
at sun.reflect.DelegatingMethodAccessorImpl.invoke(DelegatingMethodAccessorImpl.java:43)
at java.lang.reflect.Method.invoke(Method.java:498)
at org.testng.internal.MethodInvocationHelper.invokeMethod(MethodInvocationHelper.java:134)
at org.testng.internal.TestInvoker.invokeMethod(TestInvoker.java:597)
at org.testng.internal.TestInvoker.invokeTestMethod(TestInvoker.java:173)
at org.testng.internal.MethodRunner.runInSequence(MethodRunner.java:46)
at org.testng.internal.TestInvoker$MethodInvocationAgent.invoke(TestInvoker.java:816)
at org.testng.internal.TestInvoker.invokeTestMethods(TestInvoker.java:146)
at org.testng.internal.TestMethodWorker.invokeTestMethods(TestMethodWorker.java:146)
at org.testng.internal.TestMethodWorker.run(TestMethodWorker.java:128)
at java.util.ArrayList.forEach(ArrayList.java:1257)
at org.testng.TestRunner.privateRun(TestRunner.java:766)
at org.testng.TestRunner.run(TestRunner.java:587)
at org.testng.SuiteRunner.runTest(SuiteRunner.java:384)
at org.testng.SuiteRunner.runSequentially(SuiteRunner.java:378)
at org.testng.SuiteRunner.privateRun(SuiteRunner.java:337)
at org.testng.SuiteRunner.run(SuiteRunner.java:286)
at org.testng.SuiteRunnerWorker.runSuite(SuiteRunnerWorker.java:53)
at org.testng.SuiteRunnerWorker.run(SuiteRunnerWorker.java:96)
at org.testng.TestNG.runSuitesSequentially(TestNG.java:1187)
at org.testng.TestNG.runSuitesLocally(TestNG.java:1109)
at org.testng.TestNG.runSuites(TestNG.java:1039)
at org.testng.TestNG.run(TestNG.java:1007)
at org.apache.maven.surefire.testng.TestNGExecutor.run(TestNGExecutor.java:283)
at org.apache.maven.surefire.testng.TestNGXmlTestSuite.execute(TestNGXmlTestSuite.java:75)
at org.apache.maven.surefire.testng.TestNGProvider.invoke(TestNGProvider.java:120)
at org.apache.maven.surefire.booter.ForkedBooter.invokeProviderInSameClassLoader(ForkedBooter.java:384)
at org.apache.maven.surefire.booter.ForkedBooter.runSuitesInProcess(ForkedBooter.java:345)
at org.apache.maven.surefire.booter.ForkedBooter.execute(ForkedBooter.java:126)
at org.apache.maven.surefire.booter.ForkedBooter.main(ForkedBooter.java:418)
]]>
    </failure>
  </testcase> <!-- verifyDateParse -->
  <system-out>
Enter data 2019/2/$$
 Entered value as 2019/2/$$
 Tap on Submit
 Submitted
 Verify that parsing result should shown as Invalid Date
  
 Verification failed getting parsing result as [ Invalid Date ] instead of [ Fri Feb 01 2019 00:00:00 GMT+0000 ] for Enter value is 2019/2/$$
  </system-out>
  <testcase name="verifyDateParse" time="2.862" classname="test.propin.TestDateParsing"/>
  <system-out>
Enter data December, 32, 2009
 Entered value as December, 32, 2009
 Tap on Submit
 Submitted
 Verify that parsing result should shown as Invalid Date
  </system-out>
  <testcase name="verifyDateParse" time="2.866" classname="test.propin.TestDateParsing"/>
  <system-out>
Enter data  13/ 1/2019
 Entered value as  13/ 1/2019
 Tap on Submit
 Submitted
 Verify that parsing result should shown as Invalid Date
  </system-out>
  <testcase name="verifyDateParse" time="2.839" classname="test.propin.TestDateParsing"/>
  <system-out>
Enter data 12 02 0002
 Entered value as 12 02 0002
 Tap on Submit
 Submitted
 Verify that parsing result should shown as Mon Dec 02 2002 00:00:00 GMT+0000
  </system-out>
  <testcase name="verifyDateParse" time="2.844" classname="test.propin.TestDateParsing"/>
  <system-out>
Enter data 29 Feb 2012
 Entered value as 29 Feb 2012
 Tap on Submit
 Submitted
 Verify that parsing result should shown as Wed Feb 29 2012 00:00:00 GMT+0000
  </system-out>
  <testcase name="verifyDateParse" time="3.015" classname="test.propin.TestDateParsing">
    <failure type="java.lang.AssertionError" message=" 
 Verification failed getting parsing result as [ Tue Feb 17 2009 00:00:00 GMT+0000 ] instead of [ Invalid date ] for Enter value is -2009-/-02/-17 expected [true] but found [false]">
      <![CDATA[java.lang.AssertionError:  
 Verification failed getting parsing result as [ Tue Feb 17 2009 00:00:00 GMT+0000 ] instead of [ Invalid date ] for Enter value is -2009-/-02/-17 expected [true] but found [false]
at org.testng.Assert.fail(Assert.java:97)
at org.testng.Assert.failNotEquals(Assert.java:969)
at org.testng.Assert.assertTrue(Assert.java:43)
at test.propin.TestDateParsing.verifyDateParse(TestDateParsing.java:35)
at sun.reflect.GeneratedMethodAccessor3.invoke(Unknown Source)
at sun.reflect.DelegatingMethodAccessorImpl.invoke(DelegatingMethodAccessorImpl.java:43)
at java.lang.reflect.Method.invoke(Method.java:498)
at org.testng.internal.MethodInvocationHelper.invokeMethod(MethodInvocationHelper.java:134)
at org.testng.internal.TestInvoker.invokeMethod(TestInvoker.java:597)
at org.testng.internal.TestInvoker.invokeTestMethod(TestInvoker.java:173)
at org.testng.internal.MethodRunner.runInSequence(MethodRunner.java:46)
at org.testng.internal.TestInvoker$MethodInvocationAgent.invoke(TestInvoker.java:816)
at org.testng.internal.TestInvoker.invokeTestMethods(TestInvoker.java:146)
at org.testng.internal.TestMethodWorker.invokeTestMethods(TestMethodWorker.java:146)
at org.testng.internal.TestMethodWorker.run(TestMethodWorker.java:128)
at java.util.ArrayList.forEach(ArrayList.java:1257)
at org.testng.TestRunner.privateRun(TestRunner.java:766)
at org.testng.TestRunner.run(TestRunner.java:587)
at org.testng.SuiteRunner.runTest(SuiteRunner.java:384)
at org.testng.SuiteRunner.runSequentially(SuiteRunner.java:378)
at org.testng.SuiteRunner.privateRun(SuiteRunner.java:337)
at org.testng.SuiteRunner.run(SuiteRunner.java:286)
at org.testng.SuiteRunnerWorker.runSuite(SuiteRunnerWorker.java:53)
at org.testng.SuiteRunnerWorker.run(SuiteRunnerWorker.java:96)
at org.testng.TestNG.runSuitesSequentially(TestNG.java:1187)
at org.testng.TestNG.runSuitesLocally(TestNG.java:1109)
at org.testng.TestNG.runSuites(TestNG.java:1039)
at org.testng.TestNG.run(TestNG.java:1007)
at org.apache.maven.surefire.testng.TestNGExecutor.run(TestNGExecutor.java:283)
at org.apache.maven.surefire.testng.TestNGXmlTestSuite.execute(TestNGXmlTestSuite.java:75)
at org.apache.maven.surefire.testng.TestNGProvider.invoke(TestNGProvider.java:120)
at org.apache.maven.surefire.booter.ForkedBooter.invokeProviderInSameClassLoader(ForkedBooter.java:384)
at org.apache.maven.surefire.booter.ForkedBooter.runSuitesInProcess(ForkedBooter.java:345)
at org.apache.maven.surefire.booter.ForkedBooter.execute(ForkedBooter.java:126)
at org.apache.maven.surefire.booter.ForkedBooter.main(ForkedBooter.java:418)
]]>
    </failure>
  </testcase> <!-- verifyDateParse -->
  <system-out>
Enter data -2009-/-02/-17
 Entered value as -2009-/-02/-17
 Tap on Submit
 Submitted
 Verify that parsing result should shown as Tue Feb 17 2009 00:00:00 GMT+0000
  
 Verification failed getting parsing result as [ Tue Feb 17 2009 00:00:00 GMT+0000 ] instead of [ Invalid date ] for Enter value is -2009-/-02/-17
  </system-out>
  <testcase name="verifyDateParse" time="2.868" classname="test.propin.TestDateParsing"/>
  <system-out>
Enter data 32 Dec, 2009
 Entered value as 32 Dec, 2009
 Tap on Submit
 Submitted
 Verify that parsing result should shown as Invalid Date
  </system-out>
  <testcase name="verifyDateParse" time="2.837" classname="test.propin.TestDateParsing">
    <failure type="java.lang.AssertionError" message=" 
 Verification failed getting parsing result as [ Invalid Date ] instead of [ Fri May 01 2009 00:00:00 GMT+0000 ] for Enter value is   Apr 31 2009 expected [true] but found [false]">
      <![CDATA[java.lang.AssertionError:  
 Verification failed getting parsing result as [ Invalid Date ] instead of [ Fri May 01 2009 00:00:00 GMT+0000 ] for Enter value is   Apr 31 2009 expected [true] but found [false]
at org.testng.Assert.fail(Assert.java:97)
at org.testng.Assert.failNotEquals(Assert.java:969)
at org.testng.Assert.assertTrue(Assert.java:43)
at test.propin.TestDateParsing.verifyDateParse(TestDateParsing.java:35)
at sun.reflect.GeneratedMethodAccessor3.invoke(Unknown Source)
at sun.reflect.DelegatingMethodAccessorImpl.invoke(DelegatingMethodAccessorImpl.java:43)
at java.lang.reflect.Method.invoke(Method.java:498)
at org.testng.internal.MethodInvocationHelper.invokeMethod(MethodInvocationHelper.java:134)
at org.testng.internal.TestInvoker.invokeMethod(TestInvoker.java:597)
at org.testng.internal.TestInvoker.invokeTestMethod(TestInvoker.java:173)
at org.testng.internal.MethodRunner.runInSequence(MethodRunner.java:46)
at org.testng.internal.TestInvoker$MethodInvocationAgent.invoke(TestInvoker.java:816)
at org.testng.internal.TestInvoker.invokeTestMethods(TestInvoker.java:146)
at org.testng.internal.TestMethodWorker.invokeTestMethods(TestMethodWorker.java:146)
at org.testng.internal.TestMethodWorker.run(TestMethodWorker.java:128)
at java.util.ArrayList.forEach(ArrayList.java:1257)
at org.testng.TestRunner.privateRun(TestRunner.java:766)
at org.testng.TestRunner.run(TestRunner.java:587)
at org.testng.SuiteRunner.runTest(SuiteRunner.java:384)
at org.testng.SuiteRunner.runSequentially(SuiteRunner.java:378)
at org.testng.SuiteRunner.privateRun(SuiteRunner.java:337)
at org.testng.SuiteRunner.run(SuiteRunner.java:286)
at org.testng.SuiteRunnerWorker.runSuite(SuiteRunnerWorker.java:53)
at org.testng.SuiteRunnerWorker.run(SuiteRunnerWorker.java:96)
at org.testng.TestNG.runSuitesSequentially(TestNG.java:1187)
at org.testng.TestNG.runSuitesLocally(TestNG.java:1109)
at org.testng.TestNG.runSuites(TestNG.java:1039)
at org.testng.TestNG.run(TestNG.java:1007)
at org.apache.maven.surefire.testng.TestNGExecutor.run(TestNGExecutor.java:283)
at org.apache.maven.surefire.testng.TestNGXmlTestSuite.execute(TestNGXmlTestSuite.java:75)
at org.apache.maven.surefire.testng.TestNGProvider.invoke(TestNGProvider.java:120)
at org.apache.maven.surefire.booter.ForkedBooter.invokeProviderInSameClassLoader(ForkedBooter.java:384)
at org.apache.maven.surefire.booter.ForkedBooter.runSuitesInProcess(ForkedBooter.java:345)
at org.apache.maven.surefire.booter.ForkedBooter.execute(ForkedBooter.java:126)
at org.apache.maven.surefire.booter.ForkedBooter.main(ForkedBooter.java:418)
]]>
    </failure>
  </testcase> <!-- verifyDateParse -->
  <system-out>
Enter data   Apr 31 2009
 Entered value as   Apr 31 2009
 Tap on Submit
 Submitted
 Verify that parsing result should shown as Invalid Date
  
 Verification failed getting parsing result as [ Invalid Date ] instead of [ Fri May 01 2009 00:00:00 GMT+0000 ] for Enter value is   Apr 31 2009
  </system-out>
  <testcase name="verifyDateParse" time="2.822" classname="test.propin.TestDateParsing">
    <failure type="java.lang.AssertionError" message=" 
 Verification failed getting parsing result as [ Tue Feb 17 2009 00:00:00 GMT+0000 ] instead of [ Invalid date ] for Enter value is 17 2 2009 expected [true] but found [false]">
      <![CDATA[java.lang.AssertionError:  
 Verification failed getting parsing result as [ Tue Feb 17 2009 00:00:00 GMT+0000 ] instead of [ Invalid date ] for Enter value is 17 2 2009 expected [true] but found [false]
at org.testng.Assert.fail(Assert.java:97)
at org.testng.Assert.failNotEquals(Assert.java:969)
at org.testng.Assert.assertTrue(Assert.java:43)
at test.propin.TestDateParsing.verifyDateParse(TestDateParsing.java:35)
at sun.reflect.GeneratedMethodAccessor3.invoke(Unknown Source)
at sun.reflect.DelegatingMethodAccessorImpl.invoke(DelegatingMethodAccessorImpl.java:43)
at java.lang.reflect.Method.invoke(Method.java:498)
at org.testng.internal.MethodInvocationHelper.invokeMethod(MethodInvocationHelper.java:134)
at org.testng.internal.TestInvoker.invokeMethod(TestInvoker.java:597)
at org.testng.internal.TestInvoker.invokeTestMethod(TestInvoker.java:173)
at org.testng.internal.MethodRunner.runInSequence(MethodRunner.java:46)
at org.testng.internal.TestInvoker$MethodInvocationAgent.invoke(TestInvoker.java:816)
at org.testng.internal.TestInvoker.invokeTestMethods(TestInvoker.java:146)
at org.testng.internal.TestMethodWorker.invokeTestMethods(TestMethodWorker.java:146)
at org.testng.internal.TestMethodWorker.run(TestMethodWorker.java:128)
at java.util.ArrayList.forEach(ArrayList.java:1257)
at org.testng.TestRunner.privateRun(TestRunner.java:766)
at org.testng.TestRunner.run(TestRunner.java:587)
at org.testng.SuiteRunner.runTest(SuiteRunner.java:384)
at org.testng.SuiteRunner.runSequentially(SuiteRunner.java:378)
at org.testng.SuiteRunner.privateRun(SuiteRunner.java:337)
at org.testng.SuiteRunner.run(SuiteRunner.java:286)
at org.testng.SuiteRunnerWorker.runSuite(SuiteRunnerWorker.java:53)
at org.testng.SuiteRunnerWorker.run(SuiteRunnerWorker.java:96)
at org.testng.TestNG.runSuitesSequentially(TestNG.java:1187)
at org.testng.TestNG.runSuitesLocally(TestNG.java:1109)
at org.testng.TestNG.runSuites(TestNG.java:1039)
at org.testng.TestNG.run(TestNG.java:1007)
at org.apache.maven.surefire.testng.TestNGExecutor.run(TestNGExecutor.java:283)
at org.apache.maven.surefire.testng.TestNGXmlTestSuite.execute(TestNGXmlTestSuite.java:75)
at org.apache.maven.surefire.testng.TestNGProvider.invoke(TestNGProvider.java:120)
at org.apache.maven.surefire.booter.ForkedBooter.invokeProviderInSameClassLoader(ForkedBooter.java:384)
at org.apache.maven.surefire.booter.ForkedBooter.runSuitesInProcess(ForkedBooter.java:345)
at org.apache.maven.surefire.booter.ForkedBooter.execute(ForkedBooter.java:126)
at org.apache.maven.surefire.booter.ForkedBooter.main(ForkedBooter.java:418)
]]>
    </failure>
  </testcase> <!-- verifyDateParse -->
  <system-out>
Enter data 17 2 2009
 Entered value as 17 2 2009
 Tap on Submit
 Submitted
 Verify that parsing result should shown as Tue Feb 17 2009 00:00:00 GMT+0000
  
 Verification failed getting parsing result as [ Tue Feb 17 2009 00:00:00 GMT+0000 ] instead of [ Invalid date ] for Enter value is 17 2 2009
  </system-out>
  <testcase name="verifyDateParse" time="3.012" classname="test.propin.TestDateParsing"/>
  <system-out>
Enter data 2009/ 2/ 17
 Entered value as 2009/ 2/ 17
 Tap on Submit
 Submitted
 Verify that parsing result should shown as Tue Feb 17 2009 00:00:00 GMT+0000
  </system-out>
  <testcase name="verifyDateParse" time="2.848" classname="test.propin.TestDateParsing"/>
  <system-out>
Enter data 2009/ 14/ 17
 Entered value as 2009/ 14/ 17
 Tap on Submit
 Submitted
 Verify that parsing result should shown as Invalid Date
  </system-out>
  <testcase name="verifyDateParse" time="2.895" classname="test.propin.TestDateParsing"/>
  <system-out>
Enter data 2012/ 2/ 29
 Entered value as 2012/ 2/ 29
 Tap on Submit
 Submitted
 Verify that parsing result should shown as Wed Feb 29 2012 00:00:00 GMT+0000
  </system-out>
  <testcase name="verifyDateParse" time="2.848" classname="test.propin.TestDateParsing">
    <failure type="java.lang.AssertionError" message=" 
 Verification failed getting parsing result as [ Tue Feb 17 2009 00:00:00 GMT+0000 ] instead of [ Invalid date ] for Enter value is -2009- -2 -17 expected [true] but found [false]">
      <![CDATA[java.lang.AssertionError:  
 Verification failed getting parsing result as [ Tue Feb 17 2009 00:00:00 GMT+0000 ] instead of [ Invalid date ] for Enter value is -2009- -2 -17 expected [true] but found [false]
at org.testng.Assert.fail(Assert.java:97)
at org.testng.Assert.failNotEquals(Assert.java:969)
at org.testng.Assert.assertTrue(Assert.java:43)
at test.propin.TestDateParsing.verifyDateParse(TestDateParsing.java:35)
at sun.reflect.NativeMethodAccessorImpl.invoke0(Native Method)
at sun.reflect.NativeMethodAccessorImpl.invoke(NativeMethodAccessorImpl.java:62)
at sun.reflect.DelegatingMethodAccessorImpl.invoke(DelegatingMethodAccessorImpl.java:43)
at java.lang.reflect.Method.invoke(Method.java:498)
at org.testng.internal.MethodInvocationHelper.invokeMethod(MethodInvocationHelper.java:134)
at org.testng.internal.TestInvoker.invokeMethod(TestInvoker.java:597)
at org.testng.internal.TestInvoker.invokeTestMethod(TestInvoker.java:173)
at org.testng.internal.MethodRunner.runInSequence(MethodRunner.java:46)
at org.testng.internal.TestInvoker$MethodInvocationAgent.invoke(TestInvoker.java:816)
at org.testng.internal.TestInvoker.invokeTestMethods(TestInvoker.java:146)
at org.testng.internal.TestMethodWorker.invokeTestMethods(TestMethodWorker.java:146)
at org.testng.internal.TestMethodWorker.run(TestMethodWorker.java:128)
at java.util.ArrayList.forEach(ArrayList.java:1257)
at org.testng.TestRunner.privateRun(TestRunner.java:766)
at org.testng.TestRunner.run(TestRunner.java:587)
at org.testng.SuiteRunner.runTest(SuiteRunner.java:384)
at org.testng.SuiteRunner.runSequentially(SuiteRunner.java:378)
at org.testng.SuiteRunner.privateRun(SuiteRunner.java:337)
at org.testng.SuiteRunner.run(SuiteRunner.java:286)
at org.testng.SuiteRunnerWorker.runSuite(SuiteRunnerWorker.java:53)
at org.testng.SuiteRunnerWorker.run(SuiteRunnerWorker.java:96)
at org.testng.TestNG.runSuitesSequentially(TestNG.java:1187)
at org.testng.TestNG.runSuitesLocally(TestNG.java:1109)
at org.testng.TestNG.runSuites(TestNG.java:1039)
at org.testng.TestNG.run(TestNG.java:1007)
at org.apache.maven.surefire.testng.TestNGExecutor.run(TestNGExecutor.java:283)
at org.apache.maven.surefire.testng.TestNGXmlTestSuite.execute(TestNGXmlTestSuite.java:75)
at org.apache.maven.surefire.testng.TestNGProvider.invoke(TestNGProvider.java:120)
at org.apache.maven.surefire.booter.ForkedBooter.invokeProviderInSameClassLoader(ForkedBooter.java:384)
at org.apache.maven.surefire.booter.ForkedBooter.runSuitesInProcess(ForkedBooter.java:345)
at org.apache.maven.surefire.booter.ForkedBooter.execute(ForkedBooter.java:126)
at org.apache.maven.surefire.booter.ForkedBooter.main(ForkedBooter.java:418)
]]>
    </failure>
  </testcase> <!-- verifyDateParse -->
  <system-out>
Enter data -2009- -2 -17
 Entered value as -2009- -2 -17
 Tap on Submit
 Submitted
 Verify that parsing result should shown as Tue Feb 17 2009 00:00:00 GMT+0000
  
 Verification failed getting parsing result as [ Tue Feb 17 2009 00:00:00 GMT+0000 ] instead of [ Invalid date ] for Enter value is -2009- -2 -17
  </system-out>
  <testcase name="verifyDateParse" time="2.909" classname="test.propin.TestDateParsing">
    <failure type="java.lang.AssertionError" message=" 
 Verification failed getting parsing result as [ Invalid Date ] instead of [ Fri May 01 2009 00:00:00 GMT+0000 ] for Enter value is 04/31/2009 expected [true] but found [false]">
      <![CDATA[java.lang.AssertionError:  
 Verification failed getting parsing result as [ Invalid Date ] instead of [ Fri May 01 2009 00:00:00 GMT+0000 ] for Enter value is 04/31/2009 expected [true] but found [false]
at org.testng.Assert.fail(Assert.java:97)
at org.testng.Assert.failNotEquals(Assert.java:969)
at org.testng.Assert.assertTrue(Assert.java:43)
at test.propin.TestDateParsing.verifyDateParse(TestDateParsing.java:35)
at sun.reflect.GeneratedMethodAccessor3.invoke(Unknown Source)
at sun.reflect.DelegatingMethodAccessorImpl.invoke(DelegatingMethodAccessorImpl.java:43)
at java.lang.reflect.Method.invoke(Method.java:498)
at org.testng.internal.MethodInvocationHelper.invokeMethod(MethodInvocationHelper.java:134)
at org.testng.internal.TestInvoker.invokeMethod(TestInvoker.java:597)
at org.testng.internal.TestInvoker.invokeTestMethod(TestInvoker.java:173)
at org.testng.internal.MethodRunner.runInSequence(MethodRunner.java:46)
at org.testng.internal.TestInvoker$MethodInvocationAgent.invoke(TestInvoker.java:816)
at org.testng.internal.TestInvoker.invokeTestMethods(TestInvoker.java:146)
at org.testng.internal.TestMethodWorker.invokeTestMethods(TestMethodWorker.java:146)
at org.testng.internal.TestMethodWorker.run(TestMethodWorker.java:128)
at java.util.ArrayList.forEach(ArrayList.java:1257)
at org.testng.TestRunner.privateRun(TestRunner.java:766)
at org.testng.TestRunner.run(TestRunner.java:587)
at org.testng.SuiteRunner.runTest(SuiteRunner.java:384)
at org.testng.SuiteRunner.runSequentially(SuiteRunner.java:378)
at org.testng.SuiteRunner.privateRun(SuiteRunner.java:337)
at org.testng.SuiteRunner.run(SuiteRunner.java:286)
at org.testng.SuiteRunnerWorker.runSuite(SuiteRunnerWorker.java:53)
at org.testng.SuiteRunnerWorker.run(SuiteRunnerWorker.java:96)
at org.testng.TestNG.runSuitesSequentially(TestNG.java:1187)
at org.testng.TestNG.runSuitesLocally(TestNG.java:1109)
at org.testng.TestNG.runSuites(TestNG.java:1039)
at org.testng.TestNG.run(TestNG.java:1007)
at org.apache.maven.surefire.testng.TestNGExecutor.run(TestNGExecutor.java:283)
at org.apache.maven.surefire.testng.TestNGXmlTestSuite.execute(TestNGXmlTestSuite.java:75)
at org.apache.maven.surefire.testng.TestNGProvider.invoke(TestNGProvider.java:120)
at org.apache.maven.surefire.booter.ForkedBooter.invokeProviderInSameClassLoader(ForkedBooter.java:384)
at org.apache.maven.surefire.booter.ForkedBooter.runSuitesInProcess(ForkedBooter.java:345)
at org.apache.maven.surefire.booter.ForkedBooter.execute(ForkedBooter.java:126)
at org.apache.maven.surefire.booter.ForkedBooter.main(ForkedBooter.java:418)
]]>
    </failure>
  </testcase> <!-- verifyDateParse -->
  <system-out>
Enter data 04/31/2009
 Entered value as 04/31/2009
 Tap on Submit
 Submitted
 Verify that parsing result should shown as Invalid Date
  
 Verification failed getting parsing result as [ Invalid Date ] instead of [ Fri May 01 2009 00:00:00 GMT+0000 ] for Enter value is 04/31/2009
  </system-out>
  <testcase name="verifyDateParse" time="2.819" classname="test.propin.TestDateParsing">
    <failure type="java.lang.AssertionError" message=" 
 Verification failed getting parsing result as [ Invalid Date ] instead of [ Fri May 01 2009 00:00:00 GMT+0000 ] for Enter value is 2009/04/31 expected [true] but found [false]">
      <![CDATA[java.lang.AssertionError:  
 Verification failed getting parsing result as [ Invalid Date ] instead of [ Fri May 01 2009 00:00:00 GMT+0000 ] for Enter value is 2009/04/31 expected [true] but found [false]
at org.testng.Assert.fail(Assert.java:97)
at org.testng.Assert.failNotEquals(Assert.java:969)
at org.testng.Assert.assertTrue(Assert.java:43)
at test.propin.TestDateParsing.verifyDateParse(TestDateParsing.java:35)
at sun.reflect.GeneratedMethodAccessor3.invoke(Unknown Source)
at sun.reflect.DelegatingMethodAccessorImpl.invoke(DelegatingMethodAccessorImpl.java:43)
at java.lang.reflect.Method.invoke(Method.java:498)
at org.testng.internal.MethodInvocationHelper.invokeMethod(MethodInvocationHelper.java:134)
at org.testng.internal.TestInvoker.invokeMethod(TestInvoker.java:597)
at org.testng.internal.TestInvoker.invokeTestMethod(TestInvoker.java:173)
at org.testng.internal.MethodRunner.runInSequence(MethodRunner.java:46)
at org.testng.internal.TestInvoker$MethodInvocationAgent.invoke(TestInvoker.java:816)
at org.testng.internal.TestInvoker.invokeTestMethods(TestInvoker.java:146)
at org.testng.internal.TestMethodWorker.invokeTestMethods(TestMethodWorker.java:146)
at org.testng.internal.TestMethodWorker.run(TestMethodWorker.java:128)
at java.util.ArrayList.forEach(ArrayList.java:1257)
at org.testng.TestRunner.privateRun(TestRunner.java:766)
at org.testng.TestRunner.run(TestRunner.java:587)
at org.testng.SuiteRunner.runTest(SuiteRunner.java:384)
at org.testng.SuiteRunner.runSequentially(SuiteRunner.java:378)
at org.testng.SuiteRunner.privateRun(SuiteRunner.java:337)
at org.testng.SuiteRunner.run(SuiteRunner.java:286)
at org.testng.SuiteRunnerWorker.runSuite(SuiteRunnerWorker.java:53)
at org.testng.SuiteRunnerWorker.run(SuiteRunnerWorker.java:96)
at org.testng.TestNG.runSuitesSequentially(TestNG.java:1187)
at org.testng.TestNG.runSuitesLocally(TestNG.java:1109)
at org.testng.TestNG.runSuites(TestNG.java:1039)
at org.testng.TestNG.run(TestNG.java:1007)
at org.apache.maven.surefire.testng.TestNGExecutor.run(TestNGExecutor.java:283)
at org.apache.maven.surefire.testng.TestNGXmlTestSuite.execute(TestNGXmlTestSuite.java:75)
at org.apache.maven.surefire.testng.TestNGProvider.invoke(TestNGProvider.java:120)
at org.apache.maven.surefire.booter.ForkedBooter.invokeProviderInSameClassLoader(ForkedBooter.java:384)
at org.apache.maven.surefire.booter.ForkedBooter.runSuitesInProcess(ForkedBooter.java:345)
at org.apache.maven.surefire.booter.ForkedBooter.execute(ForkedBooter.java:126)
at org.apache.maven.surefire.booter.ForkedBooter.main(ForkedBooter.java:418)
]]>
    </failure>
  </testcase> <!-- verifyDateParse -->
  <system-out>
Enter data 2009/04/31
 Entered value as 2009/04/31
 Tap on Submit
 Submitted
 Verify that parsing result should shown as Invalid Date
  
 Verification failed getting parsing result as [ Invalid Date ] instead of [ Fri May 01 2009 00:00:00 GMT+0000 ] for Enter value is 2009/04/31
  </system-out>
  <testcase name="verifyDateParse" time="2.886" classname="test.propin.TestDateParsing">
    <failure type="java.lang.AssertionError" message=" 
 Verification failed getting parsing result as [ Tue Feb 17 2009 00:00:00 GMT+0000 ] instead of [ Invalid date ] for Enter value is -2009-/ -2/ -17 expected [true] but found [false]">
      <![CDATA[java.lang.AssertionError:  
 Verification failed getting parsing result as [ Tue Feb 17 2009 00:00:00 GMT+0000 ] instead of [ Invalid date ] for Enter value is -2009-/ -2/ -17 expected [true] but found [false]
at org.testng.Assert.fail(Assert.java:97)
at org.testng.Assert.failNotEquals(Assert.java:969)
at org.testng.Assert.assertTrue(Assert.java:43)
at test.propin.TestDateParsing.verifyDateParse(TestDateParsing.java:35)
at sun.reflect.NativeMethodAccessorImpl.invoke0(Native Method)
at sun.reflect.NativeMethodAccessorImpl.invoke(NativeMethodAccessorImpl.java:62)
at sun.reflect.DelegatingMethodAccessorImpl.invoke(DelegatingMethodAccessorImpl.java:43)
at java.lang.reflect.Method.invoke(Method.java:498)
at org.testng.internal.MethodInvocationHelper.invokeMethod(MethodInvocationHelper.java:134)
at org.testng.internal.TestInvoker.invokeMethod(TestInvoker.java:597)
at org.testng.internal.TestInvoker.invokeTestMethod(TestInvoker.java:173)
at org.testng.internal.MethodRunner.runInSequence(MethodRunner.java:46)
at org.testng.internal.TestInvoker$MethodInvocationAgent.invoke(TestInvoker.java:816)
at org.testng.internal.TestInvoker.invokeTestMethods(TestInvoker.java:146)
at org.testng.internal.TestMethodWorker.invokeTestMethods(TestMethodWorker.java:146)
at org.testng.internal.TestMethodWorker.run(TestMethodWorker.java:128)
at java.util.ArrayList.forEach(ArrayList.java:1257)
at org.testng.TestRunner.privateRun(TestRunner.java:766)
at org.testng.TestRunner.run(TestRunner.java:587)
at org.testng.SuiteRunner.runTest(SuiteRunner.java:384)
at org.testng.SuiteRunner.runSequentially(SuiteRunner.java:378)
at org.testng.SuiteRunner.privateRun(SuiteRunner.java:337)
at org.testng.SuiteRunner.run(SuiteRunner.java:286)
at org.testng.SuiteRunnerWorker.runSuite(SuiteRunnerWorker.java:53)
at org.testng.SuiteRunnerWorker.run(SuiteRunnerWorker.java:96)
at org.testng.TestNG.runSuitesSequentially(TestNG.java:1187)
at org.testng.TestNG.runSuitesLocally(TestNG.java:1109)
at org.testng.TestNG.runSuites(TestNG.java:1039)
at org.testng.TestNG.run(TestNG.java:1007)
at org.apache.maven.surefire.testng.TestNGExecutor.run(TestNGExecutor.java:283)
at org.apache.maven.surefire.testng.TestNGXmlTestSuite.execute(TestNGXmlTestSuite.java:75)
at org.apache.maven.surefire.testng.TestNGProvider.invoke(TestNGProvider.java:120)
at org.apache.maven.surefire.booter.ForkedBooter.invokeProviderInSameClassLoader(ForkedBooter.java:384)
at org.apache.maven.surefire.booter.ForkedBooter.runSuitesInProcess(ForkedBooter.java:345)
at org.apache.maven.surefire.booter.ForkedBooter.execute(ForkedBooter.java:126)
at org.apache.maven.surefire.booter.ForkedBooter.main(ForkedBooter.java:418)
]]>
    </failure>
  </testcase> <!-- verifyDateParse -->
  <system-out>
Enter data -2009-/ -2/ -17
 Entered value as -2009-/ -2/ -17
 Tap on Submit
 Submitted
 Verify that parsing result should shown as Tue Feb 17 2009 00:00:00 GMT+0000
  
 Verification failed getting parsing result as [ Tue Feb 17 2009 00:00:00 GMT+0000 ] instead of [ Invalid date ] for Enter value is -2009-/ -2/ -17
  </system-out>
  <testcase name="verifyDateParse" time="2.771" classname="test.propin.TestDateParsing">
    <failure type="java.lang.AssertionError" message=" 
 Verification failed getting parsing result as [ Tue Feb 17 2009 00:00:00 GMT+0000 ] instead of [ Invalid date ] for Enter value is -2009 Feb -17 expected [true] but found [false]">
      <![CDATA[java.lang.AssertionError:  
 Verification failed getting parsing result as [ Tue Feb 17 2009 00:00:00 GMT+0000 ] instead of [ Invalid date ] for Enter value is -2009 Feb -17 expected [true] but found [false]
at org.testng.Assert.fail(Assert.java:97)
at org.testng.Assert.failNotEquals(Assert.java:969)
at org.testng.Assert.assertTrue(Assert.java:43)
at test.propin.TestDateParsing.verifyDateParse(TestDateParsing.java:35)
at sun.reflect.GeneratedMethodAccessor3.invoke(Unknown Source)
at sun.reflect.DelegatingMethodAccessorImpl.invoke(DelegatingMethodAccessorImpl.java:43)
at java.lang.reflect.Method.invoke(Method.java:498)
at org.testng.internal.MethodInvocationHelper.invokeMethod(MethodInvocationHelper.java:134)
at org.testng.internal.TestInvoker.invokeMethod(TestInvoker.java:597)
at org.testng.internal.TestInvoker.invokeTestMethod(TestInvoker.java:173)
at org.testng.internal.MethodRunner.runInSequence(MethodRunner.java:46)
at org.testng.internal.TestInvoker$MethodInvocationAgent.invoke(TestInvoker.java:816)
at org.testng.internal.TestInvoker.invokeTestMethods(TestInvoker.java:146)
at org.testng.internal.TestMethodWorker.invokeTestMethods(TestMethodWorker.java:146)
at org.testng.internal.TestMethodWorker.run(TestMethodWorker.java:128)
at java.util.ArrayList.forEach(ArrayList.java:1257)
at org.testng.TestRunner.privateRun(TestRunner.java:766)
at org.testng.TestRunner.run(TestRunner.java:587)
at org.testng.SuiteRunner.runTest(SuiteRunner.java:384)
at org.testng.SuiteRunner.runSequentially(SuiteRunner.java:378)
at org.testng.SuiteRunner.privateRun(SuiteRunner.java:337)
at org.testng.SuiteRunner.run(SuiteRunner.java:286)
at org.testng.SuiteRunnerWorker.runSuite(SuiteRunnerWorker.java:53)
at org.testng.SuiteRunnerWorker.run(SuiteRunnerWorker.java:96)
at org.testng.TestNG.runSuitesSequentially(TestNG.java:1187)
at org.testng.TestNG.runSuitesLocally(TestNG.java:1109)
at org.testng.TestNG.runSuites(TestNG.java:1039)
at org.testng.TestNG.run(TestNG.java:1007)
at org.apache.maven.surefire.testng.TestNGExecutor.run(TestNGExecutor.java:283)
at org.apache.maven.surefire.testng.TestNGXmlTestSuite.execute(TestNGXmlTestSuite.java:75)
at org.apache.maven.surefire.testng.TestNGProvider.invoke(TestNGProvider.java:120)
at org.apache.maven.surefire.booter.ForkedBooter.invokeProviderInSameClassLoader(ForkedBooter.java:384)
at org.apache.maven.surefire.booter.ForkedBooter.runSuitesInProcess(ForkedBooter.java:345)
at org.apache.maven.surefire.booter.ForkedBooter.execute(ForkedBooter.java:126)
at org.apache.maven.surefire.booter.ForkedBooter.main(ForkedBooter.java:418)
]]>
    </failure>
  </testcase> <!-- verifyDateParse -->
  <system-out>
Enter data -2009 Feb -17
 Entered value as -2009 Feb -17
 Tap on Submit
 Submitted
 Verify that parsing result should shown as Tue Feb 17 2009 00:00:00 GMT+0000
  
 Verification failed getting parsing result as [ Tue Feb 17 2009 00:00:00 GMT+0000 ] instead of [ Invalid date ] for Enter value is -2009 Feb -17
  </system-out>
  <testcase name="verifyDateParse" time="2.821" classname="test.propin.TestDateParsing"/>
  <system-out>
Enter data 2009/14/17
 Entered value as 2009/14/17
 Tap on Submit
 Submitted
 Verify that parsing result should shown as Invalid Date
  </system-out>
  <testcase name="verifyDateParse" time="3.580" classname="test.propin.TestDateParsing">
    <failure type="java.lang.AssertionError" message=" 
 Verification failed getting parsing result as [ Invalid Date ] instead of [ Fri May 01 2009 00:00:00 GMT+0000 ] for Enter value is      4/31/2009 expected [true] but found [false]">
      <![CDATA[java.lang.AssertionError:  
 Verification failed getting parsing result as [ Invalid Date ] instead of [ Fri May 01 2009 00:00:00 GMT+0000 ] for Enter value is      4/31/2009 expected [true] but found [false]
at org.testng.Assert.fail(Assert.java:97)
at org.testng.Assert.failNotEquals(Assert.java:969)
at org.testng.Assert.assertTrue(Assert.java:43)
at test.propin.TestDateParsing.verifyDateParse(TestDateParsing.java:35)
at sun.reflect.GeneratedMethodAccessor3.invoke(Unknown Source)
at sun.reflect.DelegatingMethodAccessorImpl.invoke(DelegatingMethodAccessorImpl.java:43)
at java.lang.reflect.Method.invoke(Method.java:498)
at org.testng.internal.MethodInvocationHelper.invokeMethod(MethodInvocationHelper.java:134)
at org.testng.internal.TestInvoker.invokeMethod(TestInvoker.java:597)
at org.testng.internal.TestInvoker.invokeTestMethod(TestInvoker.java:173)
at org.testng.internal.MethodRunner.runInSequence(MethodRunner.java:46)
at org.testng.internal.TestInvoker$MethodInvocationAgent.invoke(TestInvoker.java:816)
at org.testng.internal.TestInvoker.invokeTestMethods(TestInvoker.java:146)
at org.testng.internal.TestMethodWorker.invokeTestMethods(TestMethodWorker.java:146)
at org.testng.internal.TestMethodWorker.run(TestMethodWorker.java:128)
at java.util.ArrayList.forEach(ArrayList.java:1257)
at org.testng.TestRunner.privateRun(TestRunner.java:766)
at org.testng.TestRunner.run(TestRunner.java:587)
at org.testng.SuiteRunner.runTest(SuiteRunner.java:384)
at org.testng.SuiteRunner.runSequentially(SuiteRunner.java:378)
at org.testng.SuiteRunner.privateRun(SuiteRunner.java:337)
at org.testng.SuiteRunner.run(SuiteRunner.java:286)
at org.testng.SuiteRunnerWorker.runSuite(SuiteRunnerWorker.java:53)
at org.testng.SuiteRunnerWorker.run(SuiteRunnerWorker.java:96)
at org.testng.TestNG.runSuitesSequentially(TestNG.java:1187)
at org.testng.TestNG.runSuitesLocally(TestNG.java:1109)
at org.testng.TestNG.runSuites(TestNG.java:1039)
at org.testng.TestNG.run(TestNG.java:1007)
at org.apache.maven.surefire.testng.TestNGExecutor.run(TestNGExecutor.java:283)
at org.apache.maven.surefire.testng.TestNGXmlTestSuite.execute(TestNGXmlTestSuite.java:75)
at org.apache.maven.surefire.testng.TestNGProvider.invoke(TestNGProvider.java:120)
at org.apache.maven.surefire.booter.ForkedBooter.invokeProviderInSameClassLoader(ForkedBooter.java:384)
at org.apache.maven.surefire.booter.ForkedBooter.runSuitesInProcess(ForkedBooter.java:345)
at org.apache.maven.surefire.booter.ForkedBooter.execute(ForkedBooter.java:126)
at org.apache.maven.surefire.booter.ForkedBooter.main(ForkedBooter.java:418)
]]>
    </failure>
  </testcase> <!-- verifyDateParse -->
  <system-out>
Enter data      4/31/2009
 Entered value as      4/31/2009
 Tap on Submit
 Submitted
 Verify that parsing result should shown as Invalid Date
  
 Verification failed getting parsing result as [ Invalid Date ] instead of [ Fri May 01 2009 00:00:00 GMT+0000 ] for Enter value is      4/31/2009
  </system-out>
  <testcase name="verifyDateParse" time="3.401" classname="test.propin.TestDateParsing"/>
  <system-out>
Enter data 02 29 2012
 Entered value as 02 29 2012
 Tap on Submit
 Submitted
 Verify that parsing result should shown as Wed Feb 29 2012 00:00:00 GMT+0000
  </system-out>
  <testcase name="verifyDateParse" time="2.840" classname="test.propin.TestDateParsing">
    <failure type="java.lang.AssertionError" message=" 
 Verification failed getting parsing result as [ Invalid Date ] instead of [ Mon Mar 02 2009 00:00:00 GMT+0000 ] for Enter value is February ,30 ,2009 expected [true] but found [false]">
      <![CDATA[java.lang.AssertionError:  
 Verification failed getting parsing result as [ Invalid Date ] instead of [ Mon Mar 02 2009 00:00:00 GMT+0000 ] for Enter value is February ,30 ,2009 expected [true] but found [false]
at org.testng.Assert.fail(Assert.java:97)
at org.testng.Assert.failNotEquals(Assert.java:969)
at org.testng.Assert.assertTrue(Assert.java:43)
at test.propin.TestDateParsing.verifyDateParse(TestDateParsing.java:35)
at sun.reflect.GeneratedMethodAccessor3.invoke(Unknown Source)
at sun.reflect.DelegatingMethodAccessorImpl.invoke(DelegatingMethodAccessorImpl.java:43)
at java.lang.reflect.Method.invoke(Method.java:498)
at org.testng.internal.MethodInvocationHelper.invokeMethod(MethodInvocationHelper.java:134)
at org.testng.internal.TestInvoker.invokeMethod(TestInvoker.java:597)
at org.testng.internal.TestInvoker.invokeTestMethod(TestInvoker.java:173)
at org.testng.internal.MethodRunner.runInSequence(MethodRunner.java:46)
at org.testng.internal.TestInvoker$MethodInvocationAgent.invoke(TestInvoker.java:816)
at org.testng.internal.TestInvoker.invokeTestMethods(TestInvoker.java:146)
at org.testng.internal.TestMethodWorker.invokeTestMethods(TestMethodWorker.java:146)
at org.testng.internal.TestMethodWorker.run(TestMethodWorker.java:128)
at java.util.ArrayList.forEach(ArrayList.java:1257)
at org.testng.TestRunner.privateRun(TestRunner.java:766)
at org.testng.TestRunner.run(TestRunner.java:587)
at org.testng.SuiteRunner.runTest(SuiteRunner.java:384)
at org.testng.SuiteRunner.runSequentially(SuiteRunner.java:378)
at org.testng.SuiteRunner.privateRun(SuiteRunner.java:337)
at org.testng.SuiteRunner.run(SuiteRunner.java:286)
at org.testng.SuiteRunnerWorker.runSuite(SuiteRunnerWorker.java:53)
at org.testng.SuiteRunnerWorker.run(SuiteRunnerWorker.java:96)
at org.testng.TestNG.runSuitesSequentially(TestNG.java:1187)
at org.testng.TestNG.runSuitesLocally(TestNG.java:1109)
at org.testng.TestNG.runSuites(TestNG.java:1039)
at org.testng.TestNG.run(TestNG.java:1007)
at org.apache.maven.surefire.testng.TestNGExecutor.run(TestNGExecutor.java:283)
at org.apache.maven.surefire.testng.TestNGXmlTestSuite.execute(TestNGXmlTestSuite.java:75)
at org.apache.maven.surefire.testng.TestNGProvider.invoke(TestNGProvider.java:120)
at org.apache.maven.surefire.booter.ForkedBooter.invokeProviderInSameClassLoader(ForkedBooter.java:384)
at org.apache.maven.surefire.booter.ForkedBooter.runSuitesInProcess(ForkedBooter.java:345)
at org.apache.maven.surefire.booter.ForkedBooter.execute(ForkedBooter.java:126)
at org.apache.maven.surefire.booter.ForkedBooter.main(ForkedBooter.java:418)
]]>
    </failure>
  </testcase> <!-- verifyDateParse -->
  <system-out>
Enter data February ,30 ,2009
 Entered value as February ,30 ,2009
 Tap on Submit
 Submitted
 Verify that parsing result should shown as Invalid Date
  
 Verification failed getting parsing result as [ Invalid Date ] instead of [ Mon Mar 02 2009 00:00:00 GMT+0000 ] for Enter value is February ,30 ,2009
  </system-out>
  <testcase name="verifyDateParse" time="2.920" classname="test.propin.TestDateParsing"/>
  <system-out>
Enter data 13/13/2019
 Entered value as 13/13/2019
 Tap on Submit
 Submitted
 Verify that parsing result should shown as Invalid Date
  </system-out>
  <testcase name="verifyDateParse" time="2.924" classname="test.propin.TestDateParsing">
    <failure type="java.lang.AssertionError" message=" 
 Verification failed getting parsing result as [ Invalid Date ] instead of [ Fri May 01 2009 00:00:00 GMT+0000 ] for Enter value is 2009/4/31 expected [true] but found [false]">
      <![CDATA[java.lang.AssertionError:  
 Verification failed getting parsing result as [ Invalid Date ] instead of [ Fri May 01 2009 00:00:00 GMT+0000 ] for Enter value is 2009/4/31 expected [true] but found [false]
at org.testng.Assert.fail(Assert.java:97)
at org.testng.Assert.failNotEquals(Assert.java:969)
at org.testng.Assert.assertTrue(Assert.java:43)
at test.propin.TestDateParsing.verifyDateParse(TestDateParsing.java:35)
at sun.reflect.GeneratedMethodAccessor3.invoke(Unknown Source)
at sun.reflect.DelegatingMethodAccessorImpl.invoke(DelegatingMethodAccessorImpl.java:43)
at java.lang.reflect.Method.invoke(Method.java:498)
at org.testng.internal.MethodInvocationHelper.invokeMethod(MethodInvocationHelper.java:134)
at org.testng.internal.TestInvoker.invokeMethod(TestInvoker.java:597)
at org.testng.internal.TestInvoker.invokeTestMethod(TestInvoker.java:173)
at org.testng.internal.MethodRunner.runInSequence(MethodRunner.java:46)
at org.testng.internal.TestInvoker$MethodInvocationAgent.invoke(TestInvoker.java:816)
at org.testng.internal.TestInvoker.invokeTestMethods(TestInvoker.java:146)
at org.testng.internal.TestMethodWorker.invokeTestMethods(TestMethodWorker.java:146)
at org.testng.internal.TestMethodWorker.run(TestMethodWorker.java:128)
at java.util.ArrayList.forEach(ArrayList.java:1257)
at org.testng.TestRunner.privateRun(TestRunner.java:766)
at org.testng.TestRunner.run(TestRunner.java:587)
at org.testng.SuiteRunner.runTest(SuiteRunner.java:384)
at org.testng.SuiteRunner.runSequentially(SuiteRunner.java:378)
at org.testng.SuiteRunner.privateRun(SuiteRunner.java:337)
at org.testng.SuiteRunner.run(SuiteRunner.java:286)
at org.testng.SuiteRunnerWorker.runSuite(SuiteRunnerWorker.java:53)
at org.testng.SuiteRunnerWorker.run(SuiteRunnerWorker.java:96)
at org.testng.TestNG.runSuitesSequentially(TestNG.java:1187)
at org.testng.TestNG.runSuitesLocally(TestNG.java:1109)
at org.testng.TestNG.runSuites(TestNG.java:1039)
at org.testng.TestNG.run(TestNG.java:1007)
at org.apache.maven.surefire.testng.TestNGExecutor.run(TestNGExecutor.java:283)
at org.apache.maven.surefire.testng.TestNGXmlTestSuite.execute(TestNGXmlTestSuite.java:75)
at org.apache.maven.surefire.testng.TestNGProvider.invoke(TestNGProvider.java:120)
at org.apache.maven.surefire.booter.ForkedBooter.invokeProviderInSameClassLoader(ForkedBooter.java:384)
at org.apache.maven.surefire.booter.ForkedBooter.runSuitesInProcess(ForkedBooter.java:345)
at org.apache.maven.surefire.booter.ForkedBooter.execute(ForkedBooter.java:126)
at org.apache.maven.surefire.booter.ForkedBooter.main(ForkedBooter.java:418)
]]>
    </failure>
  </testcase> <!-- verifyDateParse -->
  <system-out>
Enter data 2009/4/31
 Entered value as 2009/4/31
 Tap on Submit
 Submitted
 Verify that parsing result should shown as Invalid Date
  
 Verification failed getting parsing result as [ Invalid Date ] instead of [ Fri May 01 2009 00:00:00 GMT+0000 ] for Enter value is 2009/4/31
  </system-out>
  <testcase name="verifyDateParse" time="3.225" classname="test.propin.TestDateParsing"/>
  <system-out>
Enter data  $$/ 2/2019
 Entered value as  $$/ 2/2019
 Tap on Submit
 Submitted
 Verify that parsing result should shown as Invalid Date
  </system-out>
  <testcase name="verifyDateParse" time="2.866" classname="test.propin.TestDateParsing"/>
  <system-out>
Enter data 13/1/2019
 Entered value as 13/1/2019
 Tap on Submit
 Submitted
 Verify that parsing result should shown as Invalid Date
  </system-out>
  <testcase name="verifyDateParse" time="2.828" classname="test.propin.TestDateParsing">
    <failure type="java.lang.AssertionError" message=" 
 Verification failed getting parsing result as [ Invalid Date ] instead of [ Fri May 01 2009 00:00:00 GMT+0000 ] for Enter value is      04/31/2009 expected [true] but found [false]">
      <![CDATA[java.lang.AssertionError:  
 Verification failed getting parsing result as [ Invalid Date ] instead of [ Fri May 01 2009 00:00:00 GMT+0000 ] for Enter value is      04/31/2009 expected [true] but found [false]
at org.testng.Assert.fail(Assert.java:97)
at org.testng.Assert.failNotEquals(Assert.java:969)
at org.testng.Assert.assertTrue(Assert.java:43)
at test.propin.TestDateParsing.verifyDateParse(TestDateParsing.java:35)
at sun.reflect.GeneratedMethodAccessor3.invoke(Unknown Source)
at sun.reflect.DelegatingMethodAccessorImpl.invoke(DelegatingMethodAccessorImpl.java:43)
at java.lang.reflect.Method.invoke(Method.java:498)
at org.testng.internal.MethodInvocationHelper.invokeMethod(MethodInvocationHelper.java:134)
at org.testng.internal.TestInvoker.invokeMethod(TestInvoker.java:597)
at org.testng.internal.TestInvoker.invokeTestMethod(TestInvoker.java:173)
at org.testng.internal.MethodRunner.runInSequence(MethodRunner.java:46)
at org.testng.internal.TestInvoker$MethodInvocationAgent.invoke(TestInvoker.java:816)
at org.testng.internal.TestInvoker.invokeTestMethods(TestInvoker.java:146)
at org.testng.internal.TestMethodWorker.invokeTestMethods(TestMethodWorker.java:146)
at org.testng.internal.TestMethodWorker.run(TestMethodWorker.java:128)
at java.util.ArrayList.forEach(ArrayList.java:1257)
at org.testng.TestRunner.privateRun(TestRunner.java:766)
at org.testng.TestRunner.run(TestRunner.java:587)
at org.testng.SuiteRunner.runTest(SuiteRunner.java:384)
at org.testng.SuiteRunner.runSequentially(SuiteRunner.java:378)
at org.testng.SuiteRunner.privateRun(SuiteRunner.java:337)
at org.testng.SuiteRunner.run(SuiteRunner.java:286)
at org.testng.SuiteRunnerWorker.runSuite(SuiteRunnerWorker.java:53)
at org.testng.SuiteRunnerWorker.run(SuiteRunnerWorker.java:96)
at org.testng.TestNG.runSuitesSequentially(TestNG.java:1187)
at org.testng.TestNG.runSuitesLocally(TestNG.java:1109)
at org.testng.TestNG.runSuites(TestNG.java:1039)
at org.testng.TestNG.run(TestNG.java:1007)
at org.apache.maven.surefire.testng.TestNGExecutor.run(TestNGExecutor.java:283)
at org.apache.maven.surefire.testng.TestNGXmlTestSuite.execute(TestNGXmlTestSuite.java:75)
at org.apache.maven.surefire.testng.TestNGProvider.invoke(TestNGProvider.java:120)
at org.apache.maven.surefire.booter.ForkedBooter.invokeProviderInSameClassLoader(ForkedBooter.java:384)
at org.apache.maven.surefire.booter.ForkedBooter.runSuitesInProcess(ForkedBooter.java:345)
at org.apache.maven.surefire.booter.ForkedBooter.execute(ForkedBooter.java:126)
at org.apache.maven.surefire.booter.ForkedBooter.main(ForkedBooter.java:418)
]]>
    </failure>
  </testcase> <!-- verifyDateParse -->
  <system-out>
Enter data      04/31/2009
 Entered value as      04/31/2009
 Tap on Submit
 Submitted
 Verify that parsing result should shown as Invalid Date
  
 Verification failed getting parsing result as [ Invalid Date ] instead of [ Fri May 01 2009 00:00:00 GMT+0000 ] for Enter value is      04/31/2009
  </system-out>
  <testcase name="verifyDateParse" time="2.836" classname="test.propin.TestDateParsing">
    <failure type="java.lang.AssertionError" message=" 
 Verification failed getting parsing result as [ Wed Feb 29 2012 00:00:00 GMT+0000 ] instead of [ Invalid date ] for Enter value is 29/02/2012 expected [true] but found [false]">
      <![CDATA[java.lang.AssertionError:  
 Verification failed getting parsing result as [ Wed Feb 29 2012 00:00:00 GMT+0000 ] instead of [ Invalid date ] for Enter value is 29/02/2012 expected [true] but found [false]
at org.testng.Assert.fail(Assert.java:97)
at org.testng.Assert.failNotEquals(Assert.java:969)
at org.testng.Assert.assertTrue(Assert.java:43)
at test.propin.TestDateParsing.verifyDateParse(TestDateParsing.java:35)
at sun.reflect.GeneratedMethodAccessor3.invoke(Unknown Source)
at sun.reflect.DelegatingMethodAccessorImpl.invoke(DelegatingMethodAccessorImpl.java:43)
at java.lang.reflect.Method.invoke(Method.java:498)
at org.testng.internal.MethodInvocationHelper.invokeMethod(MethodInvocationHelper.java:134)
at org.testng.internal.TestInvoker.invokeMethod(TestInvoker.java:597)
at org.testng.internal.TestInvoker.invokeTestMethod(TestInvoker.java:173)
at org.testng.internal.MethodRunner.runInSequence(MethodRunner.java:46)
at org.testng.internal.TestInvoker$MethodInvocationAgent.invoke(TestInvoker.java:816)
at org.testng.internal.TestInvoker.invokeTestMethods(TestInvoker.java:146)
at org.testng.internal.TestMethodWorker.invokeTestMethods(TestMethodWorker.java:146)
at org.testng.internal.TestMethodWorker.run(TestMethodWorker.java:128)
at java.util.ArrayList.forEach(ArrayList.java:1257)
at org.testng.TestRunner.privateRun(TestRunner.java:766)
at org.testng.TestRunner.run(TestRunner.java:587)
at org.testng.SuiteRunner.runTest(SuiteRunner.java:384)
at org.testng.SuiteRunner.runSequentially(SuiteRunner.java:378)
at org.testng.SuiteRunner.privateRun(SuiteRunner.java:337)
at org.testng.SuiteRunner.run(SuiteRunner.java:286)
at org.testng.SuiteRunnerWorker.runSuite(SuiteRunnerWorker.java:53)
at org.testng.SuiteRunnerWorker.run(SuiteRunnerWorker.java:96)
at org.testng.TestNG.runSuitesSequentially(TestNG.java:1187)
at org.testng.TestNG.runSuitesLocally(TestNG.java:1109)
at org.testng.TestNG.runSuites(TestNG.java:1039)
at org.testng.TestNG.run(TestNG.java:1007)
at org.apache.maven.surefire.testng.TestNGExecutor.run(TestNGExecutor.java:283)
at org.apache.maven.surefire.testng.TestNGXmlTestSuite.execute(TestNGXmlTestSuite.java:75)
at org.apache.maven.surefire.testng.TestNGProvider.invoke(TestNGProvider.java:120)
at org.apache.maven.surefire.booter.ForkedBooter.invokeProviderInSameClassLoader(ForkedBooter.java:384)
at org.apache.maven.surefire.booter.ForkedBooter.runSuitesInProcess(ForkedBooter.java:345)
at org.apache.maven.surefire.booter.ForkedBooter.execute(ForkedBooter.java:126)
at org.apache.maven.surefire.booter.ForkedBooter.main(ForkedBooter.java:418)
]]>
    </failure>
  </testcase> <!-- verifyDateParse -->
  <system-out>
Enter data 29/02/2012
 Entered value as 29/02/2012
 Tap on Submit
 Submitted
 Verify that parsing result should shown as Wed Feb 29 2012 00:00:00 GMT+0000
  
 Verification failed getting parsing result as [ Wed Feb 29 2012 00:00:00 GMT+0000 ] instead of [ Invalid date ] for Enter value is 29/02/2012
  </system-out>
  <testcase name="verifyDateParse" time="2.837" classname="test.propin.TestDateParsing">
    <failure type="java.lang.AssertionError" message=" 
 Verification failed getting parsing result as [ Invalid Date ] instead of [ Fri Feb 01 2019 00:00:00 GMT+0000 ] for Enter value is 2019/ 2/ $$ expected [true] but found [false]">
      <![CDATA[java.lang.AssertionError:  
 Verification failed getting parsing result as [ Invalid Date ] instead of [ Fri Feb 01 2019 00:00:00 GMT+0000 ] for Enter value is 2019/ 2/ $$ expected [true] but found [false]
at org.testng.Assert.fail(Assert.java:97)
at org.testng.Assert.failNotEquals(Assert.java:969)
at org.testng.Assert.assertTrue(Assert.java:43)
at test.propin.TestDateParsing.verifyDateParse(TestDateParsing.java:35)
at sun.reflect.GeneratedMethodAccessor3.invoke(Unknown Source)
at sun.reflect.DelegatingMethodAccessorImpl.invoke(DelegatingMethodAccessorImpl.java:43)
at java.lang.reflect.Method.invoke(Method.java:498)
at org.testng.internal.MethodInvocationHelper.invokeMethod(MethodInvocationHelper.java:134)
at org.testng.internal.TestInvoker.invokeMethod(TestInvoker.java:597)
at org.testng.internal.TestInvoker.invokeTestMethod(TestInvoker.java:173)
at org.testng.internal.MethodRunner.runInSequence(MethodRunner.java:46)
at org.testng.internal.TestInvoker$MethodInvocationAgent.invoke(TestInvoker.java:816)
at org.testng.internal.TestInvoker.invokeTestMethods(TestInvoker.java:146)
at org.testng.internal.TestMethodWorker.invokeTestMethods(TestMethodWorker.java:146)
at org.testng.internal.TestMethodWorker.run(TestMethodWorker.java:128)
at java.util.ArrayList.forEach(ArrayList.java:1257)
at org.testng.TestRunner.privateRun(TestRunner.java:766)
at org.testng.TestRunner.run(TestRunner.java:587)
at org.testng.SuiteRunner.runTest(SuiteRunner.java:384)
at org.testng.SuiteRunner.runSequentially(SuiteRunner.java:378)
at org.testng.SuiteRunner.privateRun(SuiteRunner.java:337)
at org.testng.SuiteRunner.run(SuiteRunner.java:286)
at org.testng.SuiteRunnerWorker.runSuite(SuiteRunnerWorker.java:53)
at org.testng.SuiteRunnerWorker.run(SuiteRunnerWorker.java:96)
at org.testng.TestNG.runSuitesSequentially(TestNG.java:1187)
at org.testng.TestNG.runSuitesLocally(TestNG.java:1109)
at org.testng.TestNG.runSuites(TestNG.java:1039)
at org.testng.TestNG.run(TestNG.java:1007)
at org.apache.maven.surefire.testng.TestNGExecutor.run(TestNGExecutor.java:283)
at org.apache.maven.surefire.testng.TestNGXmlTestSuite.execute(TestNGXmlTestSuite.java:75)
at org.apache.maven.surefire.testng.TestNGProvider.invoke(TestNGProvider.java:120)
at org.apache.maven.surefire.booter.ForkedBooter.invokeProviderInSameClassLoader(ForkedBooter.java:384)
at org.apache.maven.surefire.booter.ForkedBooter.runSuitesInProcess(ForkedBooter.java:345)
at org.apache.maven.surefire.booter.ForkedBooter.execute(ForkedBooter.java:126)
at org.apache.maven.surefire.booter.ForkedBooter.main(ForkedBooter.java:418)
]]>
    </failure>
  </testcase> <!-- verifyDateParse -->
  <system-out>
Enter data 2019/ 2/ $$
 Entered value as 2019/ 2/ $$
 Tap on Submit
 Submitted
 Verify that parsing result should shown as Invalid Date
  
 Verification failed getting parsing result as [ Invalid Date ] instead of [ Fri Feb 01 2019 00:00:00 GMT+0000 ] for Enter value is 2019/ 2/ $$
  </system-out>
  <testcase name="verifyDateParse" time="2.826" classname="test.propin.TestDateParsing">
    <failure type="java.lang.AssertionError" message=" 
 Verification failed getting parsing result as [ Invalid Date ] instead of [ Mon Mar 01 2010 00:00:00 GMT+0000 ] for Enter value is 02/29/2010 expected [true] but found [false]">
      <![CDATA[java.lang.AssertionError:  
 Verification failed getting parsing result as [ Invalid Date ] instead of [ Mon Mar 01 2010 00:00:00 GMT+0000 ] for Enter value is 02/29/2010 expected [true] but found [false]
at org.testng.Assert.fail(Assert.java:97)
at org.testng.Assert.failNotEquals(Assert.java:969)
at org.testng.Assert.assertTrue(Assert.java:43)
at test.propin.TestDateParsing.verifyDateParse(TestDateParsing.java:35)
at sun.reflect.GeneratedMethodAccessor3.invoke(Unknown Source)
at sun.reflect.DelegatingMethodAccessorImpl.invoke(DelegatingMethodAccessorImpl.java:43)
at java.lang.reflect.Method.invoke(Method.java:498)
at org.testng.internal.MethodInvocationHelper.invokeMethod(MethodInvocationHelper.java:134)
at org.testng.internal.TestInvoker.invokeMethod(TestInvoker.java:597)
at org.testng.internal.TestInvoker.invokeTestMethod(TestInvoker.java:173)
at org.testng.internal.MethodRunner.runInSequence(MethodRunner.java:46)
at org.testng.internal.TestInvoker$MethodInvocationAgent.invoke(TestInvoker.java:816)
at org.testng.internal.TestInvoker.invokeTestMethods(TestInvoker.java:146)
at org.testng.internal.TestMethodWorker.invokeTestMethods(TestMethodWorker.java:146)
at org.testng.internal.TestMethodWorker.run(TestMethodWorker.java:128)
at java.util.ArrayList.forEach(ArrayList.java:1257)
at org.testng.TestRunner.privateRun(TestRunner.java:766)
at org.testng.TestRunner.run(TestRunner.java:587)
at org.testng.SuiteRunner.runTest(SuiteRunner.java:384)
at org.testng.SuiteRunner.runSequentially(SuiteRunner.java:378)
at org.testng.SuiteRunner.privateRun(SuiteRunner.java:337)
at org.testng.SuiteRunner.run(SuiteRunner.java:286)
at org.testng.SuiteRunnerWorker.runSuite(SuiteRunnerWorker.java:53)
at org.testng.SuiteRunnerWorker.run(SuiteRunnerWorker.java:96)
at org.testng.TestNG.runSuitesSequentially(TestNG.java:1187)
at org.testng.TestNG.runSuitesLocally(TestNG.java:1109)
at org.testng.TestNG.runSuites(TestNG.java:1039)
at org.testng.TestNG.run(TestNG.java:1007)
at org.apache.maven.surefire.testng.TestNGExecutor.run(TestNGExecutor.java:283)
at org.apache.maven.surefire.testng.TestNGXmlTestSuite.execute(TestNGXmlTestSuite.java:75)
at org.apache.maven.surefire.testng.TestNGProvider.invoke(TestNGProvider.java:120)
at org.apache.maven.surefire.booter.ForkedBooter.invokeProviderInSameClassLoader(ForkedBooter.java:384)
at org.apache.maven.surefire.booter.ForkedBooter.runSuitesInProcess(ForkedBooter.java:345)
at org.apache.maven.surefire.booter.ForkedBooter.execute(ForkedBooter.java:126)
at org.apache.maven.surefire.booter.ForkedBooter.main(ForkedBooter.java:418)
]]>
    </failure>
  </testcase> <!-- verifyDateParse -->
  <system-out>
Enter data 02/29/2010
 Entered value as 02/29/2010
 Tap on Submit
 Submitted
 Verify that parsing result should shown as Invalid Date
  
 Verification failed getting parsing result as [ Invalid Date ] instead of [ Mon Mar 01 2010 00:00:00 GMT+0000 ] for Enter value is 02/29/2010
  </system-out>
  <testcase name="verifyDateParse" time="2.821" classname="test.propin.TestDateParsing">
    <failure type="java.lang.AssertionError" message=" 
 Verification failed getting parsing result as [ Invalid Date ] instead of [ Fri May 01 2009 00:00:00 GMT+0000 ] for Enter value is   Apr 31, 2009 expected [true] but found [false]">
      <![CDATA[java.lang.AssertionError:  
 Verification failed getting parsing result as [ Invalid Date ] instead of [ Fri May 01 2009 00:00:00 GMT+0000 ] for Enter value is   Apr 31, 2009 expected [true] but found [false]
at org.testng.Assert.fail(Assert.java:97)
at org.testng.Assert.failNotEquals(Assert.java:969)
at org.testng.Assert.assertTrue(Assert.java:43)
at test.propin.TestDateParsing.verifyDateParse(TestDateParsing.java:35)
at sun.reflect.GeneratedMethodAccessor3.invoke(Unknown Source)
at sun.reflect.DelegatingMethodAccessorImpl.invoke(DelegatingMethodAccessorImpl.java:43)
at java.lang.reflect.Method.invoke(Method.java:498)
at org.testng.internal.MethodInvocationHelper.invokeMethod(MethodInvocationHelper.java:134)
at org.testng.internal.TestInvoker.invokeMethod(TestInvoker.java:597)
at org.testng.internal.TestInvoker.invokeTestMethod(TestInvoker.java:173)
at org.testng.internal.MethodRunner.runInSequence(MethodRunner.java:46)
at org.testng.internal.TestInvoker$MethodInvocationAgent.invoke(TestInvoker.java:816)
at org.testng.internal.TestInvoker.invokeTestMethods(TestInvoker.java:146)
at org.testng.internal.TestMethodWorker.invokeTestMethods(TestMethodWorker.java:146)
at org.testng.internal.TestMethodWorker.run(TestMethodWorker.java:128)
at java.util.ArrayList.forEach(ArrayList.java:1257)
at org.testng.TestRunner.privateRun(TestRunner.java:766)
at org.testng.TestRunner.run(TestRunner.java:587)
at org.testng.SuiteRunner.runTest(SuiteRunner.java:384)
at org.testng.SuiteRunner.runSequentially(SuiteRunner.java:378)
at org.testng.SuiteRunner.privateRun(SuiteRunner.java:337)
at org.testng.SuiteRunner.run(SuiteRunner.java:286)
at org.testng.SuiteRunnerWorker.runSuite(SuiteRunnerWorker.java:53)
at org.testng.SuiteRunnerWorker.run(SuiteRunnerWorker.java:96)
at org.testng.TestNG.runSuitesSequentially(TestNG.java:1187)
at org.testng.TestNG.runSuitesLocally(TestNG.java:1109)
at org.testng.TestNG.runSuites(TestNG.java:1039)
at org.testng.TestNG.run(TestNG.java:1007)
at org.apache.maven.surefire.testng.TestNGExecutor.run(TestNGExecutor.java:283)
at org.apache.maven.surefire.testng.TestNGXmlTestSuite.execute(TestNGXmlTestSuite.java:75)
at org.apache.maven.surefire.testng.TestNGProvider.invoke(TestNGProvider.java:120)
at org.apache.maven.surefire.booter.ForkedBooter.invokeProviderInSameClassLoader(ForkedBooter.java:384)
at org.apache.maven.surefire.booter.ForkedBooter.runSuitesInProcess(ForkedBooter.java:345)
at org.apache.maven.surefire.booter.ForkedBooter.execute(ForkedBooter.java:126)
at org.apache.maven.surefire.booter.ForkedBooter.main(ForkedBooter.java:418)
]]>
    </failure>
  </testcase> <!-- verifyDateParse -->
  <system-out>
Enter data   Apr 31, 2009
 Entered value as   Apr 31, 2009
 Tap on Submit
 Submitted
 Verify that parsing result should shown as Invalid Date
  
 Verification failed getting parsing result as [ Invalid Date ] instead of [ Fri May 01 2009 00:00:00 GMT+0000 ] for Enter value is   Apr 31, 2009
  </system-out>
  <testcase name="verifyDateParse" time="3.034" classname="test.propin.TestDateParsing"/>
  <system-out>
Enter data 31/04/2009
 Entered value as 31/04/2009
 Tap on Submit
 Submitted
 Verify that parsing result should shown as Invalid Date
  </system-out>
  <testcase name="verifyDateParse" time="2.812" classname="test.propin.TestDateParsing"/>
  <system-out>
Enter data 13/13/2019
 Entered value as 13/13/2019
 Tap on Submit
 Submitted
 Verify that parsing result should shown as Invalid Date
  </system-out>
  <testcase name="verifyDateParse" time="2.815" classname="test.propin.TestDateParsing">
    <failure type="java.lang.AssertionError" message=" 
 Verification failed getting parsing result as [ Invalid Date ] instead of [ Fri May 01 2009 00:00:00 GMT+0000 ] for Enter value is   31 Apr, 2009 expected [true] but found [false]">
      <![CDATA[java.lang.AssertionError:  
 Verification failed getting parsing result as [ Invalid Date ] instead of [ Fri May 01 2009 00:00:00 GMT+0000 ] for Enter value is   31 Apr, 2009 expected [true] but found [false]
at org.testng.Assert.fail(Assert.java:97)
at org.testng.Assert.failNotEquals(Assert.java:969)
at org.testng.Assert.assertTrue(Assert.java:43)
at test.propin.TestDateParsing.verifyDateParse(TestDateParsing.java:35)
at sun.reflect.GeneratedMethodAccessor3.invoke(Unknown Source)
at sun.reflect.DelegatingMethodAccessorImpl.invoke(DelegatingMethodAccessorImpl.java:43)
at java.lang.reflect.Method.invoke(Method.java:498)
at org.testng.internal.MethodInvocationHelper.invokeMethod(MethodInvocationHelper.java:134)
at org.testng.internal.TestInvoker.invokeMethod(TestInvoker.java:597)
at org.testng.internal.TestInvoker.invokeTestMethod(TestInvoker.java:173)
at org.testng.internal.MethodRunner.runInSequence(MethodRunner.java:46)
at org.testng.internal.TestInvoker$MethodInvocationAgent.invoke(TestInvoker.java:816)
at org.testng.internal.TestInvoker.invokeTestMethods(TestInvoker.java:146)
at org.testng.internal.TestMethodWorker.invokeTestMethods(TestMethodWorker.java:146)
at org.testng.internal.TestMethodWorker.run(TestMethodWorker.java:128)
at java.util.ArrayList.forEach(ArrayList.java:1257)
at org.testng.TestRunner.privateRun(TestRunner.java:766)
at org.testng.TestRunner.run(TestRunner.java:587)
at org.testng.SuiteRunner.runTest(SuiteRunner.java:384)
at org.testng.SuiteRunner.runSequentially(SuiteRunner.java:378)
at org.testng.SuiteRunner.privateRun(SuiteRunner.java:337)
at org.testng.SuiteRunner.run(SuiteRunner.java:286)
at org.testng.SuiteRunnerWorker.runSuite(SuiteRunnerWorker.java:53)
at org.testng.SuiteRunnerWorker.run(SuiteRunnerWorker.java:96)
at org.testng.TestNG.runSuitesSequentially(TestNG.java:1187)
at org.testng.TestNG.runSuitesLocally(TestNG.java:1109)
at org.testng.TestNG.runSuites(TestNG.java:1039)
at org.testng.TestNG.run(TestNG.java:1007)
at org.apache.maven.surefire.testng.TestNGExecutor.run(TestNGExecutor.java:283)
at org.apache.maven.surefire.testng.TestNGXmlTestSuite.execute(TestNGXmlTestSuite.java:75)
at org.apache.maven.surefire.testng.TestNGProvider.invoke(TestNGProvider.java:120)
at org.apache.maven.surefire.booter.ForkedBooter.invokeProviderInSameClassLoader(ForkedBooter.java:384)
at org.apache.maven.surefire.booter.ForkedBooter.runSuitesInProcess(ForkedBooter.java:345)
at org.apache.maven.surefire.booter.ForkedBooter.execute(ForkedBooter.java:126)
at org.apache.maven.surefire.booter.ForkedBooter.main(ForkedBooter.java:418)
]]>
    </failure>
  </testcase> <!-- verifyDateParse -->
  <system-out>
Enter data   31 Apr, 2009
 Entered value as   31 Apr, 2009
 Tap on Submit
 Submitted
 Verify that parsing result should shown as Invalid Date
  
 Verification failed getting parsing result as [ Invalid Date ] instead of [ Fri May 01 2009 00:00:00 GMT+0000 ] for Enter value is   31 Apr, 2009
  </system-out>
  <testcase name="verifyDateParse" time="2.837" classname="test.propin.TestDateParsing"/>
  <system-out>
Enter data 29 2 2010
 Entered value as 29 2 2010
 Tap on Submit
 Submitted
 Verify that parsing result should shown as Invalid Date
  </system-out>
  <testcase name="verifyDateParse" time="2.883" classname="test.propin.TestDateParsing"/>
  <system-out>
Enter data  2/29/2012
 Entered value as  2/29/2012
 Tap on Submit
 Submitted
 Verify that parsing result should shown as Wed Feb 29 2012 00:00:00 GMT+0000
  </system-out>
  <testcase name="verifyDateParse" time="2.923" classname="test.propin.TestDateParsing">
    <failure type="java.lang.AssertionError" message=" 
 Verification failed getting parsing result as [ Invalid Date ] instead of [ Fri Feb 01 2019 00:00:00 GMT+0000 ] for Enter value is February , $$ , 2019 expected [true] but found [false]">
      <![CDATA[java.lang.AssertionError:  
 Verification failed getting parsing result as [ Invalid Date ] instead of [ Fri Feb 01 2019 00:00:00 GMT+0000 ] for Enter value is February , $$ , 2019 expected [true] but found [false]
at org.testng.Assert.fail(Assert.java:97)
at org.testng.Assert.failNotEquals(Assert.java:969)
at org.testng.Assert.assertTrue(Assert.java:43)
at test.propin.TestDateParsing.verifyDateParse(TestDateParsing.java:35)
at sun.reflect.GeneratedMethodAccessor3.invoke(Unknown Source)
at sun.reflect.DelegatingMethodAccessorImpl.invoke(DelegatingMethodAccessorImpl.java:43)
at java.lang.reflect.Method.invoke(Method.java:498)
at org.testng.internal.MethodInvocationHelper.invokeMethod(MethodInvocationHelper.java:134)
at org.testng.internal.TestInvoker.invokeMethod(TestInvoker.java:597)
at org.testng.internal.TestInvoker.invokeTestMethod(TestInvoker.java:173)
at org.testng.internal.MethodRunner.runInSequence(MethodRunner.java:46)
at org.testng.internal.TestInvoker$MethodInvocationAgent.invoke(TestInvoker.java:816)
at org.testng.internal.TestInvoker.invokeTestMethods(TestInvoker.java:146)
at org.testng.internal.TestMethodWorker.invokeTestMethods(TestMethodWorker.java:146)
at org.testng.internal.TestMethodWorker.run(TestMethodWorker.java:128)
at java.util.ArrayList.forEach(ArrayList.java:1257)
at org.testng.TestRunner.privateRun(TestRunner.java:766)
at org.testng.TestRunner.run(TestRunner.java:587)
at org.testng.SuiteRunner.runTest(SuiteRunner.java:384)
at org.testng.SuiteRunner.runSequentially(SuiteRunner.java:378)
at org.testng.SuiteRunner.privateRun(SuiteRunner.java:337)
at org.testng.SuiteRunner.run(SuiteRunner.java:286)
at org.testng.SuiteRunnerWorker.runSuite(SuiteRunnerWorker.java:53)
at org.testng.SuiteRunnerWorker.run(SuiteRunnerWorker.java:96)
at org.testng.TestNG.runSuitesSequentially(TestNG.java:1187)
at org.testng.TestNG.runSuitesLocally(TestNG.java:1109)
at org.testng.TestNG.runSuites(TestNG.java:1039)
at org.testng.TestNG.run(TestNG.java:1007)
at org.apache.maven.surefire.testng.TestNGExecutor.run(TestNGExecutor.java:283)
at org.apache.maven.surefire.testng.TestNGXmlTestSuite.execute(TestNGXmlTestSuite.java:75)
at org.apache.maven.surefire.testng.TestNGProvider.invoke(TestNGProvider.java:120)
at org.apache.maven.surefire.booter.ForkedBooter.invokeProviderInSameClassLoader(ForkedBooter.java:384)
at org.apache.maven.surefire.booter.ForkedBooter.runSuitesInProcess(ForkedBooter.java:345)
at org.apache.maven.surefire.booter.ForkedBooter.execute(ForkedBooter.java:126)
at org.apache.maven.surefire.booter.ForkedBooter.main(ForkedBooter.java:418)
]]>
    </failure>
  </testcase> <!-- verifyDateParse -->
  <system-out>
Enter data February , $$ , 2019
 Entered value as February , $$ , 2019
 Tap on Submit
 Submitted
 Verify that parsing result should shown as Invalid Date
  
 Verification failed getting parsing result as [ Invalid Date ] instead of [ Fri Feb 01 2019 00:00:00 GMT+0000 ] for Enter value is February , $$ , 2019
  </system-out>
  <testcase name="verifyDateParse" time="2.896" classname="test.propin.TestDateParsing"/>
  <system-out>
Enter data $$/02/2019
 Entered value as $$/02/2019
 Tap on Submit
 Submitted
 Verify that parsing result should shown as Invalid Date
  </system-out>
  <testcase name="verifyDateParse" time="2.875" classname="test.propin.TestDateParsing"/>
  <system-out>
Enter data 13/13/2019
 Entered value as 13/13/2019
 Tap on Submit
 Submitted
 Verify that parsing result should shown as Invalid Date
  </system-out>
  <testcase name="verifyDateParse" time="2.810" classname="test.propin.TestDateParsing">
    <failure type="java.lang.AssertionError" message=" 
 Verification failed getting parsing result as [ Invalid Date ] instead of [ Fri May 01 2009 00:00:00 GMT+0000 ] for Enter value is 2009, Apr 31 expected [true] but found [false]">
      <![CDATA[java.lang.AssertionError:  
 Verification failed getting parsing result as [ Invalid Date ] instead of [ Fri May 01 2009 00:00:00 GMT+0000 ] for Enter value is 2009, Apr 31 expected [true] but found [false]
at org.testng.Assert.fail(Assert.java:97)
at org.testng.Assert.failNotEquals(Assert.java:969)
at org.testng.Assert.assertTrue(Assert.java:43)
at test.propin.TestDateParsing.verifyDateParse(TestDateParsing.java:35)
at sun.reflect.GeneratedMethodAccessor3.invoke(Unknown Source)
at sun.reflect.DelegatingMethodAccessorImpl.invoke(DelegatingMethodAccessorImpl.java:43)
at java.lang.reflect.Method.invoke(Method.java:498)
at org.testng.internal.MethodInvocationHelper.invokeMethod(MethodInvocationHelper.java:134)
at org.testng.internal.TestInvoker.invokeMethod(TestInvoker.java:597)
at org.testng.internal.TestInvoker.invokeTestMethod(TestInvoker.java:173)
at org.testng.internal.MethodRunner.runInSequence(MethodRunner.java:46)
at org.testng.internal.TestInvoker$MethodInvocationAgent.invoke(TestInvoker.java:816)
at org.testng.internal.TestInvoker.invokeTestMethods(TestInvoker.java:146)
at org.testng.internal.TestMethodWorker.invokeTestMethods(TestMethodWorker.java:146)
at org.testng.internal.TestMethodWorker.run(TestMethodWorker.java:128)
at java.util.ArrayList.forEach(ArrayList.java:1257)
at org.testng.TestRunner.privateRun(TestRunner.java:766)
at org.testng.TestRunner.run(TestRunner.java:587)
at org.testng.SuiteRunner.runTest(SuiteRunner.java:384)
at org.testng.SuiteRunner.runSequentially(SuiteRunner.java:378)
at org.testng.SuiteRunner.privateRun(SuiteRunner.java:337)
at org.testng.SuiteRunner.run(SuiteRunner.java:286)
at org.testng.SuiteRunnerWorker.runSuite(SuiteRunnerWorker.java:53)
at org.testng.SuiteRunnerWorker.run(SuiteRunnerWorker.java:96)
at org.testng.TestNG.runSuitesSequentially(TestNG.java:1187)
at org.testng.TestNG.runSuitesLocally(TestNG.java:1109)
at org.testng.TestNG.runSuites(TestNG.java:1039)
at org.testng.TestNG.run(TestNG.java:1007)
at org.apache.maven.surefire.testng.TestNGExecutor.run(TestNGExecutor.java:283)
at org.apache.maven.surefire.testng.TestNGXmlTestSuite.execute(TestNGXmlTestSuite.java:75)
at org.apache.maven.surefire.testng.TestNGProvider.invoke(TestNGProvider.java:120)
at org.apache.maven.surefire.booter.ForkedBooter.invokeProviderInSameClassLoader(ForkedBooter.java:384)
at org.apache.maven.surefire.booter.ForkedBooter.runSuitesInProcess(ForkedBooter.java:345)
at org.apache.maven.surefire.booter.ForkedBooter.execute(ForkedBooter.java:126)
at org.apache.maven.surefire.booter.ForkedBooter.main(ForkedBooter.java:418)
]]>
    </failure>
  </testcase> <!-- verifyDateParse -->
  <system-out>
Enter data 2009, Apr 31
 Entered value as 2009, Apr 31
 Tap on Submit
 Submitted
 Verify that parsing result should shown as Invalid Date
  
 Verification failed getting parsing result as [ Invalid Date ] instead of [ Fri May 01 2009 00:00:00 GMT+0000 ] for Enter value is 2009, Apr 31
  </system-out>
  <testcase name="verifyDateParse" time="2.910" classname="test.propin.TestDateParsing"/>
  <system-out>
Enter data 2009 14 17
 Entered value as 2009 14 17
 Tap on Submit
 Submitted
 Verify that parsing result should shown as Invalid Date
  </system-out>
  <testcase name="verifyDateParse" time="2.786" classname="test.propin.TestDateParsing"/>
  <system-out>
Enter data 0002 Dec 02
 Entered value as 0002 Dec 02
 Tap on Submit
 Submitted
 Verify that parsing result should shown as Mon Dec 02 2002 00:00:00 GMT+0000
  </system-out>
  <testcase name="verifyDateParse" time="2.837" classname="test.propin.TestDateParsing"/>
  <system-out>
Enter data Feb 17 2009
 Entered value as Feb 17 2009
 Tap on Submit
 Submitted
 Verify that parsing result should shown as Tue Feb 17 2009 00:00:00 GMT+0000
  </system-out>
  <testcase name="verifyDateParse" time="3.091" classname="test.propin.TestDateParsing"/>
  <system-out>
Enter data 02 Dec, 0002
 Entered value as 02 Dec, 0002
 Tap on Submit
 Submitted
 Verify that parsing result should shown as Mon Dec 02 2002 00:00:00 GMT+0000
  </system-out>
  <testcase name="verifyDateParse" time="2.838" classname="test.propin.TestDateParsing"/>
  <system-out>
Enter data 13/13/2019
 Entered value as 13/13/2019
 Tap on Submit
 Submitted
 Verify that parsing result should shown as Invalid Date
  </system-out>
</testsuite> <!-- test.propin.TestDateParsing -->
